Detected kernel version 4.18.0, which is below the recommended minimum of 5.5.0; this can cause the process to hang. It is recommended to upgrade the kernel to the minimum version or higher.
[[34m2025-04-28 10:39:24[0m] Experiment directory created at runs/BTFF_g15_s321
[[34m2025-04-28 10:39:24[0m] Generating training/validation datasets...
[[34m2025-04-28 10:39:24[0m] range(0, 15)
[[34m2025-04-28 10:39:24[0m] Generating test dataset (OOD)...
[[34m2025-04-28 10:39:24[0m] range(15, 100)
wandb: Using wandb-core as the SDK backend.  Please refer to https://wandb.me/wandb-core for more information.
wandb: Currently logged in as: elder-veliz (elder-veliz-yale-university) to https://api.wandb.ai. Use `wandb login --relogin` to force relogin
wandb: Tracking run with wandb version 0.19.9
wandb: Run data is saved locally in /vast/palmer/home.grace/sds685_egv6/SNDS492/FINAL/wandb/run-20250428_103924-6wgmwv82
wandb: Run `wandb offline` to turn off syncing.
wandb: Syncing run BTFF_g15_s321
wandb: ⭐️ View project at https://wandb.ai/elder-veliz-yale-university/kuramoto-relational-model
wandb: 🚀 View run at https://wandb.ai/elder-veliz-yale-university/kuramoto-relational-model/runs/6wgmwv82
[[34m2025-04-28 10:39:25[0m] Initializing model and optimizer...
[[34m2025-04-28 10:39:25[0m] Total trainable parameters: 47729
[[34m2025-04-28 10:39:25[0m] Start training for 50 epochs
[[34m2025-04-28 10:39:26[0m] 
Epoch 1/50 |    0.9s
train loss:0.6895 | acc:0.5495
val   loss:0.6942 | acc:0.5100
[[34m2025-04-28 10:39:26[0m] 
Epoch 2/50 |    0.3s
train loss:0.6828 | acc:0.6085
val   loss:0.6737 | acc:0.6600
[[34m2025-04-28 10:39:27[0m] 
Epoch 3/50 |    0.9s
train loss:0.6614 | acc:0.6800
val   loss:0.6397 | acc:0.7500
[[34m2025-04-28 10:39:27[0m] 
Epoch 4/50 |    0.3s
train loss:0.6230 | acc:0.7130
val   loss:0.5676 | acc:0.7900
[[34m2025-04-28 10:39:28[0m] 
Epoch 5/50 |    0.3s
train loss:0.5807 | acc:0.7200
val   loss:0.5264 | acc:0.7400
[[34m2025-04-28 10:39:28[0m] 
Epoch 6/50 |    0.3s
train loss:0.5327 | acc:0.7515
val   loss:0.5026 | acc:0.7800
[[34m2025-04-28 10:39:28[0m] 
Epoch 7/50 |    0.3s
train loss:0.5022 | acc:0.7580
val   loss:0.4827 | acc:0.8100
[[34m2025-04-28 10:39:28[0m] 
Epoch 8/50 |    0.3s
train loss:0.4631 | acc:0.8000
val   loss:0.4291 | acc:0.8200
[[34m2025-04-28 10:39:29[0m] 
Epoch 9/50 |    0.3s
train loss:0.4396 | acc:0.8020
val   loss:0.4257 | acc:0.8200
[[34m2025-04-28 10:39:29[0m] 
Epoch 10/50 |    0.3s
train loss:0.4072 | acc:0.8350
val   loss:0.3657 | acc:0.9000
[[34m2025-04-28 10:39:29[0m] 
Epoch 11/50 |    0.3s
train loss:0.3643 | acc:0.8600
val   loss:0.3071 | acc:0.8800
[[34m2025-04-28 10:39:30[0m] 
Epoch 12/50 |    0.3s
train loss:0.3493 | acc:0.8575
val   loss:0.3484 | acc:0.8600
[[34m2025-04-28 10:39:30[0m] 
Epoch 13/50 |    0.3s
train loss:0.3106 | acc:0.8805
val   loss:0.3057 | acc:0.9100
[[34m2025-04-28 10:39:30[0m] 
Epoch 14/50 |    0.3s
train loss:0.2826 | acc:0.8965
val   loss:0.2889 | acc:0.8900
[[34m2025-04-28 10:39:31[0m] 
Epoch 15/50 |    0.3s
train loss:0.2576 | acc:0.9090
val   loss:0.2130 | acc:0.9300
[[34m2025-04-28 10:39:31[0m] 
Epoch 16/50 |    0.3s
train loss:0.2330 | acc:0.9235
val   loss:0.1609 | acc:0.9600
[[34m2025-04-28 10:39:31[0m] 
Epoch 17/50 |    0.3s
train loss:0.2016 | acc:0.9415
val   loss:0.2125 | acc:0.9300
[[34m2025-04-28 10:39:31[0m] 
Epoch 18/50 |    0.3s
train loss:0.1906 | acc:0.9400
val   loss:0.2131 | acc:0.9300
[[34m2025-04-28 10:39:32[0m] 
Epoch 19/50 |    0.3s
train loss:0.1950 | acc:0.9310
val   loss:0.1915 | acc:0.9500
[[34m2025-04-28 10:39:32[0m] 
Epoch 20/50 |    0.3s
train loss:0.1620 | acc:0.9530
val   loss:0.1534 | acc:0.9600
[[34m2025-04-28 10:39:32[0m] 
Epoch 21/50 |    0.3s
train loss:0.1518 | acc:0.9555
val   loss:0.1769 | acc:0.9500
[[34m2025-04-28 10:39:33[0m] 
Epoch 22/50 |    0.3s
train loss:0.1367 | acc:0.9615
val   loss:0.0957 | acc:0.9800
[[34m2025-04-28 10:39:33[0m] 
Epoch 23/50 |    0.3s
train loss:0.1113 | acc:0.9685
val   loss:0.1249 | acc:0.9800
[[34m2025-04-28 10:39:33[0m] 
Epoch 24/50 |    0.3s
train loss:0.1089 | acc:0.9735
val   loss:0.1068 | acc:0.9700
[[34m2025-04-28 10:39:33[0m] 
Epoch 25/50 |    0.3s
train loss:0.0904 | acc:0.9785
val   loss:0.0748 | acc:0.9800
[[34m2025-04-28 10:39:34[0m] 
New best model saved at epoch 26 with validation accuracy 0.9800
[[34m2025-04-28 10:39:34[0m] 
Epoch 26/50 |    0.3s
train loss:0.0805 | acc:0.9815
val   loss:0.0900 | acc:0.9800
[[34m2025-04-28 10:39:34[0m] 
New best model saved at epoch 27 with validation accuracy 0.9900
[[34m2025-04-28 10:39:34[0m] 
Epoch 27/50 |    0.3s
train loss:0.0773 | acc:0.9785
val   loss:0.0790 | acc:0.9900
[[34m2025-04-28 10:39:34[0m] 
New best model saved at epoch 28 with validation accuracy 1.0000
[[34m2025-04-28 10:39:34[0m] 
Epoch 28/50 |    0.3s
train loss:0.0787 | acc:0.9835
val   loss:0.0519 | acc:1.0000
[[34m2025-04-28 10:39:35[0m] 
Epoch 29/50 |    0.3s
train loss:0.0635 | acc:0.9865
val   loss:0.0449 | acc:0.9900
[[34m2025-04-28 10:39:35[0m] 
Epoch 30/50 |    0.3s
train loss:0.0604 | acc:0.9860
val   loss:0.0467 | acc:1.0000
[[34m2025-04-28 10:39:35[0m] 
Epoch 31/50 |    0.3s
train loss:0.0567 | acc:0.9915
val   loss:0.0432 | acc:1.0000
[[34m2025-04-28 10:39:36[0m] 
Epoch 32/50 |    0.3s
train loss:0.0507 | acc:0.9905
val   loss:0.0396 | acc:1.0000
[[34m2025-04-28 10:39:36[0m] 
Epoch 33/50 |    0.3s
train loss:0.0483 | acc:0.9915
val   loss:0.0408 | acc:0.9900
[[34m2025-04-28 10:39:36[0m] 
Epoch 34/50 |    0.3s
train loss:0.0528 | acc:0.9900
val   loss:0.0322 | acc:1.0000
[[34m2025-04-28 10:39:36[0m] 
Epoch 35/50 |    0.3s
train loss:0.0480 | acc:0.9895
val   loss:0.0355 | acc:1.0000
[[34m2025-04-28 10:39:37[0m] 
Epoch 36/50 |    0.3s
train loss:0.0419 | acc:0.9920
val   loss:0.0435 | acc:0.9900
[[34m2025-04-28 10:39:37[0m] 
Epoch 37/50 |    0.3s
train loss:0.0371 | acc:0.9945
val   loss:0.0302 | acc:1.0000
[[34m2025-04-28 10:39:37[0m] 
Epoch 38/50 |    0.3s
train loss:0.0386 | acc:0.9920
val   loss:0.0250 | acc:1.0000
[[34m2025-04-28 10:39:38[0m] 
Epoch 39/50 |    0.3s
train loss:0.0303 | acc:0.9975
val   loss:0.0258 | acc:1.0000
[[34m2025-04-28 10:39:38[0m] 
Epoch 40/50 |    0.3s
train loss:0.0301 | acc:0.9960
val   loss:0.0349 | acc:1.0000
[[34m2025-04-28 10:39:38[0m] 
Epoch 41/50 |    0.3s
train loss:0.0316 | acc:0.9960
val   loss:0.0282 | acc:1.0000
[[34m2025-04-28 10:39:38[0m] 
Epoch 42/50 |    0.3s
train loss:0.0314 | acc:0.9960
val   loss:0.0272 | acc:1.0000
[[34m2025-04-28 10:39:39[0m] 
Epoch 43/50 |    0.3s
train loss:0.0270 | acc:0.9975
val   loss:0.0240 | acc:1.0000
[[34m2025-04-28 10:39:39[0m] 
Epoch 44/50 |    0.3s
train loss:0.0302 | acc:0.9960
val   loss:0.0352 | acc:0.9900
[[34m2025-04-28 10:39:39[0m] 
Epoch 45/50 |    0.3s
train loss:0.0292 | acc:0.9965
val   loss:0.0236 | acc:1.0000
[[34m2025-04-28 10:39:40[0m] 
Epoch 46/50 |    0.3s
train loss:0.0256 | acc:0.9980
val   loss:0.0264 | acc:1.0000
[[34m2025-04-28 10:39:40[0m] 
Epoch 47/50 |    0.3s
train loss:0.0289 | acc:0.9975
val   loss:0.0240 | acc:1.0000
[[34m2025-04-28 10:39:40[0m] 
Epoch 48/50 |    0.3s
train loss:0.0266 | acc:0.9985
val   loss:0.0280 | acc:1.0000
[[34m2025-04-28 10:39:40[0m] 
Epoch 49/50 |    0.3s
train loss:0.0256 | acc:0.9985
val   loss:0.0402 | acc:1.0000
[[34m2025-04-28 10:39:41[0m] 
Epoch 50/50 |    0.3s
train loss:0.0268 | acc:0.9970
val   loss:0.0312 | acc:0.9900
[[34m2025-04-28 10:39:42[0m] 
 S/D test loss=0.5751 | acc=0.8179
wandb: WARNING The `quiet` argument to `wandb.run.finish()` is deprecated, use `wandb.Settings(quiet=...)` to set this instead.
wandb:                                                                                
wandb: 
wandb: Run history:
wandb:           epoch ▁▁▁▁▂▂▂▂▂▂▃▃▃▃▃▄▄▄▄▄▅▅▅▅▅▆▆▆▆▆▆▇▇▇▇▇▇███
wandb:        test/acc ▁
wandb:  test/batch_acc ▁
wandb: test/batch_loss ▁
wandb:       test/loss ▁
wandb:       train/acc ▁▂▃▄▄▄▅▅▅▆▆▇▇▇▇▇▇███████████████████████
wandb:      train/loss ███▇▆▆▅▅▄▄▃▃▃▃▃▂▂▂▂▂▂▂▁▁▁▁▁▁▁▁▁▁▁▁▁▁▁▁▁▁
wandb:         val/acc ▁▃▄▅▄▅▅▅▇▆▆▇▇▇▇▇▇███████████████████████
wandb:        val/loss ██▇▇▆▅▅▅▄▄▄▃▂▃▃▂▂▂▂▂▂▁▁▁▁▁▁▁▁▁▁▁▁▁▁▁▁▁▁▁
wandb: 
wandb: Run summary:
wandb:           epoch 49
wandb:        test/acc 0.8179
wandb:  test/batch_acc 0.79688
wandb: test/batch_loss 0.74326
wandb:       test/loss 0.57511
wandb:       train/acc 0.997
wandb:      train/loss 0.02678
wandb:         val/acc 0.99
wandb:        val/loss 0.0312
wandb: 
wandb: 🚀 View run BTFF_g15_s321 at: https://wandb.ai/elder-veliz-yale-university/kuramoto-relational-model/runs/6wgmwv82
wandb: ⭐️ View project at: https://wandb.ai/elder-veliz-yale-university/kuramoto-relational-model
wandb: Synced 5 W&B file(s), 1 media file(s), 0 artifact file(s) and 0 other file(s)
wandb: Find logs at: ./wandb/run-20250428_103924-6wgmwv82/logs
