Detected kernel version 4.18.0, which is below the recommended minimum of 5.5.0; this can cause the process to hang. It is recommended to upgrade the kernel to the minimum version or higher.
[[34m2025-04-28 10:39:34[0m] Experiment directory created at runs/BTFF_g15_s42
[[34m2025-04-28 10:39:34[0m] Generating training/validation datasets...
[[34m2025-04-28 10:39:34[0m] range(0, 15)
[[34m2025-04-28 10:39:34[0m] Generating test dataset (OOD)...
[[34m2025-04-28 10:39:34[0m] range(15, 100)
wandb: Using wandb-core as the SDK backend.  Please refer to https://wandb.me/wandb-core for more information.
wandb: Currently logged in as: elder-veliz (elder-veliz-yale-university) to https://api.wandb.ai. Use `wandb login --relogin` to force relogin
wandb: Tracking run with wandb version 0.19.9
wandb: Run data is saved locally in /vast/palmer/home.grace/sds685_egv6/SNDS492/FINAL/wandb/run-20250428_103934-557v9b05
wandb: Run `wandb offline` to turn off syncing.
wandb: Syncing run BTFF_g15_s42
wandb: ⭐️ View project at https://wandb.ai/elder-veliz-yale-university/kuramoto-relational-model
wandb: 🚀 View run at https://wandb.ai/elder-veliz-yale-university/kuramoto-relational-model/runs/557v9b05
[[34m2025-04-28 10:39:35[0m] Initializing model and optimizer...
[[34m2025-04-28 10:39:35[0m] Total trainable parameters: 47729
[[34m2025-04-28 10:39:35[0m] Start training for 50 epochs
[[34m2025-04-28 10:39:36[0m] 
Epoch 1/50 |    0.9s
train loss:0.6865 | acc:0.5460
val   loss:0.6803 | acc:0.6600
[[34m2025-04-28 10:39:36[0m] 
Epoch 2/50 |    0.3s
train loss:0.6660 | acc:0.6615
val   loss:0.6579 | acc:0.6800
[[34m2025-04-28 10:39:37[0m] 
Epoch 3/50 |    0.8s
train loss:0.6271 | acc:0.7020
val   loss:0.5735 | acc:0.7800
[[34m2025-04-28 10:39:37[0m] 
Epoch 4/50 |    0.3s
train loss:0.6000 | acc:0.6950
val   loss:0.5825 | acc:0.7300
[[34m2025-04-28 10:39:38[0m] 
Epoch 5/50 |    0.3s
train loss:0.5720 | acc:0.7090
val   loss:0.5404 | acc:0.7400
[[34m2025-04-28 10:39:38[0m] 
Epoch 6/50 |    0.3s
train loss:0.5194 | acc:0.7450
val   loss:0.4808 | acc:0.7600
[[34m2025-04-28 10:39:38[0m] 
Epoch 7/50 |    0.3s
train loss:0.4917 | acc:0.7555
val   loss:0.4588 | acc:0.8000
[[34m2025-04-28 10:39:38[0m] 
Epoch 8/50 |    0.3s
train loss:0.4673 | acc:0.7735
val   loss:0.4559 | acc:0.7600
[[34m2025-04-28 10:39:39[0m] 
Epoch 9/50 |    0.3s
train loss:0.4539 | acc:0.7855
val   loss:0.4076 | acc:0.8500
[[34m2025-04-28 10:39:39[0m] 
Epoch 10/50 |    0.3s
train loss:0.4307 | acc:0.8015
val   loss:0.3775 | acc:0.8500
[[34m2025-04-28 10:39:39[0m] 
Epoch 11/50 |    0.3s
train loss:0.3808 | acc:0.8415
val   loss:0.3661 | acc:0.8800
[[34m2025-04-28 10:39:40[0m] 
Epoch 12/50 |    0.3s
train loss:0.3518 | acc:0.8745
val   loss:0.3005 | acc:0.8900
[[34m2025-04-28 10:39:40[0m] 
Epoch 13/50 |    0.3s
train loss:0.3207 | acc:0.8790
val   loss:0.3008 | acc:0.8800
[[34m2025-04-28 10:39:40[0m] 
Epoch 14/50 |    0.3s
train loss:0.3071 | acc:0.8860
val   loss:0.2882 | acc:0.9100
[[34m2025-04-28 10:39:40[0m] 
Epoch 15/50 |    0.3s
train loss:0.2901 | acc:0.8905
val   loss:0.2914 | acc:0.9000
[[34m2025-04-28 10:39:41[0m] 
Epoch 16/50 |    0.3s
train loss:0.2538 | acc:0.9185
val   loss:0.2826 | acc:0.8900
[[34m2025-04-28 10:39:41[0m] 
Epoch 17/50 |    0.3s
train loss:0.2535 | acc:0.9080
val   loss:0.1972 | acc:0.9700
[[34m2025-04-28 10:39:41[0m] 
Epoch 18/50 |    0.3s
train loss:0.2330 | acc:0.9190
val   loss:0.1808 | acc:0.9300
[[34m2025-04-28 10:39:41[0m] 
Epoch 19/50 |    0.3s
train loss:0.2138 | acc:0.9275
val   loss:0.1840 | acc:0.9400
[[34m2025-04-28 10:39:42[0m] 
Epoch 20/50 |    0.3s
train loss:0.1971 | acc:0.9375
val   loss:0.2662 | acc:0.9200
[[34m2025-04-28 10:39:42[0m] 
Epoch 21/50 |    0.3s
train loss:0.1849 | acc:0.9440
val   loss:0.1757 | acc:0.9700
[[34m2025-04-28 10:39:42[0m] 
Epoch 22/50 |    0.3s
train loss:0.1669 | acc:0.9490
val   loss:0.1417 | acc:0.9600
[[34m2025-04-28 10:39:43[0m] 
Epoch 23/50 |    0.3s
train loss:0.1590 | acc:0.9485
val   loss:0.1182 | acc:0.9600
[[34m2025-04-28 10:39:43[0m] 
Epoch 24/50 |    0.3s
train loss:0.1541 | acc:0.9525
val   loss:0.0998 | acc:0.9800
[[34m2025-04-28 10:39:43[0m] 
Epoch 25/50 |    0.3s
train loss:0.1328 | acc:0.9595
val   loss:0.1125 | acc:0.9700
[[34m2025-04-28 10:39:43[0m] 
New best model saved at epoch 26 with validation accuracy 0.9700
[[34m2025-04-28 10:39:43[0m] 
Epoch 26/50 |    0.3s
train loss:0.1261 | acc:0.9615
val   loss:0.1111 | acc:0.9700
[[34m2025-04-28 10:39:44[0m] 
New best model saved at epoch 27 with validation accuracy 0.9800
[[34m2025-04-28 10:39:44[0m] 
Epoch 27/50 |    0.3s
train loss:0.1197 | acc:0.9655
val   loss:0.0938 | acc:0.9800
[[34m2025-04-28 10:39:44[0m] 
Epoch 28/50 |    0.3s
train loss:0.1183 | acc:0.9640
val   loss:0.0916 | acc:0.9700
[[34m2025-04-28 10:39:44[0m] 
New best model saved at epoch 29 with validation accuracy 1.0000
[[34m2025-04-28 10:39:44[0m] 
Epoch 29/50 |    0.3s
train loss:0.0963 | acc:0.9750
val   loss:0.0607 | acc:1.0000
[[34m2025-04-28 10:39:45[0m] 
Epoch 30/50 |    0.3s
train loss:0.0953 | acc:0.9750
val   loss:0.0803 | acc:0.9600
[[34m2025-04-28 10:39:45[0m] 
Epoch 31/50 |    0.3s
train loss:0.0902 | acc:0.9745
val   loss:0.0648 | acc:1.0000
[[34m2025-04-28 10:39:45[0m] 
Epoch 32/50 |    0.3s
train loss:0.0838 | acc:0.9825
val   loss:0.0684 | acc:0.9900
[[34m2025-04-28 10:39:45[0m] 
Epoch 33/50 |    0.3s
train loss:0.0753 | acc:0.9875
val   loss:0.1057 | acc:0.9600
[[34m2025-04-28 10:39:46[0m] 
Epoch 34/50 |    0.3s
train loss:0.0750 | acc:0.9850
val   loss:0.0571 | acc:1.0000
[[34m2025-04-28 10:39:46[0m] 
Epoch 35/50 |    0.3s
train loss:0.0723 | acc:0.9870
val   loss:0.0568 | acc:0.9900
[[34m2025-04-28 10:39:46[0m] 
Epoch 36/50 |    0.3s
train loss:0.0690 | acc:0.9845
val   loss:0.0668 | acc:0.9800
[[34m2025-04-28 10:39:47[0m] 
Epoch 37/50 |    0.3s
train loss:0.0620 | acc:0.9895
val   loss:0.0461 | acc:1.0000
[[34m2025-04-28 10:39:47[0m] 
Epoch 38/50 |    0.3s
train loss:0.0555 | acc:0.9905
val   loss:0.0580 | acc:0.9900
[[34m2025-04-28 10:39:47[0m] 
Epoch 39/50 |    0.3s
train loss:0.0596 | acc:0.9875
val   loss:0.0406 | acc:0.9900
[[34m2025-04-28 10:39:47[0m] 
Epoch 40/50 |    0.3s
train loss:0.0494 | acc:0.9900
val   loss:0.0506 | acc:1.0000
[[34m2025-04-28 10:39:48[0m] 
Epoch 41/50 |    0.3s
train loss:0.0534 | acc:0.9910
val   loss:0.0478 | acc:0.9900
[[34m2025-04-28 10:39:48[0m] 
Epoch 42/50 |    0.3s
train loss:0.0509 | acc:0.9905
val   loss:0.0379 | acc:1.0000
[[34m2025-04-28 10:39:48[0m] 
Epoch 43/50 |    0.3s
train loss:0.0512 | acc:0.9915
val   loss:0.0383 | acc:0.9900
[[34m2025-04-28 10:39:48[0m] 
Epoch 44/50 |    0.3s
train loss:0.0467 | acc:0.9930
val   loss:0.0332 | acc:1.0000
[[34m2025-04-28 10:39:49[0m] 
Epoch 45/50 |    0.3s
train loss:0.0461 | acc:0.9930
val   loss:0.0404 | acc:1.0000
[[34m2025-04-28 10:39:49[0m] 
Epoch 46/50 |    0.3s
train loss:0.0477 | acc:0.9905
val   loss:0.0344 | acc:1.0000
[[34m2025-04-28 10:39:49[0m] 
Epoch 47/50 |    0.3s
train loss:0.0429 | acc:0.9935
val   loss:0.0407 | acc:1.0000
[[34m2025-04-28 10:39:50[0m] 
Epoch 48/50 |    0.3s
train loss:0.0483 | acc:0.9915
val   loss:0.0353 | acc:1.0000
[[34m2025-04-28 10:39:50[0m] 
Epoch 49/50 |    0.3s
train loss:0.0436 | acc:0.9945
val   loss:0.0340 | acc:1.0000
[[34m2025-04-28 10:39:50[0m] 
Epoch 50/50 |    0.3s
train loss:0.0436 | acc:0.9930
val   loss:0.0479 | acc:1.0000
[[34m2025-04-28 10:39:52[0m] 
 S/D test loss=0.5988 | acc=0.7985
wandb: WARNING The `quiet` argument to `wandb.run.finish()` is deprecated, use `wandb.Settings(quiet=...)` to set this instead.
wandb:                                                                                
wandb: 
wandb: Run history:
wandb:           epoch ▁▁▁▁▂▂▂▂▂▂▃▃▃▃▄▄▄▄▄▄▅▅▅▅▅▆▆▆▆▆▆▇▇▇▇▇▇███
wandb:        test/acc ▁
wandb:  test/batch_acc ▁
wandb: test/batch_loss ▁
wandb:       test/loss ▁
wandb:       train/acc ▁▃▃▄▄▅▅▅▆▆▆▆▇▇▇▇▇▇▇▇████████████████████
wandb:      train/loss ██▇▇▇▆▆▅▅▅▄▄▄▃▃▃▃▃▂▂▂▂▂▂▂▁▁▁▁▁▁▁▁▁▁▁▁▁▁▁
wandb:         val/acc ▁▁▃▂▃▄▃▅▅▆▆▆▆▆▇▇▆▇▇▇▇▇█▇██▇█████████████
wandb:        val/loss █▇▇▆▆▅▅▅▄▄▄▄▃▃▃▃▂▂▂▂▂▂▁▁▁▂▁▁▁▁▁▁▁▁▁▁▁▁▁▁
wandb: 
wandb: Run summary:
wandb:           epoch 49
wandb:        test/acc 0.7985
wandb:  test/batch_acc 0.76562
wandb: test/batch_loss 0.66603
wandb:       test/loss 0.59885
wandb:       train/acc 0.993
wandb:      train/loss 0.04358
wandb:         val/acc 1
wandb:        val/loss 0.04789
wandb: 
wandb: 🚀 View run BTFF_g15_s42 at: https://wandb.ai/elder-veliz-yale-university/kuramoto-relational-model/runs/557v9b05
wandb: ⭐️ View project at: https://wandb.ai/elder-veliz-yale-university/kuramoto-relational-model
wandb: Synced 5 W&B file(s), 1 media file(s), 0 artifact file(s) and 0 other file(s)
wandb: Find logs at: ./wandb/run-20250428_103934-557v9b05/logs
