Detected kernel version 4.18.0, which is below the recommended minimum of 5.5.0; this can cause the process to hang. It is recommended to upgrade the kernel to the minimum version or higher.
[[34m2025-04-28 10:42:22[0m] Experiment directory created at runs/BTFF_g95_s319
[[34m2025-04-28 10:42:22[0m] Generating training/validation datasets...
[[34m2025-04-28 10:42:22[0m] range(0, 95)
[[34m2025-04-28 10:42:22[0m] Generating test dataset (OOD)...
[[34m2025-04-28 10:42:22[0m] range(95, 100)
wandb: Using wandb-core as the SDK backend.  Please refer to https://wandb.me/wandb-core for more information.
wandb: Currently logged in as: elder-veliz (elder-veliz-yale-university) to https://api.wandb.ai. Use `wandb login --relogin` to force relogin
wandb: Tracking run with wandb version 0.19.9
wandb: Run data is saved locally in /vast/palmer/home.grace/sds685_egv6/SNDS492/FINAL/wandb/run-20250428_104222-lfl6pwyb
wandb: Run `wandb offline` to turn off syncing.
wandb: Syncing run BTFF_g95_s319
wandb: ⭐️ View project at https://wandb.ai/elder-veliz-yale-university/kuramoto-relational-model
wandb: 🚀 View run at https://wandb.ai/elder-veliz-yale-university/kuramoto-relational-model/runs/lfl6pwyb
[[34m2025-04-28 10:42:23[0m] Initializing model and optimizer...
[[34m2025-04-28 10:42:23[0m] Total trainable parameters: 47729
[[34m2025-04-28 10:42:23[0m] Start training for 50 epochs
[[34m2025-04-28 10:42:24[0m] 
Epoch 1/50 |    1.0s
train loss:0.7070 | acc:0.5385
val   loss:0.6801 | acc:0.6600
[[34m2025-04-28 10:42:25[0m] 
Epoch 2/50 |    0.9s
train loss:0.6456 | acc:0.6907
val   loss:0.6124 | acc:0.7700
[[34m2025-04-28 10:42:25[0m] 
Epoch 3/50 |    0.4s
train loss:0.5680 | acc:0.7472
val   loss:0.5669 | acc:0.6600
[[34m2025-04-28 10:42:26[0m] 
Epoch 4/50 |    0.4s
train loss:0.5059 | acc:0.7658
val   loss:0.5075 | acc:0.7700
[[34m2025-04-28 10:42:26[0m] 
Epoch 5/50 |    0.4s
train loss:0.4624 | acc:0.7903
val   loss:0.5586 | acc:0.6800
[[34m2025-04-28 10:42:27[0m] 
Epoch 6/50 |    0.4s
train loss:0.4328 | acc:0.8047
val   loss:0.4454 | acc:0.8200
[[34m2025-04-28 10:42:27[0m] 
Epoch 7/50 |    0.4s
train loss:0.4003 | acc:0.8323
val   loss:0.4833 | acc:0.7800
[[34m2025-04-28 10:42:28[0m] 
Epoch 8/50 |    0.4s
train loss:0.3669 | acc:0.8475
val   loss:0.3289 | acc:0.8800
[[34m2025-04-28 10:42:28[0m] 
Epoch 9/50 |    0.4s
train loss:0.3282 | acc:0.8635
val   loss:0.3729 | acc:0.8100
[[34m2025-04-28 10:42:28[0m] 
Epoch 10/50 |    0.4s
train loss:0.3064 | acc:0.8782
val   loss:0.3379 | acc:0.8500
[[34m2025-04-28 10:42:29[0m] 
Epoch 11/50 |    0.4s
train loss:0.2921 | acc:0.8865
val   loss:0.3807 | acc:0.8300
[[34m2025-04-28 10:42:29[0m] 
Epoch 12/50 |    0.4s
train loss:0.2731 | acc:0.8938
val   loss:0.3180 | acc:0.8600
[[34m2025-04-28 10:42:30[0m] 
Epoch 13/50 |    0.4s
train loss:0.2583 | acc:0.8958
val   loss:0.3390 | acc:0.8300
[[34m2025-04-28 10:42:30[0m] 
Epoch 14/50 |    0.4s
train loss:0.2518 | acc:0.8998
val   loss:0.2994 | acc:0.8700
[[34m2025-04-28 10:42:30[0m] 
Epoch 15/50 |    0.4s
train loss:0.2228 | acc:0.9113
val   loss:0.2547 | acc:0.9200
[[34m2025-04-28 10:42:31[0m] 
Epoch 16/50 |    0.4s
train loss:0.2206 | acc:0.9147
val   loss:0.2918 | acc:0.8500
[[34m2025-04-28 10:42:31[0m] 
Epoch 17/50 |    0.4s
train loss:0.2133 | acc:0.9150
val   loss:0.2634 | acc:0.8800
[[34m2025-04-28 10:42:32[0m] 
Epoch 18/50 |    0.4s
train loss:0.2069 | acc:0.9167
val   loss:0.2574 | acc:0.9100
[[34m2025-04-28 10:42:32[0m] 
Epoch 19/50 |    0.4s
train loss:0.1863 | acc:0.9270
val   loss:0.2652 | acc:0.8900
[[34m2025-04-28 10:42:33[0m] 
Epoch 20/50 |    0.4s
train loss:0.2101 | acc:0.9203
val   loss:0.2867 | acc:0.8800
[[34m2025-04-28 10:42:33[0m] 
Epoch 21/50 |    0.4s
train loss:0.1706 | acc:0.9400
val   loss:0.1948 | acc:0.9400
[[34m2025-04-28 10:42:33[0m] 
Epoch 22/50 |    0.4s
train loss:0.1738 | acc:0.9305
val   loss:0.2376 | acc:0.8900
[[34m2025-04-28 10:42:34[0m] 
Epoch 23/50 |    0.4s
train loss:0.1879 | acc:0.9285
val   loss:0.1941 | acc:0.9400
[[34m2025-04-28 10:42:34[0m] 
Epoch 24/50 |    0.4s
train loss:0.1523 | acc:0.9487
val   loss:0.1956 | acc:0.9300
[[34m2025-04-28 10:42:35[0m] 
Epoch 25/50 |    0.4s
train loss:0.1517 | acc:0.9443
val   loss:0.2253 | acc:0.9100
[[34m2025-04-28 10:42:35[0m] 
New best model saved at epoch 26 with validation accuracy 0.9000
[[34m2025-04-28 10:42:35[0m] 
Epoch 26/50 |    0.4s
train loss:0.1491 | acc:0.9460
val   loss:0.2326 | acc:0.9000
[[34m2025-04-28 10:42:36[0m] 
New best model saved at epoch 27 with validation accuracy 0.9400
[[34m2025-04-28 10:42:36[0m] 
Epoch 27/50 |    0.4s
train loss:0.1445 | acc:0.9497
val   loss:0.1537 | acc:0.9400
[[34m2025-04-28 10:42:36[0m] 
Epoch 28/50 |    0.4s
train loss:0.1395 | acc:0.9510
val   loss:0.2149 | acc:0.9200
[[34m2025-04-28 10:42:36[0m] 
Epoch 29/50 |    0.4s
train loss:0.1330 | acc:0.9545
val   loss:0.1853 | acc:0.9300
[[34m2025-04-28 10:42:37[0m] 
Epoch 30/50 |    0.4s
train loss:0.1220 | acc:0.9600
val   loss:0.1642 | acc:0.9400
[[34m2025-04-28 10:42:37[0m] 
Epoch 31/50 |    0.4s
train loss:0.1338 | acc:0.9490
val   loss:0.2030 | acc:0.9300
[[34m2025-04-28 10:42:38[0m] 
Epoch 32/50 |    0.4s
train loss:0.1249 | acc:0.9543
val   loss:0.1949 | acc:0.9300
[[34m2025-04-28 10:42:38[0m] 
Epoch 33/50 |    0.4s
train loss:0.1163 | acc:0.9593
val   loss:0.1779 | acc:0.9300
[[34m2025-04-28 10:42:39[0m] 
Epoch 34/50 |    0.4s
train loss:0.1137 | acc:0.9605
val   loss:0.2009 | acc:0.9200
[[34m2025-04-28 10:42:39[0m] 
Epoch 35/50 |    0.4s
train loss:0.1091 | acc:0.9630
val   loss:0.1434 | acc:0.9400
[[34m2025-04-28 10:42:39[0m] 
Epoch 36/50 |    0.5s
train loss:0.1120 | acc:0.9610
val   loss:0.2121 | acc:0.9200
[[34m2025-04-28 10:42:40[0m] 
Epoch 37/50 |    0.4s
train loss:0.1105 | acc:0.9630
val   loss:0.1636 | acc:0.9300
[[34m2025-04-28 10:42:40[0m] 
New best model saved at epoch 38 with validation accuracy 0.9500
[[34m2025-04-28 10:42:40[0m] 
Epoch 38/50 |    0.4s
train loss:0.1106 | acc:0.9620
val   loss:0.1543 | acc:0.9500
[[34m2025-04-28 10:42:41[0m] 
Epoch 39/50 |    0.5s
train loss:0.1023 | acc:0.9657
val   loss:0.1624 | acc:0.9300
[[34m2025-04-28 10:42:41[0m] 
Epoch 40/50 |    0.5s
train loss:0.1004 | acc:0.9690
val   loss:0.2033 | acc:0.9200
[[34m2025-04-28 10:42:42[0m] 
Epoch 41/50 |    0.4s
train loss:0.0951 | acc:0.9690
val   loss:0.1556 | acc:0.9300
[[34m2025-04-28 10:42:42[0m] 
Epoch 42/50 |    0.4s
train loss:0.0977 | acc:0.9680
val   loss:0.1800 | acc:0.9300
[[34m2025-04-28 10:42:42[0m] 
Epoch 43/50 |    0.4s
train loss:0.0918 | acc:0.9708
val   loss:0.1803 | acc:0.9300
[[34m2025-04-28 10:42:43[0m] 
Epoch 44/50 |    0.4s
train loss:0.0971 | acc:0.9698
val   loss:0.1660 | acc:0.9200
[[34m2025-04-28 10:42:43[0m] 
Epoch 45/50 |    0.4s
train loss:0.0928 | acc:0.9705
val   loss:0.1364 | acc:0.9400
[[34m2025-04-28 10:42:44[0m] 
Epoch 46/50 |    0.4s
train loss:0.0918 | acc:0.9705
val   loss:0.1461 | acc:0.9400
[[34m2025-04-28 10:42:44[0m] 
Epoch 47/50 |    0.4s
train loss:0.0874 | acc:0.9745
val   loss:0.1338 | acc:0.9400
[[34m2025-04-28 10:42:45[0m] 
Epoch 48/50 |    0.4s
train loss:0.0976 | acc:0.9685
val   loss:0.1476 | acc:0.9400
[[34m2025-04-28 10:42:45[0m] 
Epoch 49/50 |    0.4s
train loss:0.0884 | acc:0.9718
val   loss:0.1452 | acc:0.9400
[[34m2025-04-28 10:42:45[0m] 
Epoch 50/50 |    0.4s
train loss:0.0890 | acc:0.9730
val   loss:0.1742 | acc:0.9300
[[34m2025-04-28 10:42:47[0m] 
 S/D test loss=0.1897 | acc=0.9301
wandb: WARNING The `quiet` argument to `wandb.run.finish()` is deprecated, use `wandb.Settings(quiet=...)` to set this instead.
wandb:                                                                                
wandb: 
wandb: Run history:
wandb:           epoch ▁▁▁▁▂▂▂▂▂▂▃▃▃▃▃▄▄▄▄▄▄▅▅▅▅▅▅▆▆▆▆▆▆▇▇▇▇▇██
wandb:        test/acc ▁
wandb:  test/batch_acc ▁
wandb: test/batch_loss ▁
wandb:       test/loss ▁
wandb:       train/acc ▁▃▄▅▅▆▆▆▆▇▇▇▇▇▇▇▇▇▇█████████████████████
wandb:      train/loss █▆▆▅▅▄▄▃▃▃▃▃▃▂▂▂▂▂▂▂▂▂▂▂▁▁▁▁▁▁▁▁▁▁▁▁▁▁▁▁
wandb:         val/acc ▁▄▁▄▁▄▆▅▅▆▆█▆▇▇█▇██▇████████████████████
wandb:        val/loss █▇▇▆▅▃▄▄▄▃▃▃▃▃▃▃▂▂▂▂▂▁▂▂▁▂▂▂▁▂▁▁▂▁▂▁▁▁▁▂
wandb: 
wandb: Run summary:
wandb:           epoch 49
wandb:        test/acc 0.9301
wandb:  test/batch_acc 0.875
wandb: test/batch_loss 0.27986
wandb:       test/loss 0.18971
wandb:       train/acc 0.973
wandb:      train/loss 0.08903
wandb:         val/acc 0.93
wandb:        val/loss 0.17421
wandb: 
wandb: 🚀 View run BTFF_g95_s319 at: https://wandb.ai/elder-veliz-yale-university/kuramoto-relational-model/runs/lfl6pwyb
wandb: ⭐️ View project at: https://wandb.ai/elder-veliz-yale-university/kuramoto-relational-model
wandb: Synced 5 W&B file(s), 1 media file(s), 0 artifact file(s) and 0 other file(s)
wandb: Find logs at: ./wandb/run-20250428_104222-lfl6pwyb/logs
