Detected kernel version 4.18.0, which is below the recommended minimum of 5.5.0; this can cause the process to hang. It is recommended to upgrade the kernel to the minimum version or higher.
[[34m2025-04-28 10:40:41[0m] Experiment directory created at runs/BTFF_g50_s123
[[34m2025-04-28 10:40:41[0m] Generating training/validation datasets...
[[34m2025-04-28 10:40:41[0m] range(0, 50)
[[34m2025-04-28 10:40:41[0m] Generating test dataset (OOD)...
[[34m2025-04-28 10:40:41[0m] range(50, 100)
wandb: Using wandb-core as the SDK backend.  Please refer to https://wandb.me/wandb-core for more information.
wandb: Currently logged in as: elder-veliz (elder-veliz-yale-university) to https://api.wandb.ai. Use `wandb login --relogin` to force relogin
wandb: Tracking run with wandb version 0.19.9
wandb: Run data is saved locally in /vast/palmer/home.grace/sds685_egv6/SNDS492/FINAL/wandb/run-20250428_104041-tbj6ekqe
wandb: Run `wandb offline` to turn off syncing.
wandb: Syncing run BTFF_g50_s123
wandb: ⭐️ View project at https://wandb.ai/elder-veliz-yale-university/kuramoto-relational-model
wandb: 🚀 View run at https://wandb.ai/elder-veliz-yale-university/kuramoto-relational-model/runs/tbj6ekqe
[[34m2025-04-28 10:40:42[0m] Initializing model and optimizer...
[[34m2025-04-28 10:40:42[0m] Total trainable parameters: 47729
[[34m2025-04-28 10:40:42[0m] Start training for 50 epochs
[[34m2025-04-28 10:40:43[0m] 
Epoch 1/50 |    0.8s
train loss:0.6933 | acc:0.5160
val   loss:0.6839 | acc:0.5300
[[34m2025-04-28 10:40:43[0m] 
Epoch 2/50 |    0.2s
train loss:0.6724 | acc:0.6235
val   loss:0.6653 | acc:0.6000
[[34m2025-04-28 10:40:44[0m] 
Epoch 3/50 |    0.7s
train loss:0.6409 | acc:0.6735
val   loss:0.6215 | acc:0.6500
[[34m2025-04-28 10:40:44[0m] 
Epoch 4/50 |    0.2s
train loss:0.5916 | acc:0.7140
val   loss:0.5694 | acc:0.7400
[[34m2025-04-28 10:40:44[0m] 
Epoch 5/50 |    0.2s
train loss:0.5534 | acc:0.7435
val   loss:0.5956 | acc:0.6700
[[34m2025-04-28 10:40:45[0m] 
Epoch 6/50 |    0.2s
train loss:0.5240 | acc:0.7380
val   loss:0.4961 | acc:0.7700
[[34m2025-04-28 10:40:45[0m] 
Epoch 7/50 |    0.2s
train loss:0.4902 | acc:0.7760
val   loss:0.6013 | acc:0.7000
[[34m2025-04-28 10:40:45[0m] 
Epoch 8/50 |    0.2s
train loss:0.4784 | acc:0.7780
val   loss:0.5134 | acc:0.7300
[[34m2025-04-28 10:40:45[0m] 
Epoch 9/50 |    0.2s
train loss:0.4416 | acc:0.8090
val   loss:0.4919 | acc:0.7600
[[34m2025-04-28 10:40:45[0m] 
Epoch 10/50 |    0.2s
train loss:0.4185 | acc:0.8225
val   loss:0.4407 | acc:0.7900
[[34m2025-04-28 10:40:46[0m] 
Epoch 11/50 |    0.2s
train loss:0.3889 | acc:0.8375
val   loss:0.4269 | acc:0.7800
[[34m2025-04-28 10:40:46[0m] 
Epoch 12/50 |    0.2s
train loss:0.3558 | acc:0.8585
val   loss:0.4207 | acc:0.8100
[[34m2025-04-28 10:40:46[0m] 
Epoch 13/50 |    0.2s
train loss:0.3473 | acc:0.8545
val   loss:0.3945 | acc:0.8600
[[34m2025-04-28 10:40:46[0m] 
Epoch 14/50 |    0.2s
train loss:0.3401 | acc:0.8670
val   loss:0.3533 | acc:0.8400
[[34m2025-04-28 10:40:47[0m] 
Epoch 15/50 |    0.3s
train loss:0.3210 | acc:0.8670
val   loss:0.3939 | acc:0.7900
[[34m2025-04-28 10:40:47[0m] 
Epoch 16/50 |    0.2s
train loss:0.3091 | acc:0.8775
val   loss:0.3661 | acc:0.8200
[[34m2025-04-28 10:40:47[0m] 
Epoch 17/50 |    0.2s
train loss:0.3014 | acc:0.8750
val   loss:0.2968 | acc:0.8500
[[34m2025-04-28 10:40:47[0m] 
Epoch 18/50 |    0.2s
train loss:0.2693 | acc:0.8915
val   loss:0.2738 | acc:0.8800
[[34m2025-04-28 10:40:47[0m] 
Epoch 19/50 |    0.2s
train loss:0.2734 | acc:0.8930
val   loss:0.3357 | acc:0.8500
[[34m2025-04-28 10:40:48[0m] 
Epoch 20/50 |    0.2s
train loss:0.2655 | acc:0.8935
val   loss:0.2568 | acc:0.9000
[[34m2025-04-28 10:40:48[0m] 
Epoch 21/50 |    0.2s
train loss:0.2461 | acc:0.9075
val   loss:0.2460 | acc:0.9100
[[34m2025-04-28 10:40:48[0m] 
Epoch 22/50 |    0.2s
train loss:0.2384 | acc:0.9095
val   loss:0.2050 | acc:0.9300
[[34m2025-04-28 10:40:48[0m] 
Epoch 23/50 |    0.2s
train loss:0.2201 | acc:0.9165
val   loss:0.3054 | acc:0.8500
[[34m2025-04-28 10:40:49[0m] 
Epoch 24/50 |    0.2s
train loss:0.2175 | acc:0.9220
val   loss:0.2486 | acc:0.8800
[[34m2025-04-28 10:40:49[0m] 
Epoch 25/50 |    0.2s
train loss:0.2062 | acc:0.9255
val   loss:0.1973 | acc:0.9300
[[34m2025-04-28 10:40:49[0m] 
New best model saved at epoch 26 with validation accuracy 0.8900
[[34m2025-04-28 10:40:49[0m] 
Epoch 26/50 |    0.2s
train loss:0.2017 | acc:0.9240
val   loss:0.2251 | acc:0.8900
[[34m2025-04-28 10:40:49[0m] 
New best model saved at epoch 27 with validation accuracy 0.9200
[[34m2025-04-28 10:40:49[0m] 
Epoch 27/50 |    0.2s
train loss:0.2040 | acc:0.9265
val   loss:0.2561 | acc:0.9200
[[34m2025-04-28 10:40:50[0m] 
New best model saved at epoch 28 with validation accuracy 0.9300
[[34m2025-04-28 10:40:50[0m] 
Epoch 28/50 |    0.2s
train loss:0.1890 | acc:0.9350
val   loss:0.1797 | acc:0.9300
[[34m2025-04-28 10:40:50[0m] 
Epoch 29/50 |    0.2s
train loss:0.1730 | acc:0.9445
val   loss:0.2143 | acc:0.9200
[[34m2025-04-28 10:40:50[0m] 
Epoch 30/50 |    0.2s
train loss:0.1753 | acc:0.9435
val   loss:0.2244 | acc:0.9000
[[34m2025-04-28 10:40:50[0m] 
Epoch 31/50 |    0.2s
train loss:0.1718 | acc:0.9440
val   loss:0.2081 | acc:0.9100
[[34m2025-04-28 10:40:50[0m] 
Epoch 32/50 |    0.2s
train loss:0.1650 | acc:0.9435
val   loss:0.2315 | acc:0.9000
[[34m2025-04-28 10:40:51[0m] 
Epoch 33/50 |    0.2s
train loss:0.1474 | acc:0.9560
val   loss:0.2582 | acc:0.8900
[[34m2025-04-28 10:40:51[0m] 
Epoch 34/50 |    0.2s
train loss:0.1541 | acc:0.9445
val   loss:0.2210 | acc:0.9000
[[34m2025-04-28 10:40:51[0m] 
Epoch 35/50 |    0.2s
train loss:0.1515 | acc:0.9485
val   loss:0.1846 | acc:0.9200
[[34m2025-04-28 10:40:51[0m] 
Epoch 36/50 |    0.2s
train loss:0.1441 | acc:0.9505
val   loss:0.2023 | acc:0.9200
[[34m2025-04-28 10:40:52[0m] 
New best model saved at epoch 37 with validation accuracy 0.9700
[[34m2025-04-28 10:40:52[0m] 
Epoch 37/50 |    0.2s
train loss:0.1406 | acc:0.9540
val   loss:0.1598 | acc:0.9700
[[34m2025-04-28 10:40:52[0m] 
Epoch 38/50 |    0.2s
train loss:0.1457 | acc:0.9475
val   loss:0.1823 | acc:0.9400
[[34m2025-04-28 10:40:52[0m] 
Epoch 39/50 |    0.3s
train loss:0.1361 | acc:0.9555
val   loss:0.1615 | acc:0.9500
[[34m2025-04-28 10:40:52[0m] 
Epoch 40/50 |    0.2s
train loss:0.1341 | acc:0.9530
val   loss:0.1642 | acc:0.9300
[[34m2025-04-28 10:40:52[0m] 
Epoch 41/50 |    0.2s
train loss:0.1373 | acc:0.9525
val   loss:0.1530 | acc:0.9300
[[34m2025-04-28 10:40:53[0m] 
Epoch 42/50 |    0.2s
train loss:0.1343 | acc:0.9595
val   loss:0.1750 | acc:0.9300
[[34m2025-04-28 10:40:53[0m] 
Epoch 43/50 |    0.2s
train loss:0.1264 | acc:0.9600
val   loss:0.2004 | acc:0.8900
[[34m2025-04-28 10:40:53[0m] 
Epoch 44/50 |    0.2s
train loss:0.1345 | acc:0.9550
val   loss:0.1208 | acc:0.9700
[[34m2025-04-28 10:40:53[0m] 
Epoch 45/50 |    0.2s
train loss:0.1254 | acc:0.9625
val   loss:0.1846 | acc:0.9100
[[34m2025-04-28 10:40:54[0m] 
Epoch 46/50 |    0.2s
train loss:0.1342 | acc:0.9550
val   loss:0.1615 | acc:0.9300
[[34m2025-04-28 10:40:54[0m] 
Epoch 47/50 |    0.2s
train loss:0.1297 | acc:0.9560
val   loss:0.1711 | acc:0.9600
[[34m2025-04-28 10:40:54[0m] 
Epoch 48/50 |    0.2s
train loss:0.1333 | acc:0.9575
val   loss:0.1596 | acc:0.9300
[[34m2025-04-28 10:40:54[0m] 
Epoch 49/50 |    0.2s
train loss:0.1250 | acc:0.9630
val   loss:0.1622 | acc:0.9300
[[34m2025-04-28 10:40:55[0m] 
Epoch 50/50 |    0.2s
train loss:0.1292 | acc:0.9575
val   loss:0.1722 | acc:0.9300
[[34m2025-04-28 10:40:56[0m] 
 S/D test loss=0.3346 | acc=0.8582
wandb: WARNING The `quiet` argument to `wandb.run.finish()` is deprecated, use `wandb.Settings(quiet=...)` to set this instead.
wandb:                                                                                
wandb: 
wandb: Run history:
wandb:           epoch ▁▁▁▁▂▂▂▂▂▂▃▃▃▃▃▄▄▄▄▄▄▅▅▅▅▅▅▆▆▆▆▆▆▇▇▇▇▇██
wandb:        test/acc ▁
wandb:  test/batch_acc ▁
wandb: test/batch_loss ▁
wandb:       test/loss ▁
wandb:       train/acc ▁▃▃▅▄▅▆▆▆▆▇▇▇▇▇▇▇▇▇▇▇▇██████████████████
wandb:      train/loss ██▇▇▆▅▅▄▄▄▃▃▃▃▃▂▂▂▂▂▂▂▂▂▂▁▁▁▁▁▁▁▁▁▁▁▁▁▁▁
wandb:         val/acc ▁▂▃▄▃▄▄▅▅▅▅▆▆▇▆▇▇▆▇▇▇▇▇▇▇▇▇▇▇██▇▇▇▇▇▇█▇▇
wandb:        val/loss ██▇▇▇▇▆▆▅▅▄▄▄▃▃▃▃▂▃▃▂▃▂▂▂▂▃▂▂▂▂▂▂▁▂▁▂▂▂▂
wandb: 
wandb: Run summary:
wandb:           epoch 49
wandb:        test/acc 0.8582
wandb:  test/batch_acc 0.875
wandb: test/batch_loss 0.22714
wandb:       test/loss 0.33461
wandb:       train/acc 0.9575
wandb:      train/loss 0.12918
wandb:         val/acc 0.93
wandb:        val/loss 0.1722
wandb: 
wandb: 🚀 View run BTFF_g50_s123 at: https://wandb.ai/elder-veliz-yale-university/kuramoto-relational-model/runs/tbj6ekqe
wandb: ⭐️ View project at: https://wandb.ai/elder-veliz-yale-university/kuramoto-relational-model
wandb: Synced 5 W&B file(s), 1 media file(s), 0 artifact file(s) and 0 other file(s)
wandb: Find logs at: ./wandb/run-20250428_104041-tbj6ekqe/logs
