Detected kernel version 4.18.0, which is below the recommended minimum of 5.5.0; this can cause the process to hang. It is recommended to upgrade the kernel to the minimum version or higher.
[[34m2025-04-28 10:41:12[0m] Experiment directory created at runs/BTFF_g95_s123
[[34m2025-04-28 10:41:12[0m] Generating training/validation datasets...
[[34m2025-04-28 10:41:12[0m] range(0, 95)
[[34m2025-04-28 10:41:12[0m] Generating test dataset (OOD)...
[[34m2025-04-28 10:41:12[0m] range(95, 100)
wandb: Using wandb-core as the SDK backend.  Please refer to https://wandb.me/wandb-core for more information.
wandb: Currently logged in as: elder-veliz (elder-veliz-yale-university) to https://api.wandb.ai. Use `wandb login --relogin` to force relogin
wandb: Tracking run with wandb version 0.19.9
wandb: Run data is saved locally in /vast/palmer/home.grace/sds685_egv6/SNDS492/FINAL/wandb/run-20250428_104112-jrkypg19
wandb: Run `wandb offline` to turn off syncing.
wandb: Syncing run BTFF_g95_s123
wandb: ⭐️ View project at https://wandb.ai/elder-veliz-yale-university/kuramoto-relational-model
wandb: 🚀 View run at https://wandb.ai/elder-veliz-yale-university/kuramoto-relational-model/runs/jrkypg19
[[34m2025-04-28 10:41:13[0m] Initializing model and optimizer...
[[34m2025-04-28 10:41:13[0m] Total trainable parameters: 47729
[[34m2025-04-28 10:41:13[0m] Start training for 50 epochs
[[34m2025-04-28 10:41:14[0m] 
Epoch 1/50 |    1.1s
train loss:0.6852 | acc:0.5823
val   loss:0.6658 | acc:0.7000
[[34m2025-04-28 10:41:15[0m] 
Epoch 2/50 |    1.0s
train loss:0.6379 | acc:0.7110
val   loss:0.5851 | acc:0.7200
[[34m2025-04-28 10:41:16[0m] 
Epoch 3/50 |    0.5s
train loss:0.5667 | acc:0.7282
val   loss:0.5349 | acc:0.7500
[[34m2025-04-28 10:41:16[0m] 
Epoch 4/50 |    0.5s
train loss:0.5207 | acc:0.7432
val   loss:0.4536 | acc:0.8100
[[34m2025-04-28 10:41:17[0m] 
Epoch 5/50 |    0.5s
train loss:0.4850 | acc:0.7718
val   loss:0.4365 | acc:0.8600
[[34m2025-04-28 10:41:17[0m] 
Epoch 6/50 |    0.5s
train loss:0.4661 | acc:0.7875
val   loss:0.4430 | acc:0.8200
[[34m2025-04-28 10:41:18[0m] 
Epoch 7/50 |    0.5s
train loss:0.4239 | acc:0.8037
val   loss:0.3889 | acc:0.8400
[[34m2025-04-28 10:41:18[0m] 
Epoch 8/50 |    0.5s
train loss:0.3767 | acc:0.8472
val   loss:0.4081 | acc:0.8400
[[34m2025-04-28 10:41:19[0m] 
Epoch 9/50 |    0.5s
train loss:0.3485 | acc:0.8605
val   loss:0.3656 | acc:0.8400
[[34m2025-04-28 10:41:19[0m] 
Epoch 10/50 |    0.5s
train loss:0.3423 | acc:0.8565
val   loss:0.3060 | acc:0.8700
[[34m2025-04-28 10:41:20[0m] 
Epoch 11/50 |    0.5s
train loss:0.3278 | acc:0.8678
val   loss:0.3607 | acc:0.8300
[[34m2025-04-28 10:41:20[0m] 
Epoch 12/50 |    0.5s
train loss:0.3137 | acc:0.8708
val   loss:0.2821 | acc:0.9000
[[34m2025-04-28 10:41:21[0m] 
Epoch 13/50 |    0.5s
train loss:0.2922 | acc:0.8822
val   loss:0.3778 | acc:0.8300
[[34m2025-04-28 10:41:21[0m] 
Epoch 14/50 |    0.5s
train loss:0.2806 | acc:0.8885
val   loss:0.3080 | acc:0.8500
[[34m2025-04-28 10:41:22[0m] 
Epoch 15/50 |    0.5s
train loss:0.2637 | acc:0.8918
val   loss:0.2576 | acc:0.9000
[[34m2025-04-28 10:41:22[0m] 
Epoch 16/50 |    0.5s
train loss:0.2587 | acc:0.8992
val   loss:0.2229 | acc:0.9400
[[34m2025-04-28 10:41:23[0m] 
Epoch 17/50 |    0.5s
train loss:0.2409 | acc:0.9040
val   loss:0.1719 | acc:0.9300
[[34m2025-04-28 10:41:23[0m] 
Epoch 18/50 |    0.5s
train loss:0.2214 | acc:0.9173
val   loss:0.2442 | acc:0.8900
[[34m2025-04-28 10:41:24[0m] 
Epoch 19/50 |    0.5s
train loss:0.2255 | acc:0.9170
val   loss:0.2260 | acc:0.9100
[[34m2025-04-28 10:41:24[0m] 
Epoch 20/50 |    0.5s
train loss:0.2102 | acc:0.9227
val   loss:0.1858 | acc:0.9300
[[34m2025-04-28 10:41:25[0m] 
Epoch 21/50 |    0.5s
train loss:0.1925 | acc:0.9287
val   loss:0.1535 | acc:0.9400
[[34m2025-04-28 10:41:26[0m] 
Epoch 22/50 |    0.5s
train loss:0.1890 | acc:0.9287
val   loss:0.2068 | acc:0.9400
[[34m2025-04-28 10:41:26[0m] 
Epoch 23/50 |    0.6s
train loss:0.1852 | acc:0.9300
val   loss:0.1766 | acc:0.9300
[[34m2025-04-28 10:41:27[0m] 
Epoch 24/50 |    0.6s
train loss:0.1709 | acc:0.9335
val   loss:0.1732 | acc:0.9400
[[34m2025-04-28 10:41:27[0m] 
Epoch 25/50 |    0.5s
train loss:0.1731 | acc:0.9345
val   loss:0.1300 | acc:0.9600
[[34m2025-04-28 10:41:28[0m] 
New best model saved at epoch 26 with validation accuracy 0.9500
[[34m2025-04-28 10:41:28[0m] 
Epoch 26/50 |    0.5s
train loss:0.1552 | acc:0.9473
val   loss:0.1137 | acc:0.9500
[[34m2025-04-28 10:41:28[0m] 
New best model saved at epoch 27 with validation accuracy 0.9600
[[34m2025-04-28 10:41:28[0m] 
Epoch 27/50 |    0.6s
train loss:0.1548 | acc:0.9430
val   loss:0.1326 | acc:0.9600
[[34m2025-04-28 10:41:29[0m] 
Epoch 28/50 |    0.5s
train loss:0.1434 | acc:0.9503
val   loss:0.1804 | acc:0.9500
[[34m2025-04-28 10:41:29[0m] 
Epoch 29/50 |    0.6s
train loss:0.1382 | acc:0.9513
val   loss:0.1366 | acc:0.9500
[[34m2025-04-28 10:41:30[0m] 
Epoch 30/50 |    0.5s
train loss:0.1443 | acc:0.9510
val   loss:0.1359 | acc:0.9400
[[34m2025-04-28 10:41:30[0m] 
Epoch 31/50 |    0.6s
train loss:0.1352 | acc:0.9525
val   loss:0.1357 | acc:0.9600
[[34m2025-04-28 10:41:31[0m] 
New best model saved at epoch 32 with validation accuracy 0.9700
[[34m2025-04-28 10:41:31[0m] 
Epoch 32/50 |    0.5s
train loss:0.1284 | acc:0.9540
val   loss:0.1191 | acc:0.9700
[[34m2025-04-28 10:41:31[0m] 
Epoch 33/50 |    0.6s
train loss:0.1219 | acc:0.9580
val   loss:0.1198 | acc:0.9500
[[34m2025-04-28 10:41:32[0m] 
Epoch 34/50 |    0.6s
train loss:0.1215 | acc:0.9555
val   loss:0.0996 | acc:0.9700
[[34m2025-04-28 10:41:33[0m] 
Epoch 35/50 |    0.5s
train loss:0.1092 | acc:0.9650
val   loss:0.1233 | acc:0.9700
[[34m2025-04-28 10:41:33[0m] 
Epoch 36/50 |    0.6s
train loss:0.1140 | acc:0.9627
val   loss:0.1571 | acc:0.9300
[[34m2025-04-28 10:41:34[0m] 
Epoch 37/50 |    0.6s
train loss:0.1110 | acc:0.9605
val   loss:0.1285 | acc:0.9500
[[34m2025-04-28 10:41:34[0m] 
Epoch 38/50 |    0.5s
train loss:0.1057 | acc:0.9665
val   loss:0.1236 | acc:0.9600
[[34m2025-04-28 10:41:35[0m] 
Epoch 39/50 |    0.6s
train loss:0.1023 | acc:0.9680
val   loss:0.1091 | acc:0.9600
[[34m2025-04-28 10:41:36[0m] 
New best model saved at epoch 40 with validation accuracy 0.9800
[[34m2025-04-28 10:41:36[0m] 
Epoch 40/50 |    0.6s
train loss:0.1013 | acc:0.9653
val   loss:0.1067 | acc:0.9800
[[34m2025-04-28 10:41:36[0m] 
Epoch 41/50 |    0.5s
train loss:0.1004 | acc:0.9667
val   loss:0.1311 | acc:0.9500
[[34m2025-04-28 10:41:37[0m] 
Epoch 42/50 |    0.6s
train loss:0.0962 | acc:0.9698
val   loss:0.1715 | acc:0.9400
[[34m2025-04-28 10:41:37[0m] 
Epoch 43/50 |    0.5s
train loss:0.0991 | acc:0.9702
val   loss:0.0973 | acc:0.9600
[[34m2025-04-28 10:41:38[0m] 
Epoch 44/50 |    0.5s
train loss:0.1013 | acc:0.9680
val   loss:0.0911 | acc:0.9700
[[34m2025-04-28 10:41:38[0m] 
Epoch 45/50 |    0.6s
train loss:0.0975 | acc:0.9698
val   loss:0.0950 | acc:0.9700
[[34m2025-04-28 10:41:39[0m] 
Epoch 46/50 |    0.5s
train loss:0.0959 | acc:0.9702
val   loss:0.1068 | acc:0.9800
[[34m2025-04-28 10:41:39[0m] 
Epoch 47/50 |    0.5s
train loss:0.0962 | acc:0.9685
val   loss:0.0973 | acc:0.9700
[[34m2025-04-28 10:41:40[0m] 
Epoch 48/50 |    0.5s
train loss:0.0899 | acc:0.9732
val   loss:0.0953 | acc:0.9700
[[34m2025-04-28 10:41:40[0m] 
Epoch 49/50 |    0.5s
train loss:0.0975 | acc:0.9700
val   loss:0.0911 | acc:0.9700
[[34m2025-04-28 10:41:41[0m] 
Epoch 50/50 |    0.6s
train loss:0.0957 | acc:0.9695
val   loss:0.1051 | acc:0.9700
[[34m2025-04-28 10:41:43[0m] 
 S/D test loss=0.2967 | acc=0.8797
wandb: WARNING The `quiet` argument to `wandb.run.finish()` is deprecated, use `wandb.Settings(quiet=...)` to set this instead.
wandb:                                                                                
wandb: 
wandb: Run history:
wandb:           epoch ▁▁▁▁▂▂▂▂▂▂▃▃▃▃▃▄▄▄▄▄▅▅▅▅▅▆▆▆▆▆▆▇▇▇▇▇▇███
wandb:        test/acc ▁
wandb:  test/batch_acc ▁
wandb: test/batch_loss ▁
wandb:       test/loss ▁
wandb:       train/acc ▁▃▄▄▅▆▆▆▆▆▇▇▇▇▇▇▇▇▇▇▇███████████████████
wandb:      train/loss █▇▇▆▆▅▄▄▄▄▃▃▃▃▃▂▂▂▂▂▂▂▂▂▂▁▁▁▁▁▁▁▁▁▁▁▁▁▁▁
wandb:         val/acc ▁▂▂▄▅▄▄▄▅▄▄▅▆▆▆▇▇▇▇▇▇▇▇▇▇▇██▇▇▇█▇▇▇█████
wandb:        val/loss █▇▆▆▆▅▅▄▅▄▄▃▃▂▃▂▂▃▂▂▁▂▂▂▂▁▁▁▁▂▁▁▁▂▂▁▁▁▁▁
wandb: 
wandb: Run summary:
wandb:           epoch 49
wandb:        test/acc 0.8797
wandb:  test/batch_acc 0.82812
wandb: test/batch_loss 0.3969
wandb:       test/loss 0.29667
wandb:       train/acc 0.9695
wandb:      train/loss 0.09571
wandb:         val/acc 0.97
wandb:        val/loss 0.10509
wandb: 
wandb: 🚀 View run BTFF_g95_s123 at: https://wandb.ai/elder-veliz-yale-university/kuramoto-relational-model/runs/jrkypg19
wandb: ⭐️ View project at: https://wandb.ai/elder-veliz-yale-university/kuramoto-relational-model
wandb: Synced 5 W&B file(s), 1 media file(s), 0 artifact file(s) and 0 other file(s)
wandb: Find logs at: ./wandb/run-20250428_104112-jrkypg19/logs
