Detected kernel version 4.18.0, which is below the recommended minimum of 5.5.0; this can cause the process to hang. It is recommended to upgrade the kernel to the minimum version or higher.
[[34m2025-04-28 10:41:50[0m] Experiment directory created at runs/BTFF_g95_s492
[[34m2025-04-28 10:41:50[0m] Generating training/validation datasets...
[[34m2025-04-28 10:41:50[0m] range(0, 95)
[[34m2025-04-28 10:41:50[0m] Generating test dataset (OOD)...
[[34m2025-04-28 10:41:50[0m] range(95, 100)
wandb: Using wandb-core as the SDK backend.  Please refer to https://wandb.me/wandb-core for more information.
wandb: Currently logged in as: elder-veliz (elder-veliz-yale-university) to https://api.wandb.ai. Use `wandb login --relogin` to force relogin
wandb: Tracking run with wandb version 0.19.9
wandb: Run data is saved locally in /vast/palmer/home.grace/sds685_egv6/SNDS492/FINAL/wandb/run-20250428_104151-95pvko72
wandb: Run `wandb offline` to turn off syncing.
wandb: Syncing run BTFF_g95_s492
wandb: ⭐️ View project at https://wandb.ai/elder-veliz-yale-university/kuramoto-relational-model
wandb: 🚀 View run at https://wandb.ai/elder-veliz-yale-university/kuramoto-relational-model/runs/95pvko72
[[34m2025-04-28 10:41:52[0m] Initializing model and optimizer...
[[34m2025-04-28 10:41:52[0m] Total trainable parameters: 47729
[[34m2025-04-28 10:41:52[0m] Start training for 50 epochs
[[34m2025-04-28 10:41:53[0m] 
Epoch 1/50 |    1.0s
train loss:0.6675 | acc:0.6460
val   loss:0.6345 | acc:0.7400
[[34m2025-04-28 10:41:54[0m] 
Epoch 2/50 |    1.0s
train loss:0.6027 | acc:0.7230
val   loss:0.5749 | acc:0.7300
[[34m2025-04-28 10:41:54[0m] 
Epoch 3/50 |    0.4s
train loss:0.5459 | acc:0.7412
val   loss:0.5839 | acc:0.6700
[[34m2025-04-28 10:41:55[0m] 
Epoch 4/50 |    0.4s
train loss:0.4945 | acc:0.7738
val   loss:0.5043 | acc:0.7400
[[34m2025-04-28 10:41:55[0m] 
Epoch 5/50 |    0.4s
train loss:0.4385 | acc:0.8053
val   loss:0.4396 | acc:0.8000
[[34m2025-04-28 10:41:56[0m] 
Epoch 6/50 |    0.4s
train loss:0.4068 | acc:0.8270
val   loss:0.3931 | acc:0.8100
[[34m2025-04-28 10:41:56[0m] 
Epoch 7/50 |    0.4s
train loss:0.3638 | acc:0.8488
val   loss:0.3532 | acc:0.8700
[[34m2025-04-28 10:41:56[0m] 
Epoch 8/50 |    0.4s
train loss:0.3572 | acc:0.8458
val   loss:0.3833 | acc:0.8300
[[34m2025-04-28 10:41:57[0m] 
Epoch 9/50 |    0.4s
train loss:0.3228 | acc:0.8645
val   loss:0.4193 | acc:0.7900
[[34m2025-04-28 10:41:57[0m] 
Epoch 10/50 |    0.4s
train loss:0.2945 | acc:0.8822
val   loss:0.3400 | acc:0.8500
[[34m2025-04-28 10:41:58[0m] 
Epoch 11/50 |    0.4s
train loss:0.2699 | acc:0.8950
val   loss:0.4210 | acc:0.7900
[[34m2025-04-28 10:41:58[0m] 
Epoch 12/50 |    0.4s
train loss:0.2768 | acc:0.8885
val   loss:0.3896 | acc:0.8100
[[34m2025-04-28 10:41:58[0m] 
Epoch 13/50 |    0.4s
train loss:0.2649 | acc:0.8970
val   loss:0.3257 | acc:0.8700
[[34m2025-04-28 10:41:59[0m] 
Epoch 14/50 |    0.4s
train loss:0.2558 | acc:0.8952
val   loss:0.5439 | acc:0.7500
[[34m2025-04-28 10:41:59[0m] 
Epoch 15/50 |    0.4s
train loss:0.2766 | acc:0.8840
val   loss:0.2810 | acc:0.8900
[[34m2025-04-28 10:42:00[0m] 
Epoch 16/50 |    0.4s
train loss:0.2413 | acc:0.9067
val   loss:0.2366 | acc:0.9200
[[34m2025-04-28 10:42:00[0m] 
Epoch 17/50 |    0.4s
train loss:0.2227 | acc:0.9155
val   loss:0.3652 | acc:0.8100
[[34m2025-04-28 10:42:01[0m] 
Epoch 18/50 |    0.4s
train loss:0.2229 | acc:0.9117
val   loss:0.2898 | acc:0.8900
[[34m2025-04-28 10:42:01[0m] 
Epoch 19/50 |    0.4s
train loss:0.2085 | acc:0.9207
val   loss:0.2620 | acc:0.9100
[[34m2025-04-28 10:42:01[0m] 
Epoch 20/50 |    0.4s
train loss:0.2025 | acc:0.9233
val   loss:0.2755 | acc:0.8600
[[34m2025-04-28 10:42:02[0m] 
Epoch 21/50 |    0.4s
train loss:0.1989 | acc:0.9215
val   loss:0.2688 | acc:0.8900
[[34m2025-04-28 10:42:02[0m] 
Epoch 22/50 |    0.4s
train loss:0.2045 | acc:0.9225
val   loss:0.2600 | acc:0.8800
[[34m2025-04-28 10:42:03[0m] 
Epoch 23/50 |    0.4s
train loss:0.1769 | acc:0.9350
val   loss:0.2344 | acc:0.8900
[[34m2025-04-28 10:42:03[0m] 
Epoch 24/50 |    0.4s
train loss:0.1736 | acc:0.9357
val   loss:0.1814 | acc:0.9400
[[34m2025-04-28 10:42:03[0m] 
Epoch 25/50 |    0.4s
train loss:0.1596 | acc:0.9460
val   loss:0.2487 | acc:0.8900
[[34m2025-04-28 10:42:04[0m] 
New best model saved at epoch 26 with validation accuracy 0.9000
[[34m2025-04-28 10:42:04[0m] 
Epoch 26/50 |    0.4s
train loss:0.1784 | acc:0.9283
val   loss:0.2306 | acc:0.9000
[[34m2025-04-28 10:42:04[0m] 
New best model saved at epoch 27 with validation accuracy 0.9100
[[34m2025-04-28 10:42:04[0m] 
Epoch 27/50 |    0.4s
train loss:0.1539 | acc:0.9423
val   loss:0.1830 | acc:0.9100
[[34m2025-04-28 10:42:05[0m] 
New best model saved at epoch 28 with validation accuracy 0.9400
[[34m2025-04-28 10:42:05[0m] 
Epoch 28/50 |    0.4s
train loss:0.1575 | acc:0.9417
val   loss:0.1701 | acc:0.9400
[[34m2025-04-28 10:42:05[0m] 
New best model saved at epoch 29 with validation accuracy 0.9500
[[34m2025-04-28 10:42:05[0m] 
Epoch 29/50 |    0.4s
train loss:0.1481 | acc:0.9467
val   loss:0.1558 | acc:0.9500
[[34m2025-04-28 10:42:05[0m] 
Epoch 30/50 |    0.4s
train loss:0.1428 | acc:0.9513
val   loss:0.2041 | acc:0.9300
[[34m2025-04-28 10:42:06[0m] 
Epoch 31/50 |    0.4s
train loss:0.1410 | acc:0.9500
val   loss:0.1896 | acc:0.9200
[[34m2025-04-28 10:42:06[0m] 
Epoch 32/50 |    0.4s
train loss:0.1302 | acc:0.9570
val   loss:0.1836 | acc:0.9100
[[34m2025-04-28 10:42:07[0m] 
Epoch 33/50 |    0.4s
train loss:0.1223 | acc:0.9580
val   loss:0.2511 | acc:0.9000
[[34m2025-04-28 10:42:07[0m] 
Epoch 34/50 |    0.4s
train loss:0.1201 | acc:0.9583
val   loss:0.1738 | acc:0.9200
[[34m2025-04-28 10:42:07[0m] 
Epoch 35/50 |    0.4s
train loss:0.1220 | acc:0.9575
val   loss:0.1520 | acc:0.9400
[[34m2025-04-28 10:42:08[0m] 
Epoch 36/50 |    0.4s
train loss:0.1219 | acc:0.9613
val   loss:0.2431 | acc:0.9000
[[34m2025-04-28 10:42:08[0m] 
Epoch 37/50 |    0.4s
train loss:0.1163 | acc:0.9610
val   loss:0.1504 | acc:0.9400
[[34m2025-04-28 10:42:09[0m] 
Epoch 38/50 |    0.4s
train loss:0.1130 | acc:0.9593
val   loss:0.1622 | acc:0.9400
[[34m2025-04-28 10:42:09[0m] 
Epoch 39/50 |    0.4s
train loss:0.1084 | acc:0.9635
val   loss:0.2062 | acc:0.9200
[[34m2025-04-28 10:42:10[0m] 
Epoch 40/50 |    0.4s
train loss:0.1045 | acc:0.9650
val   loss:0.1420 | acc:0.9200
[[34m2025-04-28 10:42:10[0m] 
Epoch 41/50 |    0.4s
train loss:0.1017 | acc:0.9677
val   loss:0.1360 | acc:0.9500
[[34m2025-04-28 10:42:10[0m] 
Epoch 42/50 |    0.4s
train loss:0.0998 | acc:0.9675
val   loss:0.1455 | acc:0.9400
[[34m2025-04-28 10:42:11[0m] 
Epoch 43/50 |    0.4s
train loss:0.1009 | acc:0.9663
val   loss:0.1839 | acc:0.9400
[[34m2025-04-28 10:42:11[0m] 
Epoch 44/50 |    0.4s
train loss:0.0980 | acc:0.9692
val   loss:0.1511 | acc:0.9400
[[34m2025-04-28 10:42:12[0m] 
Epoch 45/50 |    0.4s
train loss:0.1030 | acc:0.9663
val   loss:0.1799 | acc:0.9500
[[34m2025-04-28 10:42:12[0m] 
New best model saved at epoch 46 with validation accuracy 0.9600
[[34m2025-04-28 10:42:12[0m] 
Epoch 46/50 |    0.4s
train loss:0.1020 | acc:0.9665
val   loss:0.1043 | acc:0.9600
[[34m2025-04-28 10:42:12[0m] 
Epoch 47/50 |    0.4s
train loss:0.1024 | acc:0.9655
val   loss:0.1442 | acc:0.9400
[[34m2025-04-28 10:42:13[0m] 
Epoch 48/50 |    0.4s
train loss:0.0987 | acc:0.9677
val   loss:0.1275 | acc:0.9500
[[34m2025-04-28 10:42:13[0m] 
Epoch 49/50 |    0.4s
train loss:0.1013 | acc:0.9683
val   loss:0.1471 | acc:0.9300
[[34m2025-04-28 10:42:14[0m] 
Epoch 50/50 |    0.4s
train loss:0.0928 | acc:0.9720
val   loss:0.1565 | acc:0.9300
[[34m2025-04-28 10:42:15[0m] 
 S/D test loss=0.3093 | acc=0.8749
wandb: WARNING The `quiet` argument to `wandb.run.finish()` is deprecated, use `wandb.Settings(quiet=...)` to set this instead.
wandb:                                                                                
wandb: 
wandb: Run history:
wandb:           epoch ▁▁▁▁▂▂▂▂▂▂▃▃▃▃▃▄▄▄▄▄▄▅▅▅▅▅▆▆▆▆▆▇▇▇▇▇▇███
wandb:        test/acc ▁
wandb:  test/batch_acc ▁
wandb: test/batch_loss ▁
wandb:       test/loss ▁
wandb:       train/acc ▁▂▂▃▄▄▅▅▆▆▆▆▆▆▆▇▇▇▇▇▇▇▇▇▇███████████████
wandb:      train/loss █▇▇▆▅▄▄▃▃▃▃▃▃▃▃▂▂▂▂▂▂▂▂▂▂▁▁▁▁▁▁▁▁▁▁▁▁▁▁▁
wandb:         val/acc ▃▂▁▃▄▆▅▅▄▄▃▆▇▄▆▆▆▆▆█▇▇██▇▇▇▇█▇█▇▇██████▇
wandb:        val/loss █▇▇▆▅▄▅▅▄▅▄▇▃▃▄▃▃▃▃▃▃▂▂▂▂▂▃▂▃▂▂▁▁▂▂▂▁▂▁▂
wandb: 
wandb: Run summary:
wandb:           epoch 49
wandb:        test/acc 0.8749
wandb:  test/batch_acc 0.84375
wandb: test/batch_loss 0.35426
wandb:       test/loss 0.30934
wandb:       train/acc 0.972
wandb:      train/loss 0.09279
wandb:         val/acc 0.93
wandb:        val/loss 0.15645
wandb: 
wandb: 🚀 View run BTFF_g95_s492 at: https://wandb.ai/elder-veliz-yale-university/kuramoto-relational-model/runs/95pvko72
wandb: ⭐️ View project at: https://wandb.ai/elder-veliz-yale-university/kuramoto-relational-model
wandb: Synced 5 W&B file(s), 1 media file(s), 0 artifact file(s) and 0 other file(s)
wandb: Find logs at: ./wandb/run-20250428_104151-95pvko72/logs
