Detected kernel version 4.18.0, which is below the recommended minimum of 5.5.0; this can cause the process to hang. It is recommended to upgrade the kernel to the minimum version or higher.
[[34m2025-04-28 10:40:59[0m] Experiment directory created at runs/BTFF_g50_s42
[[34m2025-04-28 10:40:59[0m] Generating training/validation datasets...
[[34m2025-04-28 10:40:59[0m] range(0, 50)
[[34m2025-04-28 10:40:59[0m] Generating test dataset (OOD)...
[[34m2025-04-28 10:40:59[0m] range(50, 100)
wandb: Using wandb-core as the SDK backend.  Please refer to https://wandb.me/wandb-core for more information.
wandb: Currently logged in as: elder-veliz (elder-veliz-yale-university) to https://api.wandb.ai. Use `wandb login --relogin` to force relogin
wandb: Tracking run with wandb version 0.19.9
wandb: Run data is saved locally in /vast/palmer/home.grace/sds685_egv6/SNDS492/FINAL/wandb/run-20250428_104059-or4jxomj
wandb: Run `wandb offline` to turn off syncing.
wandb: Syncing run BTFF_g50_s42
wandb: ⭐️ View project at https://wandb.ai/elder-veliz-yale-university/kuramoto-relational-model
wandb: 🚀 View run at https://wandb.ai/elder-veliz-yale-university/kuramoto-relational-model/runs/or4jxomj
[[34m2025-04-28 10:41:00[0m] Initializing model and optimizer...
[[34m2025-04-28 10:41:00[0m] Total trainable parameters: 47729
[[34m2025-04-28 10:41:00[0m] Start training for 50 epochs
[[34m2025-04-28 10:41:01[0m] 
Epoch 1/50 |    0.8s
train loss:0.6874 | acc:0.5295
val   loss:0.6869 | acc:0.6700
[[34m2025-04-28 10:41:01[0m] 
Epoch 2/50 |    0.2s
train loss:0.6695 | acc:0.6650
val   loss:0.6411 | acc:0.7300
[[34m2025-04-28 10:41:02[0m] 
Epoch 3/50 |    0.7s
train loss:0.6412 | acc:0.6675
val   loss:0.6385 | acc:0.6800
[[34m2025-04-28 10:41:02[0m] 
Epoch 4/50 |    0.2s
train loss:0.6094 | acc:0.6820
val   loss:0.5635 | acc:0.7100
[[34m2025-04-28 10:41:02[0m] 
Epoch 5/50 |    0.2s
train loss:0.5566 | acc:0.7250
val   loss:0.5564 | acc:0.7200
[[34m2025-04-28 10:41:03[0m] 
Epoch 6/50 |    0.2s
train loss:0.5276 | acc:0.7545
val   loss:0.5591 | acc:0.7500
[[34m2025-04-28 10:41:03[0m] 
Epoch 7/50 |    0.2s
train loss:0.4933 | acc:0.7680
val   loss:0.5482 | acc:0.6900
[[34m2025-04-28 10:41:03[0m] 
Epoch 8/50 |    0.2s
train loss:0.4799 | acc:0.7720
val   loss:0.4962 | acc:0.7800
[[34m2025-04-28 10:41:03[0m] 
Epoch 9/50 |    0.3s
train loss:0.4531 | acc:0.8000
val   loss:0.5247 | acc:0.7400
[[34m2025-04-28 10:41:04[0m] 
Epoch 10/50 |    0.2s
train loss:0.4318 | acc:0.8120
val   loss:0.4827 | acc:0.7600
[[34m2025-04-28 10:41:04[0m] 
Epoch 11/50 |    0.2s
train loss:0.3912 | acc:0.8325
val   loss:0.4618 | acc:0.7900
[[34m2025-04-28 10:41:04[0m] 
Epoch 12/50 |    0.3s
train loss:0.3838 | acc:0.8420
val   loss:0.4075 | acc:0.7900
[[34m2025-04-28 10:41:04[0m] 
Epoch 13/50 |    0.2s
train loss:0.3421 | acc:0.8615
val   loss:0.3617 | acc:0.8600
[[34m2025-04-28 10:41:05[0m] 
Epoch 14/50 |    0.2s
train loss:0.3135 | acc:0.8820
val   loss:0.3725 | acc:0.8400
[[34m2025-04-28 10:41:05[0m] 
Epoch 15/50 |    0.3s
train loss:0.3199 | acc:0.8640
val   loss:0.3875 | acc:0.8200
[[34m2025-04-28 10:41:05[0m] 
Epoch 16/50 |    0.2s
train loss:0.2998 | acc:0.8805
val   loss:0.3698 | acc:0.8300
[[34m2025-04-28 10:41:05[0m] 
Epoch 17/50 |    0.2s
train loss:0.2831 | acc:0.8870
val   loss:0.3586 | acc:0.8400
[[34m2025-04-28 10:41:05[0m] 
Epoch 18/50 |    0.3s
train loss:0.2761 | acc:0.8920
val   loss:0.3742 | acc:0.8200
[[34m2025-04-28 10:41:06[0m] 
Epoch 19/50 |    0.2s
train loss:0.2632 | acc:0.9030
val   loss:0.3453 | acc:0.8400
[[34m2025-04-28 10:41:06[0m] 
Epoch 20/50 |    0.2s
train loss:0.2576 | acc:0.9045
val   loss:0.3184 | acc:0.8400
[[34m2025-04-28 10:41:06[0m] 
Epoch 21/50 |    0.2s
train loss:0.2422 | acc:0.9065
val   loss:0.3643 | acc:0.8800
[[34m2025-04-28 10:41:06[0m] 
Epoch 22/50 |    0.2s
train loss:0.2294 | acc:0.9165
val   loss:0.3195 | acc:0.8300
[[34m2025-04-28 10:41:07[0m] 
Epoch 23/50 |    0.2s
train loss:0.2252 | acc:0.9180
val   loss:0.2819 | acc:0.8700
[[34m2025-04-28 10:41:07[0m] 
Epoch 24/50 |    0.2s
train loss:0.2181 | acc:0.9255
val   loss:0.2996 | acc:0.8500
[[34m2025-04-28 10:41:07[0m] 
Epoch 25/50 |    0.2s
train loss:0.1998 | acc:0.9260
val   loss:0.3298 | acc:0.8300
[[34m2025-04-28 10:41:07[0m] 
New best model saved at epoch 26 with validation accuracy 0.8700
[[34m2025-04-28 10:41:07[0m] 
Epoch 26/50 |    0.2s
train loss:0.2022 | acc:0.9295
val   loss:0.2881 | acc:0.8700
[[34m2025-04-28 10:41:08[0m] 
New best model saved at epoch 27 with validation accuracy 0.8900
[[34m2025-04-28 10:41:08[0m] 
Epoch 27/50 |    0.3s
train loss:0.1970 | acc:0.9305
val   loss:0.2499 | acc:0.8900
[[34m2025-04-28 10:41:08[0m] 
New best model saved at epoch 28 with validation accuracy 0.9000
[[34m2025-04-28 10:41:08[0m] 
Epoch 28/50 |    0.2s
train loss:0.1874 | acc:0.9345
val   loss:0.2278 | acc:0.9000
[[34m2025-04-28 10:41:08[0m] 
Epoch 29/50 |    0.2s
train loss:0.1833 | acc:0.9400
val   loss:0.2957 | acc:0.8800
[[34m2025-04-28 10:41:08[0m] 
Epoch 30/50 |    0.3s
train loss:0.1714 | acc:0.9455
val   loss:0.3228 | acc:0.8800
[[34m2025-04-28 10:41:09[0m] 
New best model saved at epoch 31 with validation accuracy 0.9200
[[34m2025-04-28 10:41:09[0m] 
Epoch 31/50 |    0.2s
train loss:0.1686 | acc:0.9455
val   loss:0.2156 | acc:0.9200
[[34m2025-04-28 10:41:09[0m] 
Epoch 32/50 |    0.2s
train loss:0.1586 | acc:0.9480
val   loss:0.2935 | acc:0.8800
[[34m2025-04-28 10:41:09[0m] 
Epoch 33/50 |    0.3s
train loss:0.1613 | acc:0.9490
val   loss:0.2599 | acc:0.8900
[[34m2025-04-28 10:41:09[0m] 
Epoch 34/50 |    0.2s
train loss:0.1586 | acc:0.9475
val   loss:0.2846 | acc:0.8900
[[34m2025-04-28 10:41:09[0m] 
Epoch 35/50 |    0.2s
train loss:0.1473 | acc:0.9530
val   loss:0.2720 | acc:0.8900
[[34m2025-04-28 10:41:10[0m] 
Epoch 36/50 |    0.2s
train loss:0.1486 | acc:0.9510
val   loss:0.2941 | acc:0.8900
[[34m2025-04-28 10:41:10[0m] 
New best model saved at epoch 37 with validation accuracy 0.9300
[[34m2025-04-28 10:41:10[0m] 
Epoch 37/50 |    0.2s
train loss:0.1358 | acc:0.9590
val   loss:0.2383 | acc:0.9300
[[34m2025-04-28 10:41:10[0m] 
Epoch 38/50 |    0.2s
train loss:0.1377 | acc:0.9550
val   loss:0.2259 | acc:0.9200
[[34m2025-04-28 10:41:10[0m] 
Epoch 39/50 |    0.2s
train loss:0.1424 | acc:0.9545
val   loss:0.2919 | acc:0.8900
[[34m2025-04-28 10:41:11[0m] 
Epoch 40/50 |    0.2s
train loss:0.1305 | acc:0.9580
val   loss:0.2466 | acc:0.9100
[[34m2025-04-28 10:41:11[0m] 
Epoch 41/50 |    0.2s
train loss:0.1354 | acc:0.9585
val   loss:0.2538 | acc:0.9000
[[34m2025-04-28 10:41:11[0m] 
Epoch 42/50 |    0.2s
train loss:0.1324 | acc:0.9595
val   loss:0.2486 | acc:0.9000
[[34m2025-04-28 10:41:11[0m] 
Epoch 43/50 |    0.2s
train loss:0.1280 | acc:0.9620
val   loss:0.2192 | acc:0.9100
[[34m2025-04-28 10:41:12[0m] 
Epoch 44/50 |    0.2s
train loss:0.1338 | acc:0.9580
val   loss:0.2370 | acc:0.8900
[[34m2025-04-28 10:41:12[0m] 
Epoch 45/50 |    0.2s
train loss:0.1290 | acc:0.9615
val   loss:0.2425 | acc:0.8800
[[34m2025-04-28 10:41:12[0m] 
Epoch 46/50 |    0.2s
train loss:0.1298 | acc:0.9615
val   loss:0.2900 | acc:0.8600
[[34m2025-04-28 10:41:12[0m] 
Epoch 47/50 |    0.2s
train loss:0.1252 | acc:0.9585
val   loss:0.2442 | acc:0.9000
[[34m2025-04-28 10:41:12[0m] 
Epoch 48/50 |    0.2s
train loss:0.1273 | acc:0.9600
val   loss:0.2703 | acc:0.8800
[[34m2025-04-28 10:41:13[0m] 
Epoch 49/50 |    0.2s
train loss:0.1230 | acc:0.9600
val   loss:0.3029 | acc:0.8700
[[34m2025-04-28 10:41:13[0m] 
Epoch 50/50 |    0.2s
train loss:0.1362 | acc:0.9570
val   loss:0.2445 | acc:0.8900
[[34m2025-04-28 10:41:14[0m] 
 S/D test loss=0.3689 | acc=0.8469
wandb: WARNING The `quiet` argument to `wandb.run.finish()` is deprecated, use `wandb.Settings(quiet=...)` to set this instead.
wandb:                                                                                
wandb: 
wandb: Run history:
wandb:           epoch ▁▁▁▁▂▂▂▂▂▃▃▃▃▃▄▄▄▄▄▄▅▅▅▅▅▆▆▆▆▆▆▇▇▇▇▇▇███
wandb:        test/acc ▁
wandb:  test/batch_acc ▁
wandb: test/batch_loss ▁
wandb:       test/loss ▁
wandb:       train/acc ▁▃▃▃▄▅▅▅▆▆▇▆▇▇▇▇▇▇▇▇▇▇██████████████████
wandb:      train/loss ██▇▇▆▆▅▅▅▄▄▃▃▃▃▃▂▂▂▂▂▂▂▂▂▁▁▁▁▁▁▁▁▁▁▁▁▁▁▁
wandb:         val/acc ▁▃▁▂▂▂▄▃▄▄▆▅▅▆▅▆▇▅▇▆▇▇▇▇▇▇▇▇▇▇█▇█▇▇▇▇▆▇▇
wandb:        val/loss █▇▇▆▆▆▅▆▅▅▃▃▄▃▃▃▃▃▃▂▃▂▂▃▁▂▂▂▂▁▂▁▂▁▁▁▂▁▂▁
wandb: 
wandb: Run summary:
wandb:           epoch 49
wandb:        test/acc 0.8469
wandb:  test/batch_acc 0.875
wandb: test/batch_loss 0.34478
wandb:       test/loss 0.36887
wandb:       train/acc 0.957
wandb:      train/loss 0.13622
wandb:         val/acc 0.89
wandb:        val/loss 0.24452
wandb: 
wandb: 🚀 View run BTFF_g50_s42 at: https://wandb.ai/elder-veliz-yale-university/kuramoto-relational-model/runs/or4jxomj
wandb: ⭐️ View project at: https://wandb.ai/elder-veliz-yale-university/kuramoto-relational-model
wandb: Synced 5 W&B file(s), 1 media file(s), 0 artifact file(s) and 0 other file(s)
wandb: Find logs at: ./wandb/run-20250428_104059-or4jxomj/logs
