Detected kernel version 4.18.0, which is below the recommended minimum of 5.5.0; this can cause the process to hang. It is recommended to upgrade the kernel to the minimum version or higher.
[[34m2025-04-28 10:42:10[0m] Experiment directory created at runs/BTFF_g95_s42
[[34m2025-04-28 10:42:10[0m] Generating training/validation datasets...
[[34m2025-04-28 10:42:10[0m] range(0, 95)
[[34m2025-04-28 10:42:10[0m] Generating test dataset (OOD)...
[[34m2025-04-28 10:42:10[0m] range(95, 100)
wandb: Using wandb-core as the SDK backend.  Please refer to https://wandb.me/wandb-core for more information.
wandb: Currently logged in as: elder-veliz (elder-veliz-yale-university) to https://api.wandb.ai. Use `wandb login --relogin` to force relogin
wandb: Tracking run with wandb version 0.19.9
wandb: Run data is saved locally in /vast/palmer/home.grace/sds685_egv6/SNDS492/FINAL/wandb/run-20250428_104210-paieinn7
wandb: Run `wandb offline` to turn off syncing.
wandb: Syncing run BTFF_g95_s42
wandb: ⭐️ View project at https://wandb.ai/elder-veliz-yale-university/kuramoto-relational-model
wandb: 🚀 View run at https://wandb.ai/elder-veliz-yale-university/kuramoto-relational-model/runs/paieinn7
[[34m2025-04-28 10:42:11[0m] Initializing model and optimizer...
[[34m2025-04-28 10:42:11[0m] Total trainable parameters: 47729
[[34m2025-04-28 10:42:11[0m] Start training for 50 epochs
[[34m2025-04-28 10:42:12[0m] 
Epoch 1/50 |    0.9s
train loss:0.6795 | acc:0.5857
val   loss:0.6635 | acc:0.6300
[[34m2025-04-28 10:42:13[0m] 
Epoch 2/50 |    0.8s
train loss:0.6266 | acc:0.6973
val   loss:0.6166 | acc:0.6900
[[34m2025-04-28 10:42:13[0m] 
Epoch 3/50 |    0.4s
train loss:0.5607 | acc:0.7312
val   loss:0.5152 | acc:0.7900
[[34m2025-04-28 10:42:14[0m] 
Epoch 4/50 |    0.4s
train loss:0.5007 | acc:0.7682
val   loss:0.4856 | acc:0.7600
[[34m2025-04-28 10:42:14[0m] 
Epoch 5/50 |    0.4s
train loss:0.4498 | acc:0.8013
val   loss:0.4853 | acc:0.7600
[[34m2025-04-28 10:42:15[0m] 
Epoch 6/50 |    0.4s
train loss:0.4026 | acc:0.8313
val   loss:0.4230 | acc:0.8200
[[34m2025-04-28 10:42:15[0m] 
Epoch 7/50 |    0.4s
train loss:0.4052 | acc:0.8200
val   loss:0.3333 | acc:0.8700
[[34m2025-04-28 10:42:15[0m] 
Epoch 8/50 |    0.4s
train loss:0.3527 | acc:0.8430
val   loss:0.3802 | acc:0.8400
[[34m2025-04-28 10:42:16[0m] 
Epoch 9/50 |    0.4s
train loss:0.3436 | acc:0.8550
val   loss:0.3525 | acc:0.8600
[[34m2025-04-28 10:42:16[0m] 
Epoch 10/50 |    0.4s
train loss:0.3156 | acc:0.8720
val   loss:0.3693 | acc:0.8600
[[34m2025-04-28 10:42:17[0m] 
Epoch 11/50 |    0.4s
train loss:0.3322 | acc:0.8612
val   loss:0.3285 | acc:0.8600
[[34m2025-04-28 10:42:17[0m] 
Epoch 12/50 |    0.4s
train loss:0.2785 | acc:0.8888
val   loss:0.4155 | acc:0.8100
[[34m2025-04-28 10:42:18[0m] 
Epoch 13/50 |    0.4s
train loss:0.2702 | acc:0.8978
val   loss:0.3643 | acc:0.8300
[[34m2025-04-28 10:42:18[0m] 
Epoch 14/50 |    0.4s
train loss:0.2756 | acc:0.8860
val   loss:0.3620 | acc:0.8400
[[34m2025-04-28 10:42:18[0m] 
Epoch 15/50 |    0.4s
train loss:0.2874 | acc:0.8752
val   loss:0.3689 | acc:0.8400
[[34m2025-04-28 10:42:19[0m] 
Epoch 16/50 |    0.4s
train loss:0.2736 | acc:0.8852
val   loss:0.2579 | acc:0.9000
[[34m2025-04-28 10:42:19[0m] 
Epoch 17/50 |    0.4s
train loss:0.2443 | acc:0.9022
val   loss:0.3620 | acc:0.8300
[[34m2025-04-28 10:42:20[0m] 
Epoch 18/50 |    0.4s
train loss:0.2281 | acc:0.9100
val   loss:0.2655 | acc:0.8900
[[34m2025-04-28 10:42:20[0m] 
Epoch 19/50 |    0.4s
train loss:0.2266 | acc:0.9100
val   loss:0.2822 | acc:0.8800
[[34m2025-04-28 10:42:20[0m] 
Epoch 20/50 |    0.4s
train loss:0.2401 | acc:0.9052
val   loss:0.3132 | acc:0.8600
[[34m2025-04-28 10:42:21[0m] 
Epoch 21/50 |    0.4s
train loss:0.1973 | acc:0.9293
val   loss:0.3122 | acc:0.8700
[[34m2025-04-28 10:42:21[0m] 
Epoch 22/50 |    0.4s
train loss:0.1997 | acc:0.9247
val   loss:0.2514 | acc:0.9000
[[34m2025-04-28 10:42:22[0m] 
Epoch 23/50 |    0.4s
train loss:0.1919 | acc:0.9220
val   loss:0.2626 | acc:0.8900
[[34m2025-04-28 10:42:22[0m] 
Epoch 24/50 |    0.4s
train loss:0.1840 | acc:0.9277
val   loss:0.2471 | acc:0.9000
[[34m2025-04-28 10:42:22[0m] 
Epoch 25/50 |    0.4s
train loss:0.1834 | acc:0.9315
val   loss:0.2979 | acc:0.8400
[[34m2025-04-28 10:42:23[0m] 
New best model saved at epoch 26 with validation accuracy 0.8500
[[34m2025-04-28 10:42:23[0m] 
Epoch 26/50 |    0.4s
train loss:0.1815 | acc:0.9277
val   loss:0.2671 | acc:0.8500
[[34m2025-04-28 10:42:23[0m] 
New best model saved at epoch 27 with validation accuracy 0.8900
[[34m2025-04-28 10:42:23[0m] 
Epoch 27/50 |    0.4s
train loss:0.1774 | acc:0.9377
val   loss:0.2445 | acc:0.8900
[[34m2025-04-28 10:42:24[0m] 
Epoch 28/50 |    0.4s
train loss:0.1626 | acc:0.9363
val   loss:0.3039 | acc:0.8500
[[34m2025-04-28 10:42:24[0m] 
Epoch 29/50 |    0.4s
train loss:0.1568 | acc:0.9425
val   loss:0.2594 | acc:0.8600
[[34m2025-04-28 10:42:25[0m] 
Epoch 30/50 |    0.4s
train loss:0.1578 | acc:0.9450
val   loss:0.2836 | acc:0.8700
[[34m2025-04-28 10:42:25[0m] 
New best model saved at epoch 31 with validation accuracy 0.9100
[[34m2025-04-28 10:42:25[0m] 
Epoch 31/50 |    0.4s
train loss:0.1519 | acc:0.9500
val   loss:0.2047 | acc:0.9100
[[34m2025-04-28 10:42:25[0m] 
Epoch 32/50 |    0.4s
train loss:0.1508 | acc:0.9453
val   loss:0.2071 | acc:0.9000
[[34m2025-04-28 10:42:26[0m] 
New best model saved at epoch 33 with validation accuracy 0.9400
[[34m2025-04-28 10:42:26[0m] 
Epoch 33/50 |    0.4s
train loss:0.1423 | acc:0.9503
val   loss:0.1752 | acc:0.9400
[[34m2025-04-28 10:42:26[0m] 
Epoch 34/50 |    0.4s
train loss:0.1488 | acc:0.9475
val   loss:0.2061 | acc:0.9000
[[34m2025-04-28 10:42:27[0m] 
Epoch 35/50 |    0.4s
train loss:0.1481 | acc:0.9473
val   loss:0.2337 | acc:0.9000
[[34m2025-04-28 10:42:27[0m] 
Epoch 36/50 |    0.4s
train loss:0.1451 | acc:0.9477
val   loss:0.1612 | acc:0.9400
[[34m2025-04-28 10:42:27[0m] 
Epoch 37/50 |    0.4s
train loss:0.1301 | acc:0.9533
val   loss:0.1888 | acc:0.9400
[[34m2025-04-28 10:42:28[0m] 
Epoch 38/50 |    0.4s
train loss:0.1237 | acc:0.9573
val   loss:0.1761 | acc:0.9300
[[34m2025-04-28 10:42:28[0m] 
Epoch 39/50 |    0.4s
train loss:0.1211 | acc:0.9623
val   loss:0.1730 | acc:0.9400
[[34m2025-04-28 10:42:29[0m] 
Epoch 40/50 |    0.4s
train loss:0.1147 | acc:0.9623
val   loss:0.2086 | acc:0.9300
[[34m2025-04-28 10:42:29[0m] 
Epoch 41/50 |    0.4s
train loss:0.1245 | acc:0.9573
val   loss:0.1732 | acc:0.9400
[[34m2025-04-28 10:42:29[0m] 
Epoch 42/50 |    0.4s
train loss:0.1158 | acc:0.9645
val   loss:0.1813 | acc:0.9200
[[34m2025-04-28 10:42:30[0m] 
New best model saved at epoch 43 with validation accuracy 0.9600
[[34m2025-04-28 10:42:30[0m] 
Epoch 43/50 |    0.4s
train loss:0.1110 | acc:0.9633
val   loss:0.1537 | acc:0.9600
[[34m2025-04-28 10:42:30[0m] 
Epoch 44/50 |    0.4s
train loss:0.1141 | acc:0.9645
val   loss:0.1588 | acc:0.9400
[[34m2025-04-28 10:42:31[0m] 
Epoch 45/50 |    0.4s
train loss:0.1154 | acc:0.9645
val   loss:0.1999 | acc:0.9200
[[34m2025-04-28 10:42:31[0m] 
Epoch 46/50 |    0.4s
train loss:0.1063 | acc:0.9677
val   loss:0.1616 | acc:0.9500
[[34m2025-04-28 10:42:32[0m] 
Epoch 47/50 |    0.4s
train loss:0.1130 | acc:0.9620
val   loss:0.2397 | acc:0.8900
[[34m2025-04-28 10:42:32[0m] 
Epoch 48/50 |    0.4s
train loss:0.1102 | acc:0.9665
val   loss:0.2012 | acc:0.9100
[[34m2025-04-28 10:42:32[0m] 
Epoch 49/50 |    0.4s
train loss:0.1109 | acc:0.9647
val   loss:0.1452 | acc:0.9600
[[34m2025-04-28 10:42:33[0m] 
Epoch 50/50 |    0.4s
train loss:0.1130 | acc:0.9625
val   loss:0.1749 | acc:0.9400
[[34m2025-04-28 10:42:34[0m] 
 S/D test loss=0.2906 | acc=0.8694
wandb: WARNING The `quiet` argument to `wandb.run.finish()` is deprecated, use `wandb.Settings(quiet=...)` to set this instead.
wandb:                                                                                
wandb: 
wandb: Run history:
wandb:           epoch ▁▁▁▁▂▂▂▂▂▂▃▃▃▃▄▄▄▄▄▄▅▅▅▅▅▆▆▆▆▆▆▇▇▇▇▇▇███
wandb:        test/acc ▁
wandb:  test/batch_acc ▁
wandb: test/batch_loss ▁
wandb:       test/loss ▁
wandb:       train/acc ▁▄▄▅▅▆▆▆▇▇▆▆▇▇▇▇▇▇▇▇▇▇██████████████████
wandb:      train/loss █▇▇▆▅▅▄▄▄▄▃▃▃▃▃▂▃▂▂▂▂▂▂▂▂▁▂▂▁▁▁▁▁▁▁▁▁▁▁▁
wandb:         val/acc ▁▂▄▄▄▆▅▆▆▅▅▅▇▅▇▆▆▇▇▇▆▇▆▆▆▇█▇▇█▇█▇█▇█▇█▇█
wandb:        val/loss █▇▆▆▆▃▄▄▄▃▄▄▄▂▄▃▃▃▂▂▃▃▃▂▃▁▂▂▁▁▁▂▁▁▁▂▁▂▂▁
wandb: 
wandb: Run summary:
wandb:           epoch 49
wandb:        test/acc 0.8694
wandb:  test/batch_acc 0.89062
wandb: test/batch_loss 0.22793
wandb:       test/loss 0.29063
wandb:       train/acc 0.9625
wandb:      train/loss 0.11302
wandb:         val/acc 0.94
wandb:        val/loss 0.17489
wandb: 
wandb: 🚀 View run BTFF_g95_s42 at: https://wandb.ai/elder-veliz-yale-university/kuramoto-relational-model/runs/paieinn7
wandb: ⭐️ View project at: https://wandb.ai/elder-veliz-yale-university/kuramoto-relational-model
wandb: Synced 5 W&B file(s), 1 media file(s), 0 artifact file(s) and 0 other file(s)
wandb: Find logs at: ./wandb/run-20250428_104210-paieinn7/logs
