Detected kernel version 4.18.0, which is below the recommended minimum of 5.5.0; this can cause the process to hang. It is recommended to upgrade the kernel to the minimum version or higher.
[[34m2025-04-28 10:40:18[0m] Experiment directory created at runs/BTFF_g15_s319
[[34m2025-04-28 10:40:18[0m] Generating training/validation datasets...
[[34m2025-04-28 10:40:18[0m] range(0, 15)
[[34m2025-04-28 10:40:18[0m] Generating test dataset (OOD)...
[[34m2025-04-28 10:40:18[0m] range(15, 100)
wandb: Using wandb-core as the SDK backend.  Please refer to https://wandb.me/wandb-core for more information.
wandb: Currently logged in as: elder-veliz (elder-veliz-yale-university) to https://api.wandb.ai. Use `wandb login --relogin` to force relogin
wandb: Tracking run with wandb version 0.19.9
wandb: Run data is saved locally in /vast/palmer/home.grace/sds685_egv6/SNDS492/FINAL/wandb/run-20250428_104019-kovsmo4c
wandb: Run `wandb offline` to turn off syncing.
wandb: Syncing run BTFF_g15_s319
wandb: ⭐️ View project at https://wandb.ai/elder-veliz-yale-university/kuramoto-relational-model
wandb: 🚀 View run at https://wandb.ai/elder-veliz-yale-university/kuramoto-relational-model/runs/kovsmo4c
[[34m2025-04-28 10:40:19[0m] Initializing model and optimizer...
[[34m2025-04-28 10:40:19[0m] Total trainable parameters: 47729
[[34m2025-04-28 10:40:19[0m] Start training for 50 epochs
[[34m2025-04-28 10:40:20[0m] 
Epoch 1/50 |    0.8s
train loss:0.7284 | acc:0.4850
val   loss:0.6967 | acc:0.4800
[[34m2025-04-28 10:40:21[0m] 
Epoch 2/50 |    0.2s
train loss:0.6911 | acc:0.5200
val   loss:0.6920 | acc:0.5200
[[34m2025-04-28 10:40:21[0m] 
Epoch 3/50 |    0.6s
train loss:0.6845 | acc:0.5680
val   loss:0.6769 | acc:0.6800
[[34m2025-04-28 10:40:21[0m] 
Epoch 4/50 |    0.2s
train loss:0.6563 | acc:0.6545
val   loss:0.5966 | acc:0.7100
[[34m2025-04-28 10:40:22[0m] 
Epoch 5/50 |    0.2s
train loss:0.6168 | acc:0.6965
val   loss:0.5437 | acc:0.7200
[[34m2025-04-28 10:40:22[0m] 
Epoch 6/50 |    0.2s
train loss:0.5670 | acc:0.7295
val   loss:0.5217 | acc:0.7600
[[34m2025-04-28 10:40:22[0m] 
Epoch 7/50 |    0.2s
train loss:0.5301 | acc:0.7485
val   loss:0.4330 | acc:0.8400
[[34m2025-04-28 10:40:22[0m] 
Epoch 8/50 |    0.2s
train loss:0.4484 | acc:0.8175
val   loss:0.4156 | acc:0.8400
[[34m2025-04-28 10:40:22[0m] 
Epoch 9/50 |    0.2s
train loss:0.3891 | acc:0.8680
val   loss:0.3385 | acc:0.8700
[[34m2025-04-28 10:40:23[0m] 
Epoch 10/50 |    0.2s
train loss:0.3445 | acc:0.8795
val   loss:0.2804 | acc:0.9300
[[34m2025-04-28 10:40:23[0m] 
Epoch 11/50 |    0.2s
train loss:0.3116 | acc:0.8965
val   loss:0.3208 | acc:0.8900
[[34m2025-04-28 10:40:23[0m] 
Epoch 12/50 |    0.2s
train loss:0.2721 | acc:0.9140
val   loss:0.2289 | acc:0.9200
[[34m2025-04-28 10:40:23[0m] 
Epoch 13/50 |    0.2s
train loss:0.2514 | acc:0.9145
val   loss:0.2139 | acc:0.9500
[[34m2025-04-28 10:40:24[0m] 
Epoch 14/50 |    0.2s
train loss:0.2124 | acc:0.9415
val   loss:0.1965 | acc:0.9400
[[34m2025-04-28 10:40:24[0m] 
Epoch 15/50 |    0.2s
train loss:0.1983 | acc:0.9420
val   loss:0.1681 | acc:0.9500
[[34m2025-04-28 10:40:24[0m] 
Epoch 16/50 |    0.2s
train loss:0.1789 | acc:0.9485
val   loss:0.1482 | acc:0.9500
[[34m2025-04-28 10:40:24[0m] 
Epoch 17/50 |    0.2s
train loss:0.1590 | acc:0.9540
val   loss:0.1131 | acc:0.9800
[[34m2025-04-28 10:40:24[0m] 
Epoch 18/50 |    0.2s
train loss:0.1378 | acc:0.9610
val   loss:0.1326 | acc:0.9700
[[34m2025-04-28 10:40:25[0m] 
Epoch 19/50 |    0.2s
train loss:0.1274 | acc:0.9615
val   loss:0.1164 | acc:0.9700
[[34m2025-04-28 10:40:25[0m] 
Epoch 20/50 |    0.2s
train loss:0.1264 | acc:0.9635
val   loss:0.1307 | acc:0.9400
[[34m2025-04-28 10:40:25[0m] 
Epoch 21/50 |    0.2s
train loss:0.1341 | acc:0.9535
val   loss:0.2028 | acc:0.9200
[[34m2025-04-28 10:40:25[0m] 
Epoch 22/50 |    0.2s
train loss:0.1044 | acc:0.9685
val   loss:0.1051 | acc:0.9700
[[34m2025-04-28 10:40:26[0m] 
Epoch 23/50 |    0.2s
train loss:0.0905 | acc:0.9755
val   loss:0.1058 | acc:0.9700
[[34m2025-04-28 10:40:26[0m] 
Epoch 24/50 |    0.2s
train loss:0.0790 | acc:0.9815
val   loss:0.0859 | acc:0.9800
[[34m2025-04-28 10:40:26[0m] 
Epoch 25/50 |    0.2s
train loss:0.0697 | acc:0.9840
val   loss:0.0678 | acc:0.9800
[[34m2025-04-28 10:40:26[0m] 
New best model saved at epoch 26 with validation accuracy 0.9800
[[34m2025-04-28 10:40:26[0m] 
Epoch 26/50 |    0.2s
train loss:0.0691 | acc:0.9815
val   loss:0.0563 | acc:0.9800
[[34m2025-04-28 10:40:26[0m] 
New best model saved at epoch 27 with validation accuracy 0.9900
[[34m2025-04-28 10:40:26[0m] 
Epoch 27/50 |    0.2s
train loss:0.0545 | acc:0.9905
val   loss:0.0661 | acc:0.9900
[[34m2025-04-28 10:40:27[0m] 
Epoch 28/50 |    0.2s
train loss:0.0536 | acc:0.9855
val   loss:0.0482 | acc:0.9800
[[34m2025-04-28 10:40:27[0m] 
Epoch 29/50 |    0.2s
train loss:0.0484 | acc:0.9925
val   loss:0.0503 | acc:0.9800
[[34m2025-04-28 10:40:27[0m] 
Epoch 30/50 |    0.2s
train loss:0.0456 | acc:0.9905
val   loss:0.0575 | acc:0.9800
[[34m2025-04-28 10:40:27[0m] 
New best model saved at epoch 31 with validation accuracy 1.0000
[[34m2025-04-28 10:40:27[0m] 
Epoch 31/50 |    0.2s
train loss:0.0407 | acc:0.9935
val   loss:0.0356 | acc:1.0000
[[34m2025-04-28 10:40:28[0m] 
Epoch 32/50 |    0.2s
train loss:0.0389 | acc:0.9940
val   loss:0.0365 | acc:0.9800
[[34m2025-04-28 10:40:28[0m] 
Epoch 33/50 |    0.2s
train loss:0.0329 | acc:0.9950
val   loss:0.0297 | acc:1.0000
[[34m2025-04-28 10:40:28[0m] 
Epoch 34/50 |    0.2s
train loss:0.0289 | acc:0.9960
val   loss:0.0241 | acc:1.0000
[[34m2025-04-28 10:40:28[0m] 
Epoch 35/50 |    0.2s
train loss:0.0281 | acc:0.9960
val   loss:0.0361 | acc:0.9900
[[34m2025-04-28 10:40:29[0m] 
Epoch 36/50 |    0.2s
train loss:0.0283 | acc:0.9970
val   loss:0.0377 | acc:0.9900
[[34m2025-04-28 10:40:29[0m] 
Epoch 37/50 |    0.2s
train loss:0.0279 | acc:0.9970
val   loss:0.0267 | acc:1.0000
[[34m2025-04-28 10:40:29[0m] 
Epoch 38/50 |    0.2s
train loss:0.0247 | acc:0.9980
val   loss:0.0877 | acc:0.9800
[[34m2025-04-28 10:40:29[0m] 
Epoch 39/50 |    0.2s
train loss:0.0234 | acc:0.9990
val   loss:0.0285 | acc:0.9900
[[34m2025-04-28 10:40:29[0m] 
Epoch 40/50 |    0.2s
train loss:0.0223 | acc:0.9980
val   loss:0.0236 | acc:1.0000
[[34m2025-04-28 10:40:30[0m] 
Epoch 41/50 |    0.2s
train loss:0.0199 | acc:0.9995
val   loss:0.0219 | acc:1.0000
[[34m2025-04-28 10:40:30[0m] 
Epoch 42/50 |    0.2s
train loss:0.0218 | acc:0.9970
val   loss:0.0209 | acc:1.0000
[[34m2025-04-28 10:40:30[0m] 
Epoch 43/50 |    0.2s
train loss:0.0205 | acc:0.9995
val   loss:0.0269 | acc:1.0000
[[34m2025-04-28 10:40:30[0m] 
Epoch 44/50 |    0.2s
train loss:0.0201 | acc:0.9990
val   loss:0.0225 | acc:0.9900
[[34m2025-04-28 10:40:30[0m] 
Epoch 45/50 |    0.2s
train loss:0.0214 | acc:0.9980
val   loss:0.0210 | acc:1.0000
[[34m2025-04-28 10:40:31[0m] 
Epoch 46/50 |    0.2s
train loss:0.0203 | acc:0.9990
val   loss:0.0149 | acc:1.0000
[[34m2025-04-28 10:40:31[0m] 
Epoch 47/50 |    0.2s
train loss:0.0196 | acc:0.9990
val   loss:0.0258 | acc:0.9900
[[34m2025-04-28 10:40:31[0m] 
Epoch 48/50 |    0.2s
train loss:0.0197 | acc:0.9990
val   loss:0.0155 | acc:1.0000
[[34m2025-04-28 10:40:31[0m] 
Epoch 49/50 |    0.2s
train loss:0.0204 | acc:0.9975
val   loss:0.0177 | acc:1.0000
[[34m2025-04-28 10:40:32[0m] 
Epoch 50/50 |    0.2s
train loss:0.0201 | acc:0.9995
val   loss:0.0260 | acc:1.0000
[[34m2025-04-28 10:40:33[0m] 
 S/D test loss=0.4713 | acc=0.8326
wandb: WARNING The `quiet` argument to `wandb.run.finish()` is deprecated, use `wandb.Settings(quiet=...)` to set this instead.
wandb:                                                                                
wandb: 
wandb: Run history:
wandb:           epoch ▁▁▁▁▂▂▂▂▂▂▃▃▃▃▃▄▄▄▄▄▅▅▅▅▅▅▆▆▆▆▆▇▇▇▇▇▇███
wandb:        test/acc ▁
wandb:  test/batch_acc ▁
wandb: test/batch_loss ▁
wandb:       test/loss ▁
wandb:       train/acc ▁▁▂▄▄▆▆▆▇▇▇▇▇▇▇█▇███████████████████████
wandb:      train/loss ██▇▇▆▅▅▄▄▃▃▃▃▂▂▂▂▂▂▂▁▁▁▁▁▁▁▁▁▁▁▁▁▁▁▁▁▁▁▁
wandb:         val/acc ▁▂▄▄▄▆▆▆▇▇▇▇▇██▇▇███████████████████████
wandb:        val/loss ██▇▆▆▅▄▄▄▃▃▃▂▂▂▂▃▂▂▂▁▂▁▁▁▁▁▁▁▁▁▁▁▁▁▁▁▁▁▁
wandb: 
wandb: Run summary:
wandb:           epoch 49
wandb:        test/acc 0.8326
wandb:  test/batch_acc 0.82812
wandb: test/batch_loss 0.49369
wandb:       test/loss 0.47126
wandb:       train/acc 0.9995
wandb:      train/loss 0.02013
wandb:         val/acc 1
wandb:        val/loss 0.02598
wandb: 
wandb: 🚀 View run BTFF_g15_s319 at: https://wandb.ai/elder-veliz-yale-university/kuramoto-relational-model/runs/kovsmo4c
wandb: ⭐️ View project at: https://wandb.ai/elder-veliz-yale-university/kuramoto-relational-model
wandb: Synced 5 W&B file(s), 1 media file(s), 0 artifact file(s) and 0 other file(s)
wandb: Find logs at: ./wandb/run-20250428_104019-kovsmo4c/logs
