Detected kernel version 4.18.0, which is below the recommended minimum of 5.5.0; this can cause the process to hang. It is recommended to upgrade the kernel to the minimum version or higher.
[[34m2025-04-28 10:41:24[0m] Experiment directory created at runs/BTFF_g95_s321
[[34m2025-04-28 10:41:24[0m] Generating training/validation datasets...
[[34m2025-04-28 10:41:24[0m] range(0, 95)
[[34m2025-04-28 10:41:24[0m] Generating test dataset (OOD)...
[[34m2025-04-28 10:41:24[0m] range(95, 100)
wandb: Using wandb-core as the SDK backend.  Please refer to https://wandb.me/wandb-core for more information.
wandb: Currently logged in as: elder-veliz (elder-veliz-yale-university) to https://api.wandb.ai. Use `wandb login --relogin` to force relogin
wandb: Tracking run with wandb version 0.19.9
wandb: Run data is saved locally in /vast/palmer/home.grace/sds685_egv6/SNDS492/FINAL/wandb/run-20250428_104125-jkgz38ok
wandb: Run `wandb offline` to turn off syncing.
wandb: Syncing run BTFF_g95_s321
wandb: ⭐️ View project at https://wandb.ai/elder-veliz-yale-university/kuramoto-relational-model
wandb: 🚀 View run at https://wandb.ai/elder-veliz-yale-university/kuramoto-relational-model/runs/jkgz38ok
[[34m2025-04-28 10:41:25[0m] Initializing model and optimizer...
[[34m2025-04-28 10:41:26[0m] Total trainable parameters: 47729
[[34m2025-04-28 10:41:26[0m] Start training for 50 epochs
[[34m2025-04-28 10:41:27[0m] 
Epoch 1/50 |    1.1s
train loss:0.6878 | acc:0.5767
val   loss:0.6801 | acc:0.6000
[[34m2025-04-28 10:41:28[0m] 
Epoch 2/50 |    1.0s
train loss:0.6538 | acc:0.6915
val   loss:0.6082 | acc:0.7600
[[34m2025-04-28 10:41:28[0m] 
Epoch 3/50 |    0.5s
train loss:0.5794 | acc:0.7250
val   loss:0.5239 | acc:0.7400
[[34m2025-04-28 10:41:29[0m] 
Epoch 4/50 |    0.5s
train loss:0.5292 | acc:0.7468
val   loss:0.4821 | acc:0.7300
[[34m2025-04-28 10:41:29[0m] 
Epoch 5/50 |    0.5s
train loss:0.4843 | acc:0.7790
val   loss:0.4420 | acc:0.8100
[[34m2025-04-28 10:41:30[0m] 
Epoch 6/50 |    0.5s
train loss:0.4393 | acc:0.8045
val   loss:0.4262 | acc:0.7800
[[34m2025-04-28 10:41:30[0m] 
Epoch 7/50 |    0.5s
train loss:0.4261 | acc:0.8110
val   loss:0.5167 | acc:0.7200
[[34m2025-04-28 10:41:31[0m] 
Epoch 8/50 |    0.5s
train loss:0.4048 | acc:0.8207
val   loss:0.4328 | acc:0.8000
[[34m2025-04-28 10:41:31[0m] 
Epoch 9/50 |    0.5s
train loss:0.3854 | acc:0.8257
val   loss:0.4332 | acc:0.8300
[[34m2025-04-28 10:41:32[0m] 
Epoch 10/50 |    0.5s
train loss:0.3672 | acc:0.8427
val   loss:0.3202 | acc:0.8800
[[34m2025-04-28 10:41:32[0m] 
Epoch 11/50 |    0.5s
train loss:0.3438 | acc:0.8568
val   loss:0.3500 | acc:0.8000
[[34m2025-04-28 10:41:33[0m] 
Epoch 12/50 |    0.5s
train loss:0.3325 | acc:0.8535
val   loss:0.3436 | acc:0.8500
[[34m2025-04-28 10:41:33[0m] 
Epoch 13/50 |    0.5s
train loss:0.3088 | acc:0.8770
val   loss:0.3572 | acc:0.8400
[[34m2025-04-28 10:41:34[0m] 
Epoch 14/50 |    0.5s
train loss:0.2759 | acc:0.8902
val   loss:0.3388 | acc:0.8500
[[34m2025-04-28 10:41:34[0m] 
Epoch 15/50 |    0.5s
train loss:0.2533 | acc:0.9015
val   loss:0.3175 | acc:0.8300
[[34m2025-04-28 10:41:35[0m] 
Epoch 16/50 |    0.5s
train loss:0.2477 | acc:0.8995
val   loss:0.2654 | acc:0.8700
[[34m2025-04-28 10:41:35[0m] 
Epoch 17/50 |    0.5s
train loss:0.2331 | acc:0.9100
val   loss:0.2682 | acc:0.8700
[[34m2025-04-28 10:41:36[0m] 
Epoch 18/50 |    0.5s
train loss:0.2260 | acc:0.9067
val   loss:0.2685 | acc:0.8700
[[34m2025-04-28 10:41:36[0m] 
Epoch 19/50 |    0.5s
train loss:0.2213 | acc:0.9120
val   loss:0.2096 | acc:0.9400
[[34m2025-04-28 10:41:37[0m] 
Epoch 20/50 |    0.5s
train loss:0.2159 | acc:0.9127
val   loss:0.2261 | acc:0.9100
[[34m2025-04-28 10:41:37[0m] 
Epoch 21/50 |    0.5s
train loss:0.1953 | acc:0.9260
val   loss:0.2243 | acc:0.8900
[[34m2025-04-28 10:41:38[0m] 
Epoch 22/50 |    0.5s
train loss:0.1844 | acc:0.9290
val   loss:0.1831 | acc:0.9300
[[34m2025-04-28 10:41:38[0m] 
Epoch 23/50 |    0.5s
train loss:0.1910 | acc:0.9275
val   loss:0.2116 | acc:0.9400
[[34m2025-04-28 10:41:39[0m] 
Epoch 24/50 |    0.5s
train loss:0.1847 | acc:0.9290
val   loss:0.2044 | acc:0.9300
[[34m2025-04-28 10:41:39[0m] 
Epoch 25/50 |    0.5s
train loss:0.1649 | acc:0.9385
val   loss:0.1718 | acc:0.9200
[[34m2025-04-28 10:41:40[0m] 
New best model saved at epoch 26 with validation accuracy 0.9400
[[34m2025-04-28 10:41:40[0m] 
Epoch 26/50 |    0.5s
train loss:0.1702 | acc:0.9327
val   loss:0.1850 | acc:0.9400
[[34m2025-04-28 10:41:40[0m] 
Epoch 27/50 |    0.5s
train loss:0.1564 | acc:0.9435
val   loss:0.2155 | acc:0.9100
[[34m2025-04-28 10:41:41[0m] 
Epoch 28/50 |    0.5s
train loss:0.1464 | acc:0.9470
val   loss:0.1750 | acc:0.9300
[[34m2025-04-28 10:41:41[0m] 
New best model saved at epoch 29 with validation accuracy 0.9600
[[34m2025-04-28 10:41:41[0m] 
Epoch 29/50 |    0.5s
train loss:0.1409 | acc:0.9493
val   loss:0.1343 | acc:0.9600
[[34m2025-04-28 10:41:42[0m] 
Epoch 30/50 |    0.5s
train loss:0.1320 | acc:0.9547
val   loss:0.1804 | acc:0.9400
[[34m2025-04-28 10:41:42[0m] 
Epoch 31/50 |    0.5s
train loss:0.1334 | acc:0.9517
val   loss:0.1354 | acc:0.9500
[[34m2025-04-28 10:41:43[0m] 
Epoch 32/50 |    0.5s
train loss:0.1312 | acc:0.9497
val   loss:0.2086 | acc:0.9100
[[34m2025-04-28 10:41:43[0m] 
Epoch 33/50 |    0.5s
train loss:0.1243 | acc:0.9555
val   loss:0.1682 | acc:0.9300
[[34m2025-04-28 10:41:44[0m] 
Epoch 34/50 |    0.5s
train loss:0.1177 | acc:0.9603
val   loss:0.1254 | acc:0.9600
[[34m2025-04-28 10:41:45[0m] 
Epoch 35/50 |    0.5s
train loss:0.1180 | acc:0.9590
val   loss:0.1699 | acc:0.9500
[[34m2025-04-28 10:41:45[0m] 
Epoch 36/50 |    0.5s
train loss:0.1136 | acc:0.9610
val   loss:0.0941 | acc:0.9600
[[34m2025-04-28 10:41:46[0m] 
Epoch 37/50 |    0.5s
train loss:0.1045 | acc:0.9663
val   loss:0.1380 | acc:0.9300
[[34m2025-04-28 10:41:46[0m] 
Epoch 38/50 |    0.5s
train loss:0.1063 | acc:0.9630
val   loss:0.1440 | acc:0.9400
[[34m2025-04-28 10:41:47[0m] 
Epoch 39/50 |    0.5s
train loss:0.1026 | acc:0.9633
val   loss:0.1035 | acc:0.9500
[[34m2025-04-28 10:41:47[0m] 
New best model saved at epoch 40 with validation accuracy 0.9700
[[34m2025-04-28 10:41:47[0m] 
Epoch 40/50 |    0.5s
train loss:0.1041 | acc:0.9633
val   loss:0.1187 | acc:0.9700
[[34m2025-04-28 10:41:48[0m] 
Epoch 41/50 |    0.5s
train loss:0.0988 | acc:0.9670
val   loss:0.1130 | acc:0.9500
[[34m2025-04-28 10:41:48[0m] 
Epoch 42/50 |    0.5s
train loss:0.0959 | acc:0.9677
val   loss:0.1232 | acc:0.9600
[[34m2025-04-28 10:41:49[0m] 
Epoch 43/50 |    0.5s
train loss:0.0936 | acc:0.9702
val   loss:0.1189 | acc:0.9700
[[34m2025-04-28 10:41:49[0m] 
Epoch 44/50 |    0.5s
train loss:0.0978 | acc:0.9683
val   loss:0.1552 | acc:0.9400
[[34m2025-04-28 10:41:50[0m] 
Epoch 45/50 |    0.5s
train loss:0.0885 | acc:0.9710
val   loss:0.1737 | acc:0.9300
[[34m2025-04-28 10:41:50[0m] 
Epoch 46/50 |    0.5s
train loss:0.0883 | acc:0.9685
val   loss:0.1552 | acc:0.9300
[[34m2025-04-28 10:41:51[0m] 
Epoch 47/50 |    0.5s
train loss:0.0908 | acc:0.9665
val   loss:0.1639 | acc:0.9400
[[34m2025-04-28 10:41:51[0m] 
Epoch 48/50 |    0.5s
train loss:0.0924 | acc:0.9698
val   loss:0.1195 | acc:0.9400
[[34m2025-04-28 10:41:52[0m] 
Epoch 49/50 |    0.5s
train loss:0.0898 | acc:0.9685
val   loss:0.1856 | acc:0.9100
[[34m2025-04-28 10:41:52[0m] 
Epoch 50/50 |    0.5s
train loss:0.0971 | acc:0.9670
val   loss:0.1628 | acc:0.9200
[[34m2025-04-28 10:41:54[0m] 
 S/D test loss=0.2520 | acc=0.8843
wandb: WARNING The `quiet` argument to `wandb.run.finish()` is deprecated, use `wandb.Settings(quiet=...)` to set this instead.
wandb:                                                                                
wandb: 
wandb: Run history:
wandb:           epoch ▁▁▁▂▂▂▂▂▂▃▃▃▃▃▃▄▄▄▄▄▅▅▅▅▅▆▆▆▆▆▆▇▇▇▇▇▇███
wandb:        test/acc ▁
wandb:  test/batch_acc ▁
wandb: test/batch_loss ▁
wandb:       test/loss ▁
wandb:       train/acc ▁▃▄▄▅▅▅▅▆▆▆▇▇▇▇▇▇▇▇▇▇▇██████████████████
wandb:      train/loss ██▇▆▆▅▅▄▄▄▃▃▃▃▃▂▂▂▂▂▂▂▂▂▂▁▁▁▁▁▁▁▁▁▁▁▁▁▁▁
wandb:         val/acc ▁▄▄▃▅▃▅▅▅▆▆▅▆▆▆▇▆▇▇▇▇▇▇█▇▇▇███▇████▇▇▇▇▇
wandb:        val/loss █▆▆▅▆▅▄▄▄▄▄▃▃▃▂▃▂▂▂▂▂▂▁▂▁▂▁▂▁▂▁▁▁▁▁▂▂▂▁▂
wandb: 
wandb: Run summary:
wandb:           epoch 49
wandb:        test/acc 0.8843
wandb:  test/batch_acc 0.85938
wandb: test/batch_loss 0.24346
wandb:       test/loss 0.25203
wandb:       train/acc 0.967
wandb:      train/loss 0.0971
wandb:         val/acc 0.92
wandb:        val/loss 0.1628
wandb: 
wandb: 🚀 View run BTFF_g95_s321 at: https://wandb.ai/elder-veliz-yale-university/kuramoto-relational-model/runs/jkgz38ok
wandb: ⭐️ View project at: https://wandb.ai/elder-veliz-yale-university/kuramoto-relational-model
wandb: Synced 5 W&B file(s), 1 media file(s), 0 artifact file(s) and 0 other file(s)
wandb: Find logs at: ./wandb/run-20250428_104125-jkgz38ok/logs
