Detected kernel version 4.18.0, which is below the recommended minimum of 5.5.0; this can cause the process to hang. It is recommended to upgrade the kernel to the minimum version or higher.
[[34m2025-04-28 10:41:01[0m] Experiment directory created at runs/BTFF_g50_s492
[[34m2025-04-28 10:41:01[0m] Generating training/validation datasets...
[[34m2025-04-28 10:41:01[0m] range(0, 50)
[[34m2025-04-28 10:41:01[0m] Generating test dataset (OOD)...
[[34m2025-04-28 10:41:01[0m] range(50, 100)
wandb: Using wandb-core as the SDK backend.  Please refer to https://wandb.me/wandb-core for more information.
wandb: Currently logged in as: elder-veliz (elder-veliz-yale-university) to https://api.wandb.ai. Use `wandb login --relogin` to force relogin
wandb: Tracking run with wandb version 0.19.9
wandb: Run data is saved locally in /vast/palmer/home.grace/sds685_egv6/SNDS492/FINAL/wandb/run-20250428_104102-5wzaw4tw
wandb: Run `wandb offline` to turn off syncing.
wandb: Syncing run BTFF_g50_s492
wandb: ⭐️ View project at https://wandb.ai/elder-veliz-yale-university/kuramoto-relational-model
wandb: 🚀 View run at https://wandb.ai/elder-veliz-yale-university/kuramoto-relational-model/runs/5wzaw4tw
[[34m2025-04-28 10:41:03[0m] Initializing model and optimizer...
[[34m2025-04-28 10:41:03[0m] Total trainable parameters: 47729
[[34m2025-04-28 10:41:03[0m] Start training for 50 epochs
[[34m2025-04-28 10:41:04[0m] 
Epoch 1/50 |    0.9s
train loss:0.6835 | acc:0.5840
val   loss:0.6611 | acc:0.7600
[[34m2025-04-28 10:41:04[0m] 
Epoch 2/50 |    0.3s
train loss:0.6572 | acc:0.6645
val   loss:0.6356 | acc:0.7600
[[34m2025-04-28 10:41:05[0m] 
Epoch 3/50 |    0.8s
train loss:0.6315 | acc:0.6820
val   loss:0.6015 | acc:0.7000
[[34m2025-04-28 10:41:05[0m] 
Epoch 4/50 |    0.3s
train loss:0.5802 | acc:0.7265
val   loss:0.5499 | acc:0.7200
[[34m2025-04-28 10:41:06[0m] 
Epoch 5/50 |    0.3s
train loss:0.5636 | acc:0.7515
val   loss:0.5217 | acc:0.8000
[[34m2025-04-28 10:41:06[0m] 
Epoch 6/50 |    0.3s
train loss:0.5324 | acc:0.7550
val   loss:0.5227 | acc:0.7700
[[34m2025-04-28 10:41:06[0m] 
Epoch 7/50 |    0.3s
train loss:0.4855 | acc:0.7815
val   loss:0.4250 | acc:0.8600
[[34m2025-04-28 10:41:06[0m] 
Epoch 8/50 |    0.3s
train loss:0.4425 | acc:0.8140
val   loss:0.3889 | acc:0.8400
[[34m2025-04-28 10:41:07[0m] 
Epoch 9/50 |    0.3s
train loss:0.4140 | acc:0.8335
val   loss:0.3949 | acc:0.8700
[[34m2025-04-28 10:41:07[0m] 
Epoch 10/50 |    0.3s
train loss:0.4054 | acc:0.8335
val   loss:0.4312 | acc:0.8100
[[34m2025-04-28 10:41:07[0m] 
Epoch 11/50 |    0.3s
train loss:0.3959 | acc:0.8340
val   loss:0.3629 | acc:0.8400
[[34m2025-04-28 10:41:08[0m] 
Epoch 12/50 |    0.3s
train loss:0.3607 | acc:0.8620
val   loss:0.3017 | acc:0.8900
[[34m2025-04-28 10:41:08[0m] 
Epoch 13/50 |    0.3s
train loss:0.3471 | acc:0.8605
val   loss:0.2943 | acc:0.8900
[[34m2025-04-28 10:41:08[0m] 
Epoch 14/50 |    0.3s
train loss:0.3355 | acc:0.8645
val   loss:0.3569 | acc:0.7900
[[34m2025-04-28 10:41:08[0m] 
Epoch 15/50 |    0.3s
train loss:0.3228 | acc:0.8730
val   loss:0.2595 | acc:0.9200
[[34m2025-04-28 10:41:09[0m] 
Epoch 16/50 |    0.3s
train loss:0.3098 | acc:0.8730
val   loss:0.2505 | acc:0.9000
[[34m2025-04-28 10:41:09[0m] 
Epoch 17/50 |    0.3s
train loss:0.2869 | acc:0.8850
val   loss:0.2241 | acc:0.9600
[[34m2025-04-28 10:41:09[0m] 
Epoch 18/50 |    0.3s
train loss:0.2705 | acc:0.8980
val   loss:0.2528 | acc:0.9100
[[34m2025-04-28 10:41:10[0m] 
Epoch 19/50 |    0.3s
train loss:0.2723 | acc:0.8995
val   loss:0.2187 | acc:0.9300
[[34m2025-04-28 10:41:10[0m] 
Epoch 20/50 |    0.3s
train loss:0.2498 | acc:0.9065
val   loss:0.2209 | acc:0.9000
[[34m2025-04-28 10:41:10[0m] 
Epoch 21/50 |    0.3s
train loss:0.2476 | acc:0.9080
val   loss:0.1893 | acc:0.9400
[[34m2025-04-28 10:41:10[0m] 
Epoch 22/50 |    0.3s
train loss:0.2510 | acc:0.9085
val   loss:0.2314 | acc:0.9500
[[34m2025-04-28 10:41:11[0m] 
Epoch 23/50 |    0.3s
train loss:0.2246 | acc:0.9180
val   loss:0.2275 | acc:0.9100
[[34m2025-04-28 10:41:11[0m] 
Epoch 24/50 |    0.3s
train loss:0.2363 | acc:0.9125
val   loss:0.1696 | acc:0.9400
[[34m2025-04-28 10:41:11[0m] 
Epoch 25/50 |    0.3s
train loss:0.1970 | acc:0.9345
val   loss:0.1672 | acc:0.9500
[[34m2025-04-28 10:41:11[0m] 
New best model saved at epoch 26 with validation accuracy 0.9500
[[34m2025-04-28 10:41:11[0m] 
Epoch 26/50 |    0.3s
train loss:0.1962 | acc:0.9355
val   loss:0.1590 | acc:0.9500
[[34m2025-04-28 10:41:12[0m] 
New best model saved at epoch 27 with validation accuracy 0.9600
[[34m2025-04-28 10:41:12[0m] 
Epoch 27/50 |    0.3s
train loss:0.1943 | acc:0.9330
val   loss:0.1165 | acc:0.9600
[[34m2025-04-28 10:41:12[0m] 
Epoch 28/50 |    0.3s
train loss:0.1862 | acc:0.9360
val   loss:0.1787 | acc:0.9400
[[34m2025-04-28 10:41:12[0m] 
Epoch 29/50 |    0.3s
train loss:0.1751 | acc:0.9415
val   loss:0.1354 | acc:0.9600
[[34m2025-04-28 10:41:13[0m] 
Epoch 30/50 |    0.3s
train loss:0.1661 | acc:0.9460
val   loss:0.1361 | acc:0.9600
[[34m2025-04-28 10:41:13[0m] 
Epoch 31/50 |    0.3s
train loss:0.1723 | acc:0.9355
val   loss:0.1260 | acc:0.9600
[[34m2025-04-28 10:41:13[0m] 
Epoch 32/50 |    0.3s
train loss:0.1541 | acc:0.9530
val   loss:0.1568 | acc:0.9500
[[34m2025-04-28 10:41:13[0m] 
Epoch 33/50 |    0.3s
train loss:0.1593 | acc:0.9470
val   loss:0.1363 | acc:0.9600
[[34m2025-04-28 10:41:14[0m] 
Epoch 34/50 |    0.3s
train loss:0.1486 | acc:0.9540
val   loss:0.1686 | acc:0.9600
[[34m2025-04-28 10:41:14[0m] 
New best model saved at epoch 35 with validation accuracy 0.9800
[[34m2025-04-28 10:41:14[0m] 
Epoch 35/50 |    0.3s
train loss:0.1546 | acc:0.9475
val   loss:0.1173 | acc:0.9800
[[34m2025-04-28 10:41:14[0m] 
Epoch 36/50 |    0.3s
train loss:0.1444 | acc:0.9520
val   loss:0.1753 | acc:0.9400
[[34m2025-04-28 10:41:15[0m] 
Epoch 37/50 |    0.3s
train loss:0.1488 | acc:0.9470
val   loss:0.1269 | acc:0.9700
[[34m2025-04-28 10:41:15[0m] 
Epoch 38/50 |    0.3s
train loss:0.1491 | acc:0.9520
val   loss:0.1519 | acc:0.9300
[[34m2025-04-28 10:41:15[0m] 
Epoch 39/50 |    0.3s
train loss:0.1416 | acc:0.9515
val   loss:0.1210 | acc:0.9600
[[34m2025-04-28 10:41:15[0m] 
Epoch 40/50 |    0.3s
train loss:0.1375 | acc:0.9565
val   loss:0.1077 | acc:0.9800
[[34m2025-04-28 10:41:16[0m] 
Epoch 41/50 |    0.3s
train loss:0.1376 | acc:0.9570
val   loss:0.1198 | acc:0.9600
[[34m2025-04-28 10:41:16[0m] 
Epoch 42/50 |    0.3s
train loss:0.1347 | acc:0.9580
val   loss:0.1121 | acc:0.9700
[[34m2025-04-28 10:41:16[0m] 
Epoch 43/50 |    0.3s
train loss:0.1324 | acc:0.9600
val   loss:0.1223 | acc:0.9700
[[34m2025-04-28 10:41:16[0m] 
Epoch 44/50 |    0.3s
train loss:0.1299 | acc:0.9570
val   loss:0.1152 | acc:0.9600
[[34m2025-04-28 10:41:17[0m] 
Epoch 45/50 |    0.3s
train loss:0.1290 | acc:0.9600
val   loss:0.1281 | acc:0.9600
[[34m2025-04-28 10:41:17[0m] 
Epoch 46/50 |    0.3s
train loss:0.1238 | acc:0.9575
val   loss:0.0952 | acc:0.9800
[[34m2025-04-28 10:41:17[0m] 
New best model saved at epoch 47 with validation accuracy 0.9900
[[34m2025-04-28 10:41:17[0m] 
Epoch 47/50 |    0.3s
train loss:0.1269 | acc:0.9580
val   loss:0.0874 | acc:0.9900
[[34m2025-04-28 10:41:18[0m] 
Epoch 48/50 |    0.3s
train loss:0.1323 | acc:0.9615
val   loss:0.1270 | acc:0.9600
[[34m2025-04-28 10:41:18[0m] 
Epoch 49/50 |    0.3s
train loss:0.1275 | acc:0.9585
val   loss:0.1136 | acc:0.9700
[[34m2025-04-28 10:41:18[0m] 
Epoch 50/50 |    0.3s
train loss:0.1311 | acc:0.9565
val   loss:0.0737 | acc:0.9900
[[34m2025-04-28 10:41:20[0m] 
 S/D test loss=0.3030 | acc=0.8781
wandb: WARNING The `quiet` argument to `wandb.run.finish()` is deprecated, use `wandb.Settings(quiet=...)` to set this instead.
wandb:                                                                                
wandb: 
wandb: Run history:
wandb:           epoch ▁▁▁▁▂▂▂▂▂▃▃▃▃▃▃▄▄▄▄▄▅▅▅▅▅▅▆▆▆▆▆▆▇▇▇▇▇███
wandb:        test/acc ▁
wandb:  test/batch_acc ▁
wandb: test/batch_loss ▁
wandb:       test/loss ▁
wandb:       train/acc ▁▂▃▄▄▅▅▆▆▆▆▆▆▆▇▇▇▇▇▇████████████████████
wandb:      train/loss ██▇▇▇▆▅▅▅▄▄▃▃▃▃▃▃▃▂▂▂▂▂▂▂▁▁▁▁▁▁▁▁▁▁▁▁▁▁▁
wandb:         val/acc ▂▂▁▁▃▅▄▅▄▄▆▃▆▆▇▇▆▇▇▆▇▇▇▇▇▇▇▇█▇▇▇█▇█▇██▇█
wandb:        val/loss ██▇▇▆▅▅▅▅▄▄▄▃▃▃▃▃▂▃▃▂▂▂▂▂▂▂▂▂▂▂▂▂▁▁▁▂▁▁▁
wandb: 
wandb: Run summary:
wandb:           epoch 49
wandb:        test/acc 0.8781
wandb:  test/batch_acc 0.92188
wandb: test/batch_loss 0.22423
wandb:       test/loss 0.30304
wandb:       train/acc 0.9565
wandb:      train/loss 0.13109
wandb:         val/acc 0.99
wandb:        val/loss 0.07366
wandb: 
wandb: 🚀 View run BTFF_g50_s492 at: https://wandb.ai/elder-veliz-yale-university/kuramoto-relational-model/runs/5wzaw4tw
wandb: ⭐️ View project at: https://wandb.ai/elder-veliz-yale-university/kuramoto-relational-model
wandb: Synced 5 W&B file(s), 1 media file(s), 0 artifact file(s) and 0 other file(s)
wandb: Find logs at: ./wandb/run-20250428_104102-5wzaw4tw/logs
