Running command: python kuramoto_main.py   --exp_name BTFF_g50_s492   --seed 492   --n_train_glyphs 50   --n_train 2000   --n_test 10000   --epochs 50   --rmts_epochs 50   --model_type baseline --use_omega --animate
>>> Hyper‑parameters
exp_name            : BTFF_g50_s492
seed                : 492
checkpoint_every    : 10
load_model          : final
model_type          : baseline
animate             : True
epochs              : 50
rmts_epochs         : 50
batch_size          : 64
lr                  : 0.001
finetune            : None
embedding_dim       : 16
oscillator_dim      : 2
num_steps           : 25
step_size           : 0.1
use_omega           : True
omega_kappa         : 2.0
disable_between     : False
symmetric_j         : False
n_train_glyphs      : 50
n_train             : 2000
n_val               : 100
n_test              : 10000
num_workers         : 2
>>> Starting training …
Running on cuda

S/D test loss=0.3030 | acc=0.8781
S/D training complete.

Epoch 1/50 | Train Loss=0.6882, Acc=0.5310 | Val Loss=0.6810, Acc=0.4900
Epoch 2/50 | Train Loss=0.6662, Acc=0.6080 | Val Loss=0.6512, Acc=0.6900
Epoch 3/50 | Train Loss=0.6316, Acc=0.7150 | Val Loss=0.6048, Acc=0.8300
Epoch 4/50 | Train Loss=0.5876, Acc=0.7860 | Val Loss=0.5512, Acc=0.9100
Epoch 5/50 | Train Loss=0.5287, Acc=0.8575 | Val Loss=0.4948, Acc=0.9000
Epoch 6/50 | Train Loss=0.4634, Acc=0.8910 | Val Loss=0.4231, Acc=0.9200
Epoch 7/50 | Train Loss=0.4174, Acc=0.8950 | Val Loss=0.3667, Acc=0.9200
Epoch 8/50 | Train Loss=0.3677, Acc=0.9050 | Val Loss=0.3594, Acc=0.8900
Epoch 9/50 | Train Loss=0.3421, Acc=0.9000 | Val Loss=0.3050, Acc=0.9200
Epoch 10/50 | Train Loss=0.3022, Acc=0.9245 | Val Loss=0.2870, Acc=0.9200
Epoch 11/50 | Train Loss=0.2794, Acc=0.9270 | Val Loss=0.2925, Acc=0.8900
Epoch 12/50 | Train Loss=0.2717, Acc=0.9220 | Val Loss=0.2349, Acc=0.9500
Epoch 13/50 | Train Loss=0.2578, Acc=0.9190 | Val Loss=0.2301, Acc=0.9500
Epoch 14/50 | Train Loss=0.2415, Acc=0.9260 | Val Loss=0.2400, Acc=0.9100
Epoch 15/50 | Train Loss=0.2302, Acc=0.9310 | Val Loss=0.2022, Acc=0.9400
Epoch 16/50 | Train Loss=0.2293, Acc=0.9285 | Val Loss=0.1799, Acc=0.9200
Epoch 17/50 | Train Loss=0.2203, Acc=0.9255 | Val Loss=0.1864, Acc=0.9400
Epoch 18/50 | Train Loss=0.2111, Acc=0.9315 | Val Loss=0.2118, Acc=0.9300
Epoch 19/50 | Train Loss=0.2044, Acc=0.9365 | Val Loss=0.1476, Acc=0.9500
Epoch 20/50 | Train Loss=0.2047, Acc=0.9305 | Val Loss=0.1654, Acc=0.9700
Epoch 21/50 | Train Loss=0.1977, Acc=0.9340 | Val Loss=0.1497, Acc=0.9600
Epoch 22/50 | Train Loss=0.1940, Acc=0.9380 | Val Loss=0.1591, Acc=0.9700
Epoch 23/50 | Train Loss=0.1899, Acc=0.9390 | Val Loss=0.1270, Acc=0.9800
Epoch 24/50 | Train Loss=0.1894, Acc=0.9375 | Val Loss=0.1530, Acc=0.9300
Epoch 25/50 | Train Loss=0.1897, Acc=0.9380 | Val Loss=0.1762, Acc=0.9500
Epoch 26/50 | Train Loss=0.1841, Acc=0.9375 | Val Loss=0.1131, Acc=0.9700
Epoch 27/50 | Train Loss=0.1722, Acc=0.9455 | Val Loss=0.1556, Acc=0.9500
Epoch 28/50 | Train Loss=0.1749, Acc=0.9390 | Val Loss=0.1334, Acc=0.9600
Epoch 29/50 | Train Loss=0.1832, Acc=0.9300 | Val Loss=0.1459, Acc=0.9600
Epoch 30/50 | Train Loss=0.1807, Acc=0.9415 | Val Loss=0.1155, Acc=0.9600
Epoch 31/50 | Train Loss=0.1694, Acc=0.9445 | Val Loss=0.1297, Acc=0.9700
Epoch 32/50 | Train Loss=0.1663, Acc=0.9445 | Val Loss=0.1457, Acc=0.9400
Epoch 33/50 | Train Loss=0.1797, Acc=0.9340 | Val Loss=0.1221, Acc=0.9600
Epoch 34/50 | Train Loss=0.1743, Acc=0.9415 | Val Loss=0.1174, Acc=0.9800
Epoch 35/50 | Train Loss=0.1608, Acc=0.9485 | Val Loss=0.1282, Acc=0.9700
Epoch 36/50 | Train Loss=0.1621, Acc=0.9470 | Val Loss=0.1415, Acc=0.9500
Epoch 37/50 | Train Loss=0.1766, Acc=0.9340 | Val Loss=0.1025, Acc=0.9800
Epoch 38/50 | Train Loss=0.1704, Acc=0.9415 | Val Loss=0.1714, Acc=0.9400
Epoch 39/50 | Train Loss=0.1712, Acc=0.9415 | Val Loss=0.1608, Acc=0.9500
Epoch 40/50 | Train Loss=0.1631, Acc=0.9515 | Val Loss=0.1671, Acc=0.9600
Epoch 41/50 | Train Loss=0.1655, Acc=0.9420 | Val Loss=0.1257, Acc=0.9500
Epoch 42/50 | Train Loss=0.1668, Acc=0.9405 | Val Loss=0.1123, Acc=0.9800
Epoch 43/50 | Train Loss=0.1733, Acc=0.9415 | Val Loss=0.1263, Acc=0.9700
Epoch 44/50 | Train Loss=0.1635, Acc=0.9425 | Val Loss=0.1451, Acc=0.9300
Epoch 45/50 | Train Loss=0.1628, Acc=0.9430 | Val Loss=0.1588, Acc=0.9400
Epoch 46/50 | Train Loss=0.1681, Acc=0.9420 | Val Loss=0.1146, Acc=0.9700
Epoch 47/50 | Train Loss=0.1590, Acc=0.9420 | Val Loss=0.1428, Acc=0.9400
Epoch 48/50 | Train Loss=0.1807, Acc=0.9360 | Val Loss=0.1087, Acc=0.9500
Epoch 49/50 | Train Loss=0.1598, Acc=0.9430 | Val Loss=0.1372, Acc=0.9600
Epoch 50/50 | Train Loss=0.1631, Acc=0.9385 | Val Loss=0.1197, Acc=0.9600

RMTS test loss=0.4305 | acc=0.8244
R-MTS training complete.
