Detected kernel version 4.18.0, which is below the recommended minimum of 5.5.0; this can cause the process to hang. It is recommended to upgrade the kernel to the minimum version or higher.
[[34m2025-04-28 11:12:10[0m] Experiment directory created at runs/KFFF_g50_s321
[[34m2025-04-28 11:12:10[0m] Generating training/validation datasets...
[[34m2025-04-28 11:12:10[0m] range(0, 50)
[[34m2025-04-28 11:12:10[0m] Generating test dataset (OOD)...
[[34m2025-04-28 11:12:10[0m] range(50, 100)
wandb: Using wandb-core as the SDK backend.  Please refer to https://wandb.me/wandb-core for more information.
wandb: Currently logged in as: elder-veliz (elder-veliz-yale-university) to https://api.wandb.ai. Use `wandb login --relogin` to force relogin
wandb: Tracking run with wandb version 0.19.9
wandb: Run data is saved locally in /vast/palmer/home.grace/sds685_egv6/SNDS492/FINAL/wandb/run-20250428_111210-uos83awo
wandb: Run `wandb offline` to turn off syncing.
wandb: Syncing run KFFF_g50_s321
wandb: ⭐️ View project at https://wandb.ai/elder-veliz-yale-university/kuramoto-relational-model
wandb: 🚀 View run at https://wandb.ai/elder-veliz-yale-university/kuramoto-relational-model/runs/uos83awo
[[34m2025-04-28 11:12:11[0m] Initializing model and optimizer...
[[34m2025-04-28 11:12:11[0m] Total trainable parameters: 49297
[[34m2025-04-28 11:12:11[0m] Start training for 50 epochs
[[34m2025-04-28 11:12:14[0m] Animation.save using <class 'matplotlib.animation.PillowWriter'>
[[34m2025-04-28 11:13:08[0m] Animation.save using <class 'matplotlib.animation.PillowWriter'>
[[34m2025-04-28 11:13:38[0m] Animation.save using <class 'matplotlib.animation.PillowWriter'>
[[34m2025-04-28 11:14:30[0m] Animation.save using <class 'matplotlib.animation.PillowWriter'>
[[34m2025-04-28 11:15:02[0m] 
Epoch 1/50 |    2.7s
train loss:0.6966 | acc:0.4870
val   loss:0.6879 | acc:0.5800
[[34m2025-04-28 11:15:07[0m] 
Epoch 2/50 |    2.4s
train loss:0.6938 | acc:0.5140
val   loss:0.6905 | acc:0.5100
[[34m2025-04-28 11:15:09[0m] 
Epoch 3/50 |    2.4s
train loss:0.6920 | acc:0.5145
val   loss:0.6844 | acc:0.5700
[[34m2025-04-28 11:15:12[0m] 
Epoch 4/50 |    2.4s
train loss:0.6787 | acc:0.5750
val   loss:0.6707 | acc:0.6000
[[34m2025-04-28 11:15:14[0m] 
Epoch 5/50 |    2.4s
train loss:0.6706 | acc:0.5950
val   loss:0.6707 | acc:0.6000
[[34m2025-04-28 11:15:17[0m] 
Epoch 6/50 |    2.4s
train loss:0.6538 | acc:0.6240
val   loss:0.6345 | acc:0.6600
[[34m2025-04-28 11:15:21[0m] 
Epoch 7/50 |    2.4s
train loss:0.6288 | acc:0.6585
val   loss:0.6093 | acc:0.6700
[[34m2025-04-28 11:15:24[0m] 
Epoch 8/50 |    2.4s
train loss:0.5993 | acc:0.6865
val   loss:0.5426 | acc:0.7600
[[34m2025-04-28 11:15:26[0m] 
Epoch 9/50 |    2.4s
train loss:0.5620 | acc:0.7110
val   loss:0.5288 | acc:0.7300
[[34m2025-04-28 11:15:29[0m] 
Epoch 10/50 |    2.4s
train loss:0.5599 | acc:0.7115
val   loss:0.4909 | acc:0.7600
[[34m2025-04-28 11:15:31[0m] 
Epoch 11/50 |    2.4s
train loss:0.5426 | acc:0.7300
val   loss:0.4921 | acc:0.7500
[[34m2025-04-28 11:15:35[0m] 
Epoch 12/50 |    2.4s
train loss:0.4838 | acc:0.7740
val   loss:0.4611 | acc:0.8000
[[34m2025-04-28 11:15:38[0m] 
Epoch 13/50 |    2.4s
train loss:0.4941 | acc:0.7605
val   loss:0.4017 | acc:0.8400
[[34m2025-04-28 11:15:40[0m] 
Epoch 14/50 |    2.4s
train loss:0.4812 | acc:0.7625
val   loss:0.4514 | acc:0.8100
[[34m2025-04-28 11:15:43[0m] 
Epoch 15/50 |    2.4s
train loss:0.4132 | acc:0.8165
val   loss:0.4376 | acc:0.7900
[[34m2025-04-28 11:15:46[0m] 
Epoch 16/50 |    2.4s
train loss:0.3977 | acc:0.8370
val   loss:0.3798 | acc:0.8600
[[34m2025-04-28 11:15:49[0m] 
Epoch 17/50 |    2.4s
train loss:0.3764 | acc:0.8380
val   loss:0.3039 | acc:0.8800
[[34m2025-04-28 11:15:52[0m] 
Epoch 18/50 |    2.4s
train loss:0.3272 | acc:0.8655
val   loss:0.3094 | acc:0.8900
[[34m2025-04-28 11:15:55[0m] 
Epoch 19/50 |    2.4s
train loss:0.3192 | acc:0.8675
val   loss:0.2419 | acc:0.9200
[[34m2025-04-28 11:15:57[0m] 
Epoch 20/50 |    2.4s
train loss:0.2732 | acc:0.9015
val   loss:0.2358 | acc:0.9300
[[34m2025-04-28 11:16:00[0m] 
Epoch 21/50 |    2.4s
train loss:0.2457 | acc:0.9110
val   loss:0.2345 | acc:0.9100
[[34m2025-04-28 11:16:04[0m] 
Epoch 22/50 |    2.4s
train loss:0.2236 | acc:0.9205
val   loss:0.2057 | acc:0.9100
[[34m2025-04-28 11:16:06[0m] 
Epoch 23/50 |    2.4s
train loss:0.2062 | acc:0.9290
val   loss:0.1563 | acc:0.9500
[[34m2025-04-28 11:16:09[0m] 
Epoch 24/50 |    2.4s
train loss:0.2037 | acc:0.9245
val   loss:0.2105 | acc:0.9300
[[34m2025-04-28 11:16:11[0m] 
Epoch 25/50 |    2.4s
train loss:0.2046 | acc:0.9230
val   loss:0.1401 | acc:0.9700
[[34m2025-04-28 11:16:14[0m] 
New best model saved at epoch 26 with validation accuracy 0.9300
[[34m2025-04-28 11:16:14[0m] 
Epoch 26/50 |    2.4s
train loss:0.1715 | acc:0.9435
val   loss:0.2075 | acc:0.9300
[[34m2025-04-28 11:16:18[0m] 
New best model saved at epoch 27 with validation accuracy 0.9500
[[34m2025-04-28 11:16:18[0m] 
Epoch 27/50 |    2.4s
train loss:0.1683 | acc:0.9410
val   loss:0.1501 | acc:0.9500
[[34m2025-04-28 11:16:20[0m] 
Epoch 28/50 |    2.4s
train loss:0.1544 | acc:0.9505
val   loss:0.1649 | acc:0.9400
[[34m2025-04-28 11:16:23[0m] 
Epoch 29/50 |    2.4s
train loss:0.1369 | acc:0.9480
val   loss:0.1545 | acc:0.9300
[[34m2025-04-28 11:16:25[0m] 
New best model saved at epoch 30 with validation accuracy 0.9600
[[34m2025-04-28 11:16:25[0m] 
Epoch 30/50 |    2.4s
train loss:0.1423 | acc:0.9495
val   loss:0.1213 | acc:0.9600
[[34m2025-04-28 11:16:28[0m] 
New best model saved at epoch 31 with validation accuracy 0.9800
[[34m2025-04-28 11:16:28[0m] 
Epoch 31/50 |    2.4s
train loss:0.1369 | acc:0.9515
val   loss:0.1015 | acc:0.9800
[[34m2025-04-28 11:16:32[0m] 
Epoch 32/50 |    2.3s
train loss:0.1175 | acc:0.9585
val   loss:0.1053 | acc:0.9800
[[34m2025-04-28 11:16:35[0m] 
Epoch 33/50 |    2.4s
train loss:0.1204 | acc:0.9610
val   loss:0.1038 | acc:0.9600
[[34m2025-04-28 11:16:37[0m] 
New best model saved at epoch 34 with validation accuracy 0.9900
[[34m2025-04-28 11:16:37[0m] 
Epoch 34/50 |    2.4s
train loss:0.1153 | acc:0.9630
val   loss:0.0738 | acc:0.9900
[[34m2025-04-28 11:16:40[0m] 
Epoch 35/50 |    2.4s
train loss:0.1161 | acc:0.9595
val   loss:0.1537 | acc:0.9500
[[34m2025-04-28 11:16:42[0m] 
Epoch 36/50 |    2.4s
train loss:0.1183 | acc:0.9595
val   loss:0.1330 | acc:0.9500
[[34m2025-04-28 11:16:46[0m] 
Epoch 37/50 |    2.4s
train loss:0.1022 | acc:0.9645
val   loss:0.1004 | acc:0.9600
[[34m2025-04-28 11:16:49[0m] 
Epoch 38/50 |    2.4s
train loss:0.0971 | acc:0.9715
val   loss:0.0616 | acc:0.9800
[[34m2025-04-28 11:16:51[0m] 
Epoch 39/50 |    2.4s
train loss:0.0984 | acc:0.9650
val   loss:0.0735 | acc:0.9800
[[34m2025-04-28 11:16:54[0m] 
Epoch 40/50 |    2.4s
train loss:0.0933 | acc:0.9655
val   loss:0.0879 | acc:0.9800
[[34m2025-04-28 11:16:57[0m] 
Epoch 41/50 |    2.4s
train loss:0.0909 | acc:0.9680
val   loss:0.0731 | acc:0.9800
[[34m2025-04-28 11:17:00[0m] 
Epoch 42/50 |    2.4s
train loss:0.0866 | acc:0.9720
val   loss:0.0674 | acc:0.9700
[[34m2025-04-28 11:17:03[0m] 
Epoch 43/50 |    2.4s
train loss:0.0926 | acc:0.9710
val   loss:0.0702 | acc:0.9800
[[34m2025-04-28 11:17:06[0m] 
Epoch 44/50 |    2.4s
train loss:0.0965 | acc:0.9735
val   loss:0.1133 | acc:0.9600
[[34m2025-04-28 11:17:08[0m] 
Epoch 45/50 |    2.4s
train loss:0.0878 | acc:0.9735
val   loss:0.0886 | acc:0.9800
[[34m2025-04-28 11:17:11[0m] 
Epoch 46/50 |    2.4s
train loss:0.0913 | acc:0.9725
val   loss:0.0911 | acc:0.9700
[[34m2025-04-28 11:17:15[0m] 
Epoch 47/50 |    2.4s
train loss:0.0817 | acc:0.9730
val   loss:0.0845 | acc:0.9800
[[34m2025-04-28 11:17:17[0m] 
Epoch 48/50 |    2.4s
train loss:0.0786 | acc:0.9750
val   loss:0.1475 | acc:0.9600
[[34m2025-04-28 11:17:20[0m] 
Epoch 49/50 |    2.4s
train loss:0.0920 | acc:0.9705
val   loss:0.0954 | acc:0.9800
[[34m2025-04-28 11:17:22[0m] 
Epoch 50/50 |    2.3s
train loss:0.0930 | acc:0.9680
val   loss:0.0853 | acc:0.9700
[[34m2025-04-28 11:17:24[0m] Animation.save using <class 'matplotlib.animation.PillowWriter'>
[[34m2025-04-28 11:18:35[0m] Animation.save using <class 'matplotlib.animation.PillowWriter'>
[[34m2025-04-28 11:19:09[0m] Animation.save using <class 'matplotlib.animation.PillowWriter'>
[[34m2025-04-28 11:20:12[0m] Animation.save using <class 'matplotlib.animation.PillowWriter'>
[[34m2025-04-28 11:20:42[0m] Animation.save using <class 'matplotlib.animation.PillowWriter'>
[[34m2025-04-28 11:20:53[0m] 
 S/D test loss=0.1851 | acc=0.9313
wandb: WARNING The `quiet` argument to `wandb.run.finish()` is deprecated, use `wandb.Settings(quiet=...)` to set this instead.
wandb:                                                                                
wandb: 
wandb: Run history:
wandb:           epoch ▁▁▁▂▂▂▂▂▃▃▃▃▃▃▄▄▄▄▄▄▅▅▅▅▅▆▆▆▆▆▆▇▇▇▇▇▇███
wandb:        test/acc ▁
wandb:  test/batch_acc ▁
wandb: test/batch_loss ▁
wandb:       test/loss ▁
wandb:       train/acc ▁▂▃▃▃▄▄▄▅▅▆▆▆▆▆▇▇▇▇▇████████████████████
wandb:      train/loss █████▇▇▆▆▆▆▆▅▅▄▄▃▃▃▂▂▂▂▂▂▂▁▁▁▁▁▁▁▁▁▁▁▁▁▁
wandb:         val/acc ▁▁▂▂▃▄▄▄▄▅▅▅▆▆▇▇▇▇▇█▇▇▇▇█▇█▇▇▇████████▇█
wandb:        val/loss ████▇▆▆▆▆▅▅▅▅▄▄▃▃▃▂▃▃▂▂▂▂▁▁▂▂▁▁▁▁▁▁▁▁▁▂▁
wandb: 
wandb: Run summary:
wandb:           epoch 49
wandb:        test/acc 0.9313
wandb:  test/batch_acc 0.92188
wandb: test/batch_loss 0.18035
wandb:       test/loss 0.1851
wandb:       train/acc 0.968
wandb:      train/loss 0.09302
wandb:         val/acc 0.97
wandb:        val/loss 0.08535
wandb: 
wandb: 🚀 View run KFFF_g50_s321 at: https://wandb.ai/elder-veliz-yale-university/kuramoto-relational-model/runs/uos83awo
wandb: ⭐️ View project at: https://wandb.ai/elder-veliz-yale-university/kuramoto-relational-model
wandb: Synced 5 W&B file(s), 141 media file(s), 0 artifact file(s) and 0 other file(s)
wandb: Find logs at: ./wandb/run-20250428_111210-uos83awo/logs
