Detected kernel version 4.18.0, which is below the recommended minimum of 5.5.0; this can cause the process to hang. It is recommended to upgrade the kernel to the minimum version or higher.
[[34m2025-04-28 11:00:31[0m] Experiment directory created at runs/KFFF_g15_s42
[[34m2025-04-28 11:00:31[0m] Generating training/validation datasets...
[[34m2025-04-28 11:00:31[0m] range(0, 15)
[[34m2025-04-28 11:00:31[0m] Generating test dataset (OOD)...
[[34m2025-04-28 11:00:31[0m] range(15, 100)
wandb: Using wandb-core as the SDK backend.  Please refer to https://wandb.me/wandb-core for more information.
wandb: Currently logged in as: elder-veliz (elder-veliz-yale-university) to https://api.wandb.ai. Use `wandb login --relogin` to force relogin
wandb: Tracking run with wandb version 0.19.9
wandb: Run data is saved locally in /vast/palmer/home.grace/sds685_egv6/SNDS492/FINAL/wandb/run-20250428_110032-0nhgbjru
wandb: Run `wandb offline` to turn off syncing.
wandb: Syncing run KFFF_g15_s42
wandb: ⭐️ View project at https://wandb.ai/elder-veliz-yale-university/kuramoto-relational-model
wandb: 🚀 View run at https://wandb.ai/elder-veliz-yale-university/kuramoto-relational-model/runs/0nhgbjru
[[34m2025-04-28 11:00:32[0m] Initializing model and optimizer...
[[34m2025-04-28 11:00:33[0m] Total trainable parameters: 49297
[[34m2025-04-28 11:00:33[0m] Start training for 50 epochs
[[34m2025-04-28 11:00:36[0m] Animation.save using <class 'matplotlib.animation.PillowWriter'>
[[34m2025-04-28 11:01:56[0m] Animation.save using <class 'matplotlib.animation.PillowWriter'>
[[34m2025-04-28 11:02:36[0m] Animation.save using <class 'matplotlib.animation.PillowWriter'>
[[34m2025-04-28 11:03:48[0m] Animation.save using <class 'matplotlib.animation.PillowWriter'>
[[34m2025-04-28 11:04:30[0m] 
Epoch 1/50 |    3.0s
train loss:0.6999 | acc:0.4910
val   loss:0.6843 | acc:0.5400
[[34m2025-04-28 11:04:35[0m] 
Epoch 2/50 |    2.9s
train loss:0.6958 | acc:0.5055
val   loss:0.6945 | acc:0.4900
[[34m2025-04-28 11:04:38[0m] 
Epoch 3/50 |    2.8s
train loss:0.6851 | acc:0.5640
val   loss:0.6933 | acc:0.4600
[[34m2025-04-28 11:04:41[0m] 
Epoch 4/50 |    2.8s
train loss:0.6764 | acc:0.5840
val   loss:0.6719 | acc:0.6000
[[34m2025-04-28 11:04:44[0m] 
Epoch 5/50 |    2.8s
train loss:0.6843 | acc:0.5605
val   loss:0.6769 | acc:0.6000
[[34m2025-04-28 11:04:47[0m] 
Epoch 6/50 |    2.8s
train loss:0.6613 | acc:0.6245
val   loss:0.6093 | acc:0.6900
[[34m2025-04-28 11:04:52[0m] 
Epoch 7/50 |    2.8s
train loss:0.5977 | acc:0.6880
val   loss:0.5670 | acc:0.7100
[[34m2025-04-28 11:04:55[0m] 
Epoch 8/50 |    2.8s
train loss:0.5705 | acc:0.7100
val   loss:0.4927 | acc:0.8100
[[34m2025-04-28 11:04:58[0m] 
Epoch 9/50 |    2.8s
train loss:0.5387 | acc:0.7390
val   loss:0.4522 | acc:0.8300
[[34m2025-04-28 11:05:01[0m] 
Epoch 10/50 |    2.8s
train loss:0.5087 | acc:0.7570
val   loss:0.4761 | acc:0.7900
[[34m2025-04-28 11:05:04[0m] 
Epoch 11/50 |    2.8s
train loss:0.5017 | acc:0.7530
val   loss:0.4987 | acc:0.7400
[[34m2025-04-28 11:05:09[0m] 
Epoch 12/50 |    2.8s
train loss:0.4787 | acc:0.7685
val   loss:0.4621 | acc:0.7600
[[34m2025-04-28 11:05:12[0m] 
Epoch 13/50 |    2.8s
train loss:0.4584 | acc:0.7820
val   loss:0.3890 | acc:0.8300
[[34m2025-04-28 11:05:15[0m] 
Epoch 14/50 |    2.8s
train loss:0.4275 | acc:0.8100
val   loss:0.3691 | acc:0.8700
[[34m2025-04-28 11:05:18[0m] 
Epoch 15/50 |    2.8s
train loss:0.3904 | acc:0.8225
val   loss:0.3651 | acc:0.8400
[[34m2025-04-28 11:05:21[0m] 
Epoch 16/50 |    2.8s
train loss:0.3651 | acc:0.8445
val   loss:0.3563 | acc:0.8400
[[34m2025-04-28 11:05:26[0m] 
Epoch 17/50 |    2.8s
train loss:0.3344 | acc:0.8630
val   loss:0.2619 | acc:0.9100
[[34m2025-04-28 11:05:29[0m] 
Epoch 18/50 |    2.8s
train loss:0.3035 | acc:0.8675
val   loss:0.2935 | acc:0.8600
[[34m2025-04-28 11:05:32[0m] 
Epoch 19/50 |    2.8s
train loss:0.2615 | acc:0.8950
val   loss:0.2631 | acc:0.9200
[[34m2025-04-28 11:05:35[0m] 
Epoch 20/50 |    2.8s
train loss:0.2523 | acc:0.9040
val   loss:0.2023 | acc:0.9000
[[34m2025-04-28 11:05:38[0m] 
Epoch 21/50 |    2.8s
train loss:0.2330 | acc:0.9175
val   loss:0.2071 | acc:0.9400
[[34m2025-04-28 11:05:43[0m] 
Epoch 22/50 |    2.8s
train loss:0.2205 | acc:0.9225
val   loss:0.2099 | acc:0.9300
[[34m2025-04-28 11:05:46[0m] 
Epoch 23/50 |    2.8s
train loss:0.1898 | acc:0.9380
val   loss:0.1535 | acc:0.9500
[[34m2025-04-28 11:05:49[0m] 
Epoch 24/50 |    2.8s
train loss:0.1889 | acc:0.9315
val   loss:0.1491 | acc:0.9300
[[34m2025-04-28 11:05:52[0m] 
Epoch 25/50 |    2.8s
train loss:0.1776 | acc:0.9435
val   loss:0.1591 | acc:0.9300
[[34m2025-04-28 11:05:55[0m] 
New best model saved at epoch 26 with validation accuracy 0.9800
[[34m2025-04-28 11:05:55[0m] 
Epoch 26/50 |    2.8s
train loss:0.1640 | acc:0.9445
val   loss:0.0930 | acc:0.9800
[[34m2025-04-28 11:06:00[0m] 
New best model saved at epoch 27 with validation accuracy 0.9900
[[34m2025-04-28 11:06:00[0m] 
Epoch 27/50 |    2.8s
train loss:0.1569 | acc:0.9455
val   loss:0.0835 | acc:0.9900
[[34m2025-04-28 11:06:03[0m] 
Epoch 28/50 |    2.8s
train loss:0.1477 | acc:0.9505
val   loss:0.1054 | acc:0.9700
[[34m2025-04-28 11:06:06[0m] 
Epoch 29/50 |    2.8s
train loss:0.1424 | acc:0.9510
val   loss:0.1049 | acc:0.9600
[[34m2025-04-28 11:06:09[0m] 
Epoch 30/50 |    2.8s
train loss:0.1377 | acc:0.9520
val   loss:0.1294 | acc:0.9300
[[34m2025-04-28 11:06:12[0m] 
Epoch 31/50 |    2.8s
train loss:0.1295 | acc:0.9520
val   loss:0.0649 | acc:0.9900
[[34m2025-04-28 11:06:16[0m] 
Epoch 32/50 |    2.8s
train loss:0.1258 | acc:0.9590
val   loss:0.0587 | acc:0.9900
[[34m2025-04-28 11:06:20[0m] 
New best model saved at epoch 33 with validation accuracy 1.0000
[[34m2025-04-28 11:06:20[0m] 
Epoch 33/50 |    2.8s
train loss:0.1231 | acc:0.9605
val   loss:0.0531 | acc:1.0000
[[34m2025-04-28 11:06:23[0m] 
Epoch 34/50 |    2.8s
train loss:0.1094 | acc:0.9645
val   loss:0.0728 | acc:0.9800
[[34m2025-04-28 11:06:26[0m] 
Epoch 35/50 |    2.8s
train loss:0.0993 | acc:0.9670
val   loss:0.0868 | acc:0.9700
[[34m2025-04-28 11:06:28[0m] 
Epoch 36/50 |    2.8s
train loss:0.1082 | acc:0.9635
val   loss:0.0819 | acc:0.9900
[[34m2025-04-28 11:06:33[0m] 
Epoch 37/50 |    2.8s
train loss:0.0994 | acc:0.9670
val   loss:0.0862 | acc:0.9600
[[34m2025-04-28 11:06:36[0m] 
Epoch 38/50 |    2.8s
train loss:0.1066 | acc:0.9635
val   loss:0.0386 | acc:1.0000
[[34m2025-04-28 11:06:39[0m] 
Epoch 39/50 |    2.8s
train loss:0.0914 | acc:0.9705
val   loss:0.0707 | acc:0.9700
[[34m2025-04-28 11:06:42[0m] 
Epoch 40/50 |    2.8s
train loss:0.0943 | acc:0.9630
val   loss:0.0439 | acc:0.9900
[[34m2025-04-28 11:06:45[0m] 
Epoch 41/50 |    2.8s
train loss:0.0864 | acc:0.9670
val   loss:0.0431 | acc:1.0000
[[34m2025-04-28 11:06:50[0m] 
Epoch 42/50 |    2.8s
train loss:0.0846 | acc:0.9730
val   loss:0.0539 | acc:0.9700
[[34m2025-04-28 11:06:53[0m] 
Epoch 43/50 |    2.8s
train loss:0.0750 | acc:0.9735
val   loss:0.0400 | acc:0.9900
[[34m2025-04-28 11:06:56[0m] 
Epoch 44/50 |    2.8s
train loss:0.0799 | acc:0.9720
val   loss:0.0399 | acc:0.9900
[[34m2025-04-28 11:06:59[0m] 
Epoch 45/50 |    2.8s
train loss:0.0810 | acc:0.9730
val   loss:0.0552 | acc:0.9800
[[34m2025-04-28 11:07:02[0m] 
Epoch 46/50 |    2.8s
train loss:0.0819 | acc:0.9735
val   loss:0.0548 | acc:0.9800
[[34m2025-04-28 11:07:07[0m] 
Epoch 47/50 |    2.8s
train loss:0.0816 | acc:0.9700
val   loss:0.0609 | acc:0.9800
[[34m2025-04-28 11:07:10[0m] 
Epoch 48/50 |    2.8s
train loss:0.0872 | acc:0.9680
val   loss:0.0422 | acc:0.9900
[[34m2025-04-28 11:07:13[0m] 
Epoch 49/50 |    2.8s
train loss:0.0884 | acc:0.9710
val   loss:0.0560 | acc:0.9900
[[34m2025-04-28 11:07:16[0m] 
Epoch 50/50 |    2.8s
train loss:0.0678 | acc:0.9785
val   loss:0.0498 | acc:0.9900
[[34m2025-04-28 11:07:19[0m] Animation.save using <class 'matplotlib.animation.PillowWriter'>
[[34m2025-04-28 11:08:49[0m] Animation.save using <class 'matplotlib.animation.PillowWriter'>
[[34m2025-04-28 11:09:32[0m] Animation.save using <class 'matplotlib.animation.PillowWriter'>
[[34m2025-04-28 11:10:46[0m] Animation.save using <class 'matplotlib.animation.PillowWriter'>
[[34m2025-04-28 11:11:30[0m] Animation.save using <class 'matplotlib.animation.PillowWriter'>
[[34m2025-04-28 11:11:44[0m] 
 S/D test loss=0.5937 | acc=0.8064
wandb: WARNING The `quiet` argument to `wandb.run.finish()` is deprecated, use `wandb.Settings(quiet=...)` to set this instead.
wandb:                                                                                
wandb: 
wandb: Run history:
wandb:           epoch ▁▁▁▁▂▂▂▂▂▂▃▃▃▃▃▄▄▄▄▄▅▅▅▅▅▅▆▆▆▆▆▆▇▇▇▇▇███
wandb:        test/acc ▁
wandb:  test/batch_acc ▁
wandb: test/batch_loss ▁
wandb:       test/loss ▁
wandb:       train/acc ▁▂▂▂▃▄▄▅▅▅▆▆▆▆▆▇▇▇▇▇▇███████████████████
wandb:      train/loss █████▇▇▆▆▆▅▅▅▄▄▃▃▃▃▂▂▂▂▂▂▂▂▁▁▁▁▁▁▁▁▁▁▁▁▁
wandb:         val/acc ▂▁▁▃▃▆▆▅▅▅▆▆▆▇▆▇▇▇▇▇██▇▇█████▇██████████
wandb:        val/loss █████▇▆▅▆▆▅▅▄▃▄▃▃▃▂▂▂▁▂▂▂▁▁▁▂▁▁▁▁▁▁▁▁▁▁▁
wandb: 
wandb: Run summary:
wandb:           epoch 49
wandb:        test/acc 0.8064
wandb:  test/batch_acc 0.85938
wandb: test/batch_loss 0.42749
wandb:       test/loss 0.59366
wandb:       train/acc 0.9785
wandb:      train/loss 0.06782
wandb:         val/acc 0.99
wandb:        val/loss 0.04985
wandb: 
wandb: 🚀 View run KFFF_g15_s42 at: https://wandb.ai/elder-veliz-yale-university/kuramoto-relational-model/runs/0nhgbjru
wandb: ⭐️ View project at: https://wandb.ai/elder-veliz-yale-university/kuramoto-relational-model
wandb: Synced 5 W&B file(s), 141 media file(s), 0 artifact file(s) and 0 other file(s)
wandb: Find logs at: ./wandb/run-20250428_110032-0nhgbjru/logs
