Running command: python kuramoto_main.py   --exp_name KFFT_g95_s492   --seed 492   --n_train_glyphs 95   --n_train 4000   --n_test 10000   --epochs 50   --rmts_epochs 50   --model_type kuramoto --symmetric_j --animate
>>> Hyper‑parameters
exp_name            : KFFT_g95_s492
seed                : 492
checkpoint_every    : 10
load_model          : final
model_type          : kuramoto
animate             : True
epochs              : 50
rmts_epochs         : 50
batch_size          : 64
lr                  : 0.001
finetune            : None
embedding_dim       : 16
oscillator_dim      : 2
num_steps           : 25
step_size           : 0.1
use_omega           : False
omega_kappa         : 2.0
disable_between     : False
symmetric_j         : True
n_train_glyphs      : 95
n_train             : 4000
n_val               : 100
n_test              : 10000
num_workers         : 2
>>> Starting training …
Running on cuda

S/D test loss=0.2052 | acc=0.9296
S/D training complete.

Epoch 1/50 | Train Loss=0.6704, Acc=0.6262 | Val Loss=0.6143, Acc=0.8500
Epoch 2/50 | Train Loss=0.5273, Acc=0.9275 | Val Loss=0.4082, Acc=0.9700
Epoch 3/50 | Train Loss=0.3202, Acc=0.9567 | Val Loss=0.2670, Acc=0.9100
Epoch 4/50 | Train Loss=0.1967, Acc=0.9675 | Val Loss=0.1602, Acc=0.9800
Epoch 5/50 | Train Loss=0.1428, Acc=0.9683 | Val Loss=0.1397, Acc=0.9700
Epoch 6/50 | Train Loss=0.1139, Acc=0.9735 | Val Loss=0.1165, Acc=0.9700
Epoch 7/50 | Train Loss=0.1005, Acc=0.9742 | Val Loss=0.0816, Acc=0.9900
Epoch 8/50 | Train Loss=0.0977, Acc=0.9722 | Val Loss=0.0844, Acc=0.9800
Epoch 9/50 | Train Loss=0.0951, Acc=0.9722 | Val Loss=0.1051, Acc=0.9800
Epoch 10/50 | Train Loss=0.0962, Acc=0.9698 | Val Loss=0.0834, Acc=0.9700
Epoch 11/50 | Train Loss=0.0867, Acc=0.9730 | Val Loss=0.0762, Acc=0.9700
Epoch 12/50 | Train Loss=0.0868, Acc=0.9740 | Val Loss=0.0605, Acc=0.9900
Epoch 13/50 | Train Loss=0.0848, Acc=0.9742 | Val Loss=0.1005, Acc=0.9700
Epoch 14/50 | Train Loss=0.0748, Acc=0.9772 | Val Loss=0.0986, Acc=0.9600
Epoch 15/50 | Train Loss=0.0807, Acc=0.9732 | Val Loss=0.0845, Acc=0.9800
Epoch 16/50 | Train Loss=0.0788, Acc=0.9748 | Val Loss=0.0995, Acc=0.9700
Epoch 17/50 | Train Loss=0.0808, Acc=0.9732 | Val Loss=0.1094, Acc=0.9400
Epoch 18/50 | Train Loss=0.0828, Acc=0.9745 | Val Loss=0.0438, Acc=0.9900
Epoch 19/50 | Train Loss=0.0820, Acc=0.9732 | Val Loss=0.0651, Acc=0.9800
Epoch 20/50 | Train Loss=0.0762, Acc=0.9750 | Val Loss=0.0653, Acc=0.9900
Epoch 21/50 | Train Loss=0.0790, Acc=0.9718 | Val Loss=0.0641, Acc=0.9800
Epoch 22/50 | Train Loss=0.0722, Acc=0.9772 | Val Loss=0.0642, Acc=0.9700
Epoch 23/50 | Train Loss=0.0774, Acc=0.9738 | Val Loss=0.0636, Acc=0.9800
Epoch 24/50 | Train Loss=0.0777, Acc=0.9745 | Val Loss=0.0803, Acc=0.9700
Epoch 25/50 | Train Loss=0.0786, Acc=0.9758 | Val Loss=0.0394, Acc=0.9900
Epoch 26/50 | Train Loss=0.0823, Acc=0.9702 | Val Loss=0.0677, Acc=0.9600
Epoch 27/50 | Train Loss=0.0820, Acc=0.9708 | Val Loss=0.1319, Acc=0.9400
Epoch 28/50 | Train Loss=0.0783, Acc=0.9728 | Val Loss=0.0471, Acc=0.9900
Epoch 29/50 | Train Loss=0.0770, Acc=0.9768 | Val Loss=0.0629, Acc=0.9800
Epoch 30/50 | Train Loss=0.0790, Acc=0.9738 | Val Loss=0.0547, Acc=0.9800
Epoch 31/50 | Train Loss=0.0746, Acc=0.9758 | Val Loss=0.1118, Acc=0.9700
Epoch 32/50 | Train Loss=0.0731, Acc=0.9775 | Val Loss=0.0591, Acc=0.9600
Epoch 33/50 | Train Loss=0.0811, Acc=0.9755 | Val Loss=0.0707, Acc=0.9700
Epoch 34/50 | Train Loss=0.0841, Acc=0.9750 | Val Loss=0.0368, Acc=0.9900
Epoch 35/50 | Train Loss=0.0785, Acc=0.9738 | Val Loss=0.1031, Acc=0.9600
Epoch 36/50 | Train Loss=0.0756, Acc=0.9775 | Val Loss=0.0874, Acc=0.9900
Epoch 37/50 | Train Loss=0.0775, Acc=0.9755 | Val Loss=0.0733, Acc=0.9700
Epoch 38/50 | Train Loss=0.0727, Acc=0.9768 | Val Loss=0.0465, Acc=0.9800
Epoch 39/50 | Train Loss=0.0694, Acc=0.9815 | Val Loss=0.0471, Acc=0.9800
Epoch 40/50 | Train Loss=0.0801, Acc=0.9752 | Val Loss=0.0764, Acc=0.9700
Epoch 41/50 | Train Loss=0.0818, Acc=0.9735 | Val Loss=0.0693, Acc=0.9800
Epoch 42/50 | Train Loss=0.0738, Acc=0.9762 | Val Loss=0.0387, Acc=0.9900
Epoch 43/50 | Train Loss=0.0784, Acc=0.9732 | Val Loss=0.0561, Acc=0.9800
Epoch 44/50 | Train Loss=0.0699, Acc=0.9780 | Val Loss=0.0802, Acc=0.9800
Epoch 45/50 | Train Loss=0.0725, Acc=0.9768 | Val Loss=0.0673, Acc=0.9900
Epoch 46/50 | Train Loss=0.0684, Acc=0.9778 | Val Loss=0.0281, Acc=1.0000
Epoch 47/50 | Train Loss=0.0806, Acc=0.9732 | Val Loss=0.0669, Acc=0.9700
Epoch 48/50 | Train Loss=0.0766, Acc=0.9755 | Val Loss=0.1264, Acc=0.9700
Epoch 49/50 | Train Loss=0.0796, Acc=0.9738 | Val Loss=0.0499, Acc=0.9900
Epoch 50/50 | Train Loss=0.0824, Acc=0.9735 | Val Loss=0.0355, Acc=0.9800

RMTS test loss=0.2568 | acc=0.9032
R-MTS training complete.
