Detected kernel version 4.18.0, which is below the recommended minimum of 5.5.0; this can cause the process to hang. It is recommended to upgrade the kernel to the minimum version or higher.
[[34m2025-04-28 11:24:23[0m] Experiment directory created at runs/KFFT_g15_s492
[[34m2025-04-28 11:24:23[0m] Generating training/validation datasets...
[[34m2025-04-28 11:24:23[0m] range(0, 15)
[[34m2025-04-28 11:24:23[0m] Generating test dataset (OOD)...
[[34m2025-04-28 11:24:23[0m] range(15, 100)
wandb: Using wandb-core as the SDK backend.  Please refer to https://wandb.me/wandb-core for more information.
wandb: Currently logged in as: elder-veliz (elder-veliz-yale-university) to https://api.wandb.ai. Use `wandb login --relogin` to force relogin
wandb: Tracking run with wandb version 0.19.9
wandb: Run data is saved locally in /vast/palmer/home.grace/sds685_egv6/SNDS492/FINAL/wandb/run-20250428_112423-3v9jc8kg
wandb: Run `wandb offline` to turn off syncing.
wandb: Syncing run KFFT_g15_s492
wandb: ⭐️ View project at https://wandb.ai/elder-veliz-yale-university/kuramoto-relational-model
wandb: 🚀 View run at https://wandb.ai/elder-veliz-yale-university/kuramoto-relational-model/runs/3v9jc8kg
[[34m2025-04-28 11:24:24[0m] Initializing model and optimizer...
[[34m2025-04-28 11:24:24[0m] Total trainable parameters: 49297
[[34m2025-04-28 11:24:24[0m] Start training for 50 epochs
[[34m2025-04-28 11:24:27[0m] Animation.save using <class 'matplotlib.animation.PillowWriter'>
[[34m2025-04-28 11:25:25[0m] Animation.save using <class 'matplotlib.animation.PillowWriter'>
[[34m2025-04-28 11:25:53[0m] Animation.save using <class 'matplotlib.animation.PillowWriter'>
[[34m2025-04-28 11:26:44[0m] Animation.save using <class 'matplotlib.animation.PillowWriter'>
[[34m2025-04-28 11:27:16[0m] 
Epoch 1/50 |    3.3s
train loss:0.6920 | acc:0.5345
val   loss:0.6975 | acc:0.4100
[[34m2025-04-28 11:27:21[0m] 
Epoch 2/50 |    3.1s
train loss:0.6922 | acc:0.5205
val   loss:0.6952 | acc:0.4600
[[34m2025-04-28 11:27:24[0m] 
Epoch 3/50 |    3.1s
train loss:0.6906 | acc:0.5245
val   loss:0.7016 | acc:0.4500
[[34m2025-04-28 11:27:27[0m] 
Epoch 4/50 |    3.1s
train loss:0.6917 | acc:0.5150
val   loss:0.6957 | acc:0.4600
[[34m2025-04-28 11:27:30[0m] 
Epoch 5/50 |    3.1s
train loss:0.6790 | acc:0.5880
val   loss:0.6765 | acc:0.5900
[[34m2025-04-28 11:27:33[0m] 
Epoch 6/50 |    3.0s
train loss:0.6655 | acc:0.6175
val   loss:0.6800 | acc:0.5800
[[34m2025-04-28 11:27:38[0m] 
Epoch 7/50 |    3.0s
train loss:0.6659 | acc:0.6015
val   loss:0.6361 | acc:0.7200
[[34m2025-04-28 11:27:41[0m] 
Epoch 8/50 |    3.0s
train loss:0.6395 | acc:0.6375
val   loss:0.6510 | acc:0.6600
[[34m2025-04-28 11:27:45[0m] 
Epoch 9/50 |    3.0s
train loss:0.6355 | acc:0.6415
val   loss:0.6329 | acc:0.6800
[[34m2025-04-28 11:27:48[0m] 
Epoch 10/50 |    3.0s
train loss:0.5896 | acc:0.7030
val   loss:0.6099 | acc:0.7000
[[34m2025-04-28 11:27:51[0m] 
Epoch 11/50 |    3.0s
train loss:0.5070 | acc:0.7670
val   loss:0.4886 | acc:0.8100
[[34m2025-04-28 11:27:56[0m] 
Epoch 12/50 |    3.0s
train loss:0.4475 | acc:0.7940
val   loss:0.4748 | acc:0.8000
[[34m2025-04-28 11:27:59[0m] 
Epoch 13/50 |    3.0s
train loss:0.4042 | acc:0.8235
val   loss:0.3791 | acc:0.8600
[[34m2025-04-28 11:28:02[0m] 
Epoch 14/50 |    3.0s
train loss:0.3410 | acc:0.8665
val   loss:0.3855 | acc:0.8400
[[34m2025-04-28 11:28:05[0m] 
Epoch 15/50 |    3.0s
train loss:0.3275 | acc:0.8655
val   loss:0.3648 | acc:0.8500
[[34m2025-04-28 11:28:08[0m] 
Epoch 16/50 |    3.0s
train loss:0.2858 | acc:0.8850
val   loss:0.2867 | acc:0.9000
[[34m2025-04-28 11:28:13[0m] 
Epoch 17/50 |    3.1s
train loss:0.2764 | acc:0.8875
val   loss:0.2553 | acc:0.9100
[[34m2025-04-28 11:28:16[0m] 
Epoch 18/50 |    3.1s
train loss:0.2763 | acc:0.8875
val   loss:0.2815 | acc:0.9100
[[34m2025-04-28 11:28:19[0m] 
Epoch 19/50 |    3.1s
train loss:0.2466 | acc:0.9055
val   loss:0.3073 | acc:0.8700
[[34m2025-04-28 11:28:23[0m] 
Epoch 20/50 |    3.1s
train loss:0.2242 | acc:0.9210
val   loss:0.2644 | acc:0.9000
[[34m2025-04-28 11:28:26[0m] 
Epoch 21/50 |    2.9s
train loss:0.2175 | acc:0.9180
val   loss:0.2038 | acc:0.9100
[[34m2025-04-28 11:28:30[0m] 
Epoch 22/50 |    2.9s
train loss:0.1889 | acc:0.9390
val   loss:0.1736 | acc:0.9300
[[34m2025-04-28 11:28:33[0m] 
Epoch 23/50 |    2.9s
train loss:0.1666 | acc:0.9375
val   loss:0.2141 | acc:0.9300
[[34m2025-04-28 11:28:36[0m] 
Epoch 24/50 |    2.8s
train loss:0.1464 | acc:0.9465
val   loss:0.1476 | acc:0.9700
[[34m2025-04-28 11:28:39[0m] 
Epoch 25/50 |    2.8s
train loss:0.1441 | acc:0.9500
val   loss:0.0721 | acc:0.9800
[[34m2025-04-28 11:28:42[0m] 
New best model saved at epoch 26 with validation accuracy 0.9800
[[34m2025-04-28 11:28:42[0m] 
Epoch 26/50 |    2.9s
train loss:0.1309 | acc:0.9555
val   loss:0.0896 | acc:0.9800
[[34m2025-04-28 11:28:47[0m] 
Epoch 27/50 |    2.8s
train loss:0.1199 | acc:0.9565
val   loss:0.0692 | acc:0.9800
[[34m2025-04-28 11:28:50[0m] 
Epoch 28/50 |    2.8s
train loss:0.1363 | acc:0.9550
val   loss:0.1336 | acc:0.9400
[[34m2025-04-28 11:28:53[0m] 
Epoch 29/50 |    2.9s
train loss:0.1085 | acc:0.9630
val   loss:0.1255 | acc:0.9700
[[34m2025-04-28 11:28:56[0m] 
Epoch 30/50 |    2.8s
train loss:0.1122 | acc:0.9635
val   loss:0.1362 | acc:0.9500
[[34m2025-04-28 11:28:59[0m] 
Epoch 31/50 |    2.8s
train loss:0.0993 | acc:0.9720
val   loss:0.0577 | acc:0.9800
[[34m2025-04-28 11:29:04[0m] 
New best model saved at epoch 32 with validation accuracy 1.0000
[[34m2025-04-28 11:29:04[0m] 
Epoch 32/50 |    2.8s
train loss:0.0797 | acc:0.9770
val   loss:0.0300 | acc:1.0000
[[34m2025-04-28 11:29:07[0m] 
Epoch 33/50 |    2.8s
train loss:0.0855 | acc:0.9745
val   loss:0.0521 | acc:0.9900
[[34m2025-04-28 11:29:10[0m] 
Epoch 34/50 |    2.9s
train loss:0.0837 | acc:0.9765
val   loss:0.0618 | acc:0.9900
[[34m2025-04-28 11:29:13[0m] 
Epoch 35/50 |    2.9s
train loss:0.0756 | acc:0.9775
val   loss:0.0621 | acc:0.9900
[[34m2025-04-28 11:29:16[0m] 
Epoch 36/50 |    2.9s
train loss:0.0699 | acc:0.9795
val   loss:0.1305 | acc:0.9800
[[34m2025-04-28 11:29:20[0m] 
Epoch 37/50 |    2.8s
train loss:0.0622 | acc:0.9830
val   loss:0.0275 | acc:1.0000
[[34m2025-04-28 11:29:23[0m] 
Epoch 38/50 |    2.9s
train loss:0.0698 | acc:0.9790
val   loss:0.0293 | acc:1.0000
[[34m2025-04-28 11:29:26[0m] 
Epoch 39/50 |    2.8s
train loss:0.0580 | acc:0.9825
val   loss:0.0997 | acc:0.9400
[[34m2025-04-28 11:29:29[0m] 
Epoch 40/50 |    2.8s
train loss:0.0567 | acc:0.9850
val   loss:0.0341 | acc:0.9900
[[34m2025-04-28 11:29:32[0m] 
Epoch 41/50 |    2.8s
train loss:0.0592 | acc:0.9820
val   loss:0.1226 | acc:0.9700
[[34m2025-04-28 11:29:37[0m] 
Epoch 42/50 |    2.9s
train loss:0.0564 | acc:0.9870
val   loss:0.0222 | acc:1.0000
[[34m2025-04-28 11:29:40[0m] 
Epoch 43/50 |    2.8s
train loss:0.0653 | acc:0.9845
val   loss:0.0261 | acc:1.0000
[[34m2025-04-28 11:29:43[0m] 
Epoch 44/50 |    2.8s
train loss:0.0646 | acc:0.9845
val   loss:0.0642 | acc:0.9800
[[34m2025-04-28 11:29:46[0m] 
Epoch 45/50 |    2.8s
train loss:0.0567 | acc:0.9865
val   loss:0.0211 | acc:1.0000
[[34m2025-04-28 11:29:49[0m] 
Epoch 46/50 |    2.9s
train loss:0.0579 | acc:0.9845
val   loss:0.0246 | acc:0.9900
[[34m2025-04-28 11:29:53[0m] 
Epoch 47/50 |    2.8s
train loss:0.0571 | acc:0.9865
val   loss:0.0756 | acc:0.9700
[[34m2025-04-28 11:29:56[0m] 
Epoch 48/50 |    2.8s
train loss:0.0557 | acc:0.9860
val   loss:0.0738 | acc:0.9800
[[34m2025-04-28 11:29:59[0m] 
Epoch 49/50 |    2.8s
train loss:0.0487 | acc:0.9890
val   loss:0.0356 | acc:0.9900
[[34m2025-04-28 11:30:02[0m] 
Epoch 50/50 |    2.8s
train loss:0.0487 | acc:0.9880
val   loss:0.0521 | acc:0.9800
[[34m2025-04-28 11:30:04[0m] Animation.save using <class 'matplotlib.animation.PillowWriter'>
[[34m2025-04-28 11:31:04[0m] Animation.save using <class 'matplotlib.animation.PillowWriter'>
[[34m2025-04-28 11:31:37[0m] Animation.save using <class 'matplotlib.animation.PillowWriter'>
[[34m2025-04-28 11:32:34[0m] Animation.save using <class 'matplotlib.animation.PillowWriter'>
[[34m2025-04-28 11:33:02[0m] Animation.save using <class 'matplotlib.animation.PillowWriter'>
[[34m2025-04-28 11:33:14[0m] 
 S/D test loss=0.8827 | acc=0.7414
wandb: WARNING The `quiet` argument to `wandb.run.finish()` is deprecated, use `wandb.Settings(quiet=...)` to set this instead.
wandb:                                                                                
wandb: 
wandb: Run history:
wandb:           epoch ▁▁▁▂▂▂▂▂▃▃▃▃▃▃▄▄▄▄▄▄▅▅▅▅▅▆▆▆▆▆▆▇▇▇▇▇▇███
wandb:        test/acc ▁
wandb:  test/batch_acc ▁
wandb: test/batch_loss ▁
wandb:       test/loss ▁
wandb:       train/acc ▁▁▁▁▂▂▃▃▄▅▆▆▆▇▇▇▇▇▇▇████████████████████
wandb:      train/loss ██████▇▇▇▆▅▄▄▄▃▃▃▃▃▂▂▂▂▂▂▁▁▁▁▁▁▁▁▁▁▁▁▁▁▁
wandb:         val/acc ▁▁▁▃▃▄▄▄▆▅▆▆▇▇▇▇▇▇▇███▇█▇██████▇████████
wandb:        val/loss █████▇▇▇▇▆▅▅▅▄▃▄▄▃▃▃▂▂▁▂▂▁▁▁▁▂▁▂▁▂▁▁▁▁▂▁
wandb: 
wandb: Run summary:
wandb:           epoch 49
wandb:        test/acc 0.7414
wandb:  test/batch_acc 0.73438
wandb: test/batch_loss 0.65184
wandb:       test/loss 0.88273
wandb:       train/acc 0.988
wandb:      train/loss 0.04871
wandb:         val/acc 0.98
wandb:        val/loss 0.05212
wandb: 
wandb: 🚀 View run KFFT_g15_s492 at: https://wandb.ai/elder-veliz-yale-university/kuramoto-relational-model/runs/3v9jc8kg
wandb: ⭐️ View project at: https://wandb.ai/elder-veliz-yale-university/kuramoto-relational-model
wandb: Synced 5 W&B file(s), 141 media file(s), 0 artifact file(s) and 0 other file(s)
wandb: Find logs at: ./wandb/run-20250428_112423-3v9jc8kg/logs
