Detected kernel version 4.18.0, which is below the recommended minimum of 5.5.0; this can cause the process to hang. It is recommended to upgrade the kernel to the minimum version or higher.
[[34m2025-04-28 11:29:48[0m] Experiment directory created at runs/KFFT_g50_s321
[[34m2025-04-28 11:29:48[0m] Generating training/validation datasets...
[[34m2025-04-28 11:29:48[0m] range(0, 50)
[[34m2025-04-28 11:29:48[0m] Generating test dataset (OOD)...
[[34m2025-04-28 11:29:48[0m] range(50, 100)
wandb: Using wandb-core as the SDK backend.  Please refer to https://wandb.me/wandb-core for more information.
wandb: Currently logged in as: elder-veliz (elder-veliz-yale-university) to https://api.wandb.ai. Use `wandb login --relogin` to force relogin
wandb: Tracking run with wandb version 0.19.9
wandb: Run data is saved locally in /vast/palmer/home.grace/sds685_egv6/SNDS492/FINAL/wandb/run-20250428_112949-y0vi1vyz
wandb: Run `wandb offline` to turn off syncing.
wandb: Syncing run KFFT_g50_s321
wandb: ⭐️ View project at https://wandb.ai/elder-veliz-yale-university/kuramoto-relational-model
wandb: 🚀 View run at https://wandb.ai/elder-veliz-yale-university/kuramoto-relational-model/runs/y0vi1vyz
[[34m2025-04-28 11:29:50[0m] Initializing model and optimizer...
[[34m2025-04-28 11:29:50[0m] Total trainable parameters: 49297
[[34m2025-04-28 11:29:50[0m] Start training for 50 epochs
[[34m2025-04-28 11:29:55[0m] Animation.save using <class 'matplotlib.animation.PillowWriter'>
[[34m2025-04-28 11:31:07[0m] Animation.save using <class 'matplotlib.animation.PillowWriter'>
[[34m2025-04-28 11:31:47[0m] Animation.save using <class 'matplotlib.animation.PillowWriter'>
[[34m2025-04-28 11:32:58[0m] Animation.save using <class 'matplotlib.animation.PillowWriter'>
[[34m2025-04-28 11:33:42[0m] 
Epoch 1/50 |    3.9s
train loss:0.6967 | acc:0.4885
val   loss:0.6918 | acc:0.4800
[[34m2025-04-28 11:33:48[0m] 
Epoch 2/50 |    3.7s
train loss:0.6936 | acc:0.5105
val   loss:0.6940 | acc:0.4900
[[34m2025-04-28 11:33:52[0m] 
Epoch 3/50 |    3.7s
train loss:0.6940 | acc:0.5050
val   loss:0.6827 | acc:0.5300
[[34m2025-04-28 11:33:56[0m] 
Epoch 4/50 |    3.7s
train loss:0.6799 | acc:0.5640
val   loss:0.6714 | acc:0.6500
[[34m2025-04-28 11:34:00[0m] 
Epoch 5/50 |    3.7s
train loss:0.6552 | acc:0.6325
val   loss:0.6068 | acc:0.7100
[[34m2025-04-28 11:34:04[0m] 
Epoch 6/50 |    3.7s
train loss:0.6425 | acc:0.6460
val   loss:0.6148 | acc:0.6900
[[34m2025-04-28 11:34:10[0m] 
Epoch 7/50 |    3.7s
train loss:0.6419 | acc:0.6340
val   loss:0.6118 | acc:0.6700
[[34m2025-04-28 11:34:14[0m] 
Epoch 8/50 |    4.0s
train loss:0.6066 | acc:0.6790
val   loss:0.5800 | acc:0.6900
[[34m2025-04-28 11:34:18[0m] 
Epoch 9/50 |    3.8s
train loss:0.5731 | acc:0.6955
val   loss:0.5803 | acc:0.6900
[[34m2025-04-28 11:34:22[0m] 
Epoch 10/50 |    3.8s
train loss:0.5609 | acc:0.7110
val   loss:0.5005 | acc:0.7600
[[34m2025-04-28 11:34:26[0m] 
Epoch 11/50 |    3.9s
train loss:0.5416 | acc:0.7210
val   loss:0.5236 | acc:0.7200
[[34m2025-04-28 11:34:32[0m] 
Epoch 12/50 |    3.7s
train loss:0.5165 | acc:0.7440
val   loss:0.4798 | acc:0.7400
[[34m2025-04-28 11:34:36[0m] 
Epoch 13/50 |    3.8s
train loss:0.5223 | acc:0.7295
val   loss:0.4264 | acc:0.8400
[[34m2025-04-28 11:34:40[0m] 
Epoch 14/50 |    3.7s
train loss:0.5001 | acc:0.7495
val   loss:0.4684 | acc:0.7700
[[34m2025-04-28 11:34:44[0m] 
Epoch 15/50 |    3.8s
train loss:0.4790 | acc:0.7650
val   loss:0.4908 | acc:0.7400
[[34m2025-04-28 11:34:48[0m] 
Epoch 16/50 |    3.9s
train loss:0.4732 | acc:0.7740
val   loss:0.3645 | acc:0.8300
[[34m2025-04-28 11:34:54[0m] 
Epoch 17/50 |    3.8s
train loss:0.4443 | acc:0.7815
val   loss:0.4264 | acc:0.7800
[[34m2025-04-28 11:34:58[0m] 
Epoch 18/50 |    3.8s
train loss:0.4216 | acc:0.8080
val   loss:0.3667 | acc:0.8500
[[34m2025-04-28 11:35:02[0m] 
Epoch 19/50 |    3.7s
train loss:0.3784 | acc:0.8385
val   loss:0.3770 | acc:0.8400
[[34m2025-04-28 11:35:06[0m] 
Epoch 20/50 |    3.7s
train loss:0.3621 | acc:0.8440
val   loss:0.3541 | acc:0.8500
[[34m2025-04-28 11:35:10[0m] 
Epoch 21/50 |    3.8s
train loss:0.3261 | acc:0.8665
val   loss:0.2985 | acc:0.8500
[[34m2025-04-28 11:35:16[0m] 
Epoch 22/50 |    3.8s
train loss:0.3126 | acc:0.8745
val   loss:0.2723 | acc:0.9200
[[34m2025-04-28 11:35:20[0m] 
Epoch 23/50 |    4.0s
train loss:0.2774 | acc:0.8915
val   loss:0.3029 | acc:0.8700
[[34m2025-04-28 11:35:24[0m] 
Epoch 24/50 |    3.9s
train loss:0.2557 | acc:0.9000
val   loss:0.2472 | acc:0.9100
[[34m2025-04-28 11:35:28[0m] 
Epoch 25/50 |    3.9s
train loss:0.2578 | acc:0.9005
val   loss:0.2053 | acc:0.9400
[[34m2025-04-28 11:35:32[0m] 
New best model saved at epoch 26 with validation accuracy 0.9200
[[34m2025-04-28 11:35:32[0m] 
Epoch 26/50 |    3.9s
train loss:0.2268 | acc:0.9135
val   loss:0.2113 | acc:0.9200
[[34m2025-04-28 11:35:39[0m] 
New best model saved at epoch 27 with validation accuracy 0.9400
[[34m2025-04-28 11:35:39[0m] 
Epoch 27/50 |    3.9s
train loss:0.2331 | acc:0.9105
val   loss:0.1953 | acc:0.9400
[[34m2025-04-28 11:35:43[0m] 
New best model saved at epoch 28 with validation accuracy 0.9600
[[34m2025-04-28 11:35:43[0m] 
Epoch 28/50 |    3.9s
train loss:0.2210 | acc:0.9175
val   loss:0.1961 | acc:0.9600
[[34m2025-04-28 11:35:47[0m] 
Epoch 29/50 |    4.0s
train loss:0.2097 | acc:0.9190
val   loss:0.2031 | acc:0.9500
[[34m2025-04-28 11:35:51[0m] 
Epoch 30/50 |    3.8s
train loss:0.1912 | acc:0.9290
val   loss:0.1364 | acc:0.9600
[[34m2025-04-28 11:35:55[0m] 
Epoch 31/50 |    3.9s
train loss:0.1896 | acc:0.9280
val   loss:0.1367 | acc:0.9500
[[34m2025-04-28 11:36:01[0m] 
New best model saved at epoch 32 with validation accuracy 0.9700
[[34m2025-04-28 11:36:01[0m] 
Epoch 32/50 |    3.9s
train loss:0.1703 | acc:0.9410
val   loss:0.1367 | acc:0.9700
[[34m2025-04-28 11:36:05[0m] 
Epoch 33/50 |    3.7s
train loss:0.1654 | acc:0.9425
val   loss:0.1339 | acc:0.9600
[[34m2025-04-28 11:36:09[0m] 
New best model saved at epoch 34 with validation accuracy 0.9800
[[34m2025-04-28 11:36:09[0m] 
Epoch 34/50 |    3.9s
train loss:0.1662 | acc:0.9400
val   loss:0.0865 | acc:0.9800
[[34m2025-04-28 11:36:13[0m] 
Epoch 35/50 |    3.8s
train loss:0.1613 | acc:0.9445
val   loss:0.1129 | acc:0.9800
[[34m2025-04-28 11:36:17[0m] 
Epoch 36/50 |    3.9s
train loss:0.1674 | acc:0.9395
val   loss:0.1289 | acc:0.9700
[[34m2025-04-28 11:36:23[0m] 
Epoch 37/50 |    3.9s
train loss:0.1444 | acc:0.9515
val   loss:0.0990 | acc:0.9600
[[34m2025-04-28 11:36:27[0m] 
Epoch 38/50 |    3.9s
train loss:0.1448 | acc:0.9500
val   loss:0.0892 | acc:0.9700
[[34m2025-04-28 11:36:31[0m] 
New best model saved at epoch 39 with validation accuracy 1.0000
[[34m2025-04-28 11:36:31[0m] 
Epoch 39/50 |    3.9s
train loss:0.1436 | acc:0.9545
val   loss:0.0581 | acc:1.0000
[[34m2025-04-28 11:36:36[0m] 
Epoch 40/50 |    3.9s
train loss:0.1475 | acc:0.9485
val   loss:0.0890 | acc:0.9700
[[34m2025-04-28 11:36:40[0m] 
Epoch 41/50 |    3.8s
train loss:0.1449 | acc:0.9505
val   loss:0.0747 | acc:0.9900
[[34m2025-04-28 11:36:46[0m] 
Epoch 42/50 |    3.7s
train loss:0.1338 | acc:0.9540
val   loss:0.1310 | acc:0.9400
[[34m2025-04-28 11:36:50[0m] 
Epoch 43/50 |    3.8s
train loss:0.1383 | acc:0.9515
val   loss:0.0717 | acc:0.9900
[[34m2025-04-28 11:36:54[0m] 
Epoch 44/50 |    4.0s
train loss:0.1389 | acc:0.9520
val   loss:0.0784 | acc:0.9800
[[34m2025-04-28 11:36:58[0m] 
Epoch 45/50 |    3.8s
train loss:0.1348 | acc:0.9565
val   loss:0.0445 | acc:1.0000
[[34m2025-04-28 11:37:02[0m] 
Epoch 46/50 |    3.8s
train loss:0.1273 | acc:0.9570
val   loss:0.0963 | acc:0.9700
[[34m2025-04-28 11:37:08[0m] 
Epoch 47/50 |    3.7s
train loss:0.1317 | acc:0.9570
val   loss:0.0960 | acc:0.9700
[[34m2025-04-28 11:37:12[0m] 
Epoch 48/50 |    4.0s
train loss:0.1288 | acc:0.9540
val   loss:0.1236 | acc:0.9600
[[34m2025-04-28 11:37:16[0m] 
Epoch 49/50 |    3.7s
train loss:0.1283 | acc:0.9590
val   loss:0.0744 | acc:0.9900
[[34m2025-04-28 11:37:20[0m] 
Epoch 50/50 |    3.7s
train loss:0.1338 | acc:0.9565
val   loss:0.0951 | acc:0.9700
[[34m2025-04-28 11:37:22[0m] Animation.save using <class 'matplotlib.animation.PillowWriter'>
[[34m2025-04-28 11:38:47[0m] Animation.save using <class 'matplotlib.animation.PillowWriter'>
[[34m2025-04-28 11:39:27[0m] Animation.save using <class 'matplotlib.animation.PillowWriter'>
[[34m2025-04-28 11:40:50[0m] Animation.save using <class 'matplotlib.animation.PillowWriter'>
[[34m2025-04-28 11:41:29[0m] Animation.save using <class 'matplotlib.animation.PillowWriter'>
[[34m2025-04-28 11:41:45[0m] 
 S/D test loss=0.2640 | acc=0.8956
wandb: WARNING The `quiet` argument to `wandb.run.finish()` is deprecated, use `wandb.Settings(quiet=...)` to set this instead.
wandb:                                                                                
wandb: 
wandb: Run history:
wandb:           epoch ▁▁▁▁▂▂▂▂▂▂▃▃▃▃▃▄▄▄▄▄▄▅▅▅▅▅▅▆▆▆▆▆▇▇▇▇▇▇██
wandb:        test/acc ▁
wandb:  test/batch_acc ▁
wandb: test/batch_loss ▁
wandb:       test/loss ▁
wandb:       train/acc ▁▁▁▂▃▃▄▄▄▄▅▅▅▅▅▆▇▇▇▇▇▇▇█████████████████
wandb:      train/loss ████▇▇▇▆▆▆▆▆▅▅▅▄▄▃▃▃▃▂▂▂▂▂▁▁▁▁▁▁▁▁▁▁▁▁▁▁
wandb:         val/acc ▁▁▂▃▄▄▄▄▅▅▅▅▆▅▆▆▆▇▆▇▇▇▇▇▇█▇██▇███▇████▇█
wandb:        val/loss ████▇▇▇▇▆▆▅▆▆▄▄▄▄▃▄▃▃▃▃▃▂▂▂▁▂▂▁▁▁▁▂▁▁▂▂▂
wandb: 
wandb: Run summary:
wandb:           epoch 49
wandb:        test/acc 0.8956
wandb:  test/batch_acc 0.89062
wandb: test/batch_loss 0.3331
wandb:       test/loss 0.26396
wandb:       train/acc 0.9565
wandb:      train/loss 0.13376
wandb:         val/acc 0.97
wandb:        val/loss 0.09515
wandb: 
wandb: 🚀 View run KFFT_g50_s321 at: https://wandb.ai/elder-veliz-yale-university/kuramoto-relational-model/runs/y0vi1vyz
wandb: ⭐️ View project at: https://wandb.ai/elder-veliz-yale-university/kuramoto-relational-model
wandb: Synced 5 W&B file(s), 141 media file(s), 0 artifact file(s) and 0 other file(s)
wandb: Find logs at: ./wandb/run-20250428_112949-y0vi1vyz/logs
