Detected kernel version 4.18.0, which is below the recommended minimum of 5.5.0; this can cause the process to hang. It is recommended to upgrade the kernel to the minimum version or higher.
[[34m2025-04-28 10:43:23[0m] Experiment directory created at runs/KTFF_g15_s42
[[34m2025-04-28 10:43:23[0m] Generating training/validation datasets...
[[34m2025-04-28 10:43:23[0m] range(0, 15)
[[34m2025-04-28 10:43:23[0m] Generating test dataset (OOD)...
[[34m2025-04-28 10:43:23[0m] range(15, 100)
wandb: Using wandb-core as the SDK backend.  Please refer to https://wandb.me/wandb-core for more information.
wandb: Currently logged in as: elder-veliz (elder-veliz-yale-university) to https://api.wandb.ai. Use `wandb login --relogin` to force relogin
wandb: Tracking run with wandb version 0.19.9
wandb: Run data is saved locally in /vast/palmer/home.grace/sds685_egv6/SNDS492/FINAL/wandb/run-20250428_104323-zpcx74wa
wandb: Run `wandb offline` to turn off syncing.
wandb: Syncing run KTFF_g15_s42
wandb: ⭐️ View project at https://wandb.ai/elder-veliz-yale-university/kuramoto-relational-model
wandb: 🚀 View run at https://wandb.ai/elder-veliz-yale-university/kuramoto-relational-model/runs/zpcx74wa
[[34m2025-04-28 10:43:24[0m] Initializing model and optimizer...
[[34m2025-04-28 10:43:24[0m] Total trainable parameters: 49297
[[34m2025-04-28 10:43:24[0m] Start training for 50 epochs
[[34m2025-04-28 10:43:28[0m] Animation.save using <class 'matplotlib.animation.PillowWriter'>
[[34m2025-04-28 10:44:42[0m] Animation.save using <class 'matplotlib.animation.PillowWriter'>
[[34m2025-04-28 10:45:23[0m] Animation.save using <class 'matplotlib.animation.PillowWriter'>
[[34m2025-04-28 10:46:37[0m] Animation.save using <class 'matplotlib.animation.PillowWriter'>
[[34m2025-04-28 10:47:26[0m] 
Epoch 1/50 |    3.4s
train loss:0.7449 | acc:0.5175
val   loss:0.7003 | acc:0.5200
[[34m2025-04-28 10:47:31[0m] 
Epoch 2/50 |    3.2s
train loss:0.6938 | acc:0.5140
val   loss:0.6905 | acc:0.5000
[[34m2025-04-28 10:47:34[0m] 
Epoch 3/50 |    3.2s
train loss:0.6854 | acc:0.5485
val   loss:0.6792 | acc:0.5900
[[34m2025-04-28 10:47:38[0m] 
Epoch 4/50 |    3.2s
train loss:0.6752 | acc:0.5965
val   loss:0.6522 | acc:0.6300
[[34m2025-04-28 10:47:41[0m] 
Epoch 5/50 |    3.2s
train loss:0.6603 | acc:0.6165
val   loss:0.6741 | acc:0.5700
[[34m2025-04-28 10:47:45[0m] 
Epoch 6/50 |    3.2s
train loss:0.6252 | acc:0.6595
val   loss:0.5758 | acc:0.7400
[[34m2025-04-28 10:47:50[0m] 
Epoch 7/50 |    3.2s
train loss:0.5920 | acc:0.6985
val   loss:0.5659 | acc:0.7600
[[34m2025-04-28 10:47:53[0m] 
Epoch 8/50 |    3.2s
train loss:0.5952 | acc:0.6860
val   loss:0.5501 | acc:0.7300
[[34m2025-04-28 10:47:57[0m] 
Epoch 9/50 |    3.2s
train loss:0.5198 | acc:0.7400
val   loss:0.5358 | acc:0.7000
[[34m2025-04-28 10:48:00[0m] 
Epoch 10/50 |    3.2s
train loss:0.4732 | acc:0.7825
val   loss:0.4208 | acc:0.7700
[[34m2025-04-28 10:48:04[0m] 
Epoch 11/50 |    3.2s
train loss:0.4306 | acc:0.8065
val   loss:0.5162 | acc:0.7300
[[34m2025-04-28 10:48:09[0m] 
Epoch 12/50 |    3.2s
train loss:0.3861 | acc:0.8380
val   loss:0.4444 | acc:0.8000
[[34m2025-04-28 10:48:12[0m] 
Epoch 13/50 |    3.2s
train loss:0.3369 | acc:0.8590
val   loss:0.2892 | acc:0.9100
[[34m2025-04-28 10:48:16[0m] 
Epoch 14/50 |    3.2s
train loss:0.2935 | acc:0.8860
val   loss:0.3018 | acc:0.8600
[[34m2025-04-28 10:48:19[0m] 
Epoch 15/50 |    3.2s
train loss:0.2394 | acc:0.9220
val   loss:0.2168 | acc:0.9500
[[34m2025-04-28 10:48:23[0m] 
Epoch 16/50 |    3.2s
train loss:0.2140 | acc:0.9195
val   loss:0.2701 | acc:0.9000
[[34m2025-04-28 10:48:28[0m] 
Epoch 17/50 |    3.2s
train loss:0.1812 | acc:0.9455
val   loss:0.1707 | acc:0.9600
[[34m2025-04-28 10:48:31[0m] 
Epoch 18/50 |    3.2s
train loss:0.1390 | acc:0.9575
val   loss:0.1228 | acc:0.9700
[[34m2025-04-28 10:48:35[0m] 
Epoch 19/50 |    3.2s
train loss:0.1094 | acc:0.9710
val   loss:0.0855 | acc:0.9900
[[34m2025-04-28 10:48:38[0m] 
Epoch 20/50 |    3.2s
train loss:0.1044 | acc:0.9660
val   loss:0.0865 | acc:0.9700
[[34m2025-04-28 10:48:41[0m] 
Epoch 21/50 |    3.2s
train loss:0.0836 | acc:0.9740
val   loss:0.0528 | acc:0.9900
[[34m2025-04-28 10:48:47[0m] 
Epoch 22/50 |    3.2s
train loss:0.0643 | acc:0.9825
val   loss:0.0669 | acc:0.9800
[[34m2025-04-28 10:48:50[0m] 
Epoch 23/50 |    3.2s
train loss:0.0561 | acc:0.9840
val   loss:0.0382 | acc:0.9900
[[34m2025-04-28 10:48:53[0m] 
Epoch 24/50 |    3.2s
train loss:0.0508 | acc:0.9870
val   loss:0.0360 | acc:0.9900
[[34m2025-04-28 10:48:57[0m] 
Epoch 25/50 |    3.2s
train loss:0.0512 | acc:0.9855
val   loss:0.0448 | acc:0.9800
[[34m2025-04-28 10:49:00[0m] 
New best model saved at epoch 26 with validation accuracy 0.9900
[[34m2025-04-28 10:49:00[0m] 
Epoch 26/50 |    3.2s
train loss:0.0476 | acc:0.9865
val   loss:0.0312 | acc:0.9900
[[34m2025-04-28 10:49:05[0m] 
Epoch 27/50 |    3.2s
train loss:0.0292 | acc:0.9945
val   loss:0.0361 | acc:0.9900
[[34m2025-04-28 10:49:09[0m] 
New best model saved at epoch 28 with validation accuracy 1.0000
[[34m2025-04-28 10:49:09[0m] 
Epoch 28/50 |    3.2s
train loss:0.0270 | acc:0.9935
val   loss:0.0145 | acc:1.0000
[[34m2025-04-28 10:49:12[0m] 
Epoch 29/50 |    3.2s
train loss:0.0303 | acc:0.9920
val   loss:0.0135 | acc:1.0000
[[34m2025-04-28 10:49:16[0m] 
Epoch 30/50 |    3.2s
train loss:0.0245 | acc:0.9950
val   loss:0.0171 | acc:1.0000
[[34m2025-04-28 10:49:19[0m] 
Epoch 31/50 |    3.2s
train loss:0.0230 | acc:0.9955
val   loss:0.0146 | acc:1.0000
[[34m2025-04-28 10:49:24[0m] 
Epoch 32/50 |    3.2s
train loss:0.0166 | acc:0.9965
val   loss:0.0130 | acc:1.0000
[[34m2025-04-28 10:49:28[0m] 
Epoch 33/50 |    3.2s
train loss:0.0129 | acc:0.9995
val   loss:0.0090 | acc:1.0000
[[34m2025-04-28 10:49:31[0m] 
Epoch 34/50 |    3.2s
train loss:0.0131 | acc:0.9980
val   loss:0.0106 | acc:1.0000
[[34m2025-04-28 10:49:35[0m] 
Epoch 35/50 |    3.2s
train loss:0.0111 | acc:0.9980
val   loss:0.0165 | acc:0.9900
[[34m2025-04-28 10:49:38[0m] 
Epoch 36/50 |    3.2s
train loss:0.0130 | acc:0.9960
val   loss:0.0149 | acc:0.9900
[[34m2025-04-28 10:49:43[0m] 
Epoch 37/50 |    3.2s
train loss:0.0107 | acc:0.9980
val   loss:0.0071 | acc:1.0000
[[34m2025-04-28 10:49:47[0m] 
Epoch 38/50 |    3.2s
train loss:0.0094 | acc:0.9985
val   loss:0.0078 | acc:1.0000
[[34m2025-04-28 10:49:50[0m] 
Epoch 39/50 |    3.2s
train loss:0.0091 | acc:0.9980
val   loss:0.0076 | acc:1.0000
[[34m2025-04-28 10:49:54[0m] 
Epoch 40/50 |    3.2s
train loss:0.0078 | acc:0.9980
val   loss:0.0099 | acc:1.0000
[[34m2025-04-28 10:49:57[0m] 
Epoch 41/50 |    3.2s
train loss:0.0062 | acc:1.0000
val   loss:0.0044 | acc:1.0000
[[34m2025-04-28 10:50:02[0m] 
Epoch 42/50 |    3.2s
train loss:0.0066 | acc:0.9995
val   loss:0.0095 | acc:1.0000
[[34m2025-04-28 10:50:06[0m] 
Epoch 43/50 |    3.2s
train loss:0.0086 | acc:0.9985
val   loss:0.0113 | acc:1.0000
[[34m2025-04-28 10:50:09[0m] 
Epoch 44/50 |    3.1s
train loss:0.0053 | acc:1.0000
val   loss:0.0054 | acc:1.0000
[[34m2025-04-28 10:50:12[0m] 
Epoch 45/50 |    3.2s
train loss:0.0090 | acc:0.9985
val   loss:0.0038 | acc:1.0000
[[34m2025-04-28 10:50:16[0m] 
Epoch 46/50 |    3.2s
train loss:0.0091 | acc:0.9980
val   loss:0.0036 | acc:1.0000
[[34m2025-04-28 10:50:21[0m] 
Epoch 47/50 |    3.2s
train loss:0.0072 | acc:0.9980
val   loss:0.0048 | acc:1.0000
[[34m2025-04-28 10:50:25[0m] 
Epoch 48/50 |    3.2s
train loss:0.0064 | acc:0.9995
val   loss:0.0081 | acc:1.0000
[[34m2025-04-28 10:50:28[0m] 
Epoch 49/50 |    3.1s
train loss:0.0105 | acc:0.9985
val   loss:0.0057 | acc:1.0000
[[34m2025-04-28 10:50:31[0m] 
Epoch 50/50 |    3.2s
train loss:0.0061 | acc:0.9995
val   loss:0.0042 | acc:1.0000
[[34m2025-04-28 10:50:34[0m] Animation.save using <class 'matplotlib.animation.PillowWriter'>
[[34m2025-04-28 10:52:00[0m] Animation.save using <class 'matplotlib.animation.PillowWriter'>
[[34m2025-04-28 10:52:40[0m] Animation.save using <class 'matplotlib.animation.PillowWriter'>
[[34m2025-04-28 10:54:02[0m] Animation.save using <class 'matplotlib.animation.PillowWriter'>
[[34m2025-04-28 10:54:45[0m] Animation.save using <class 'matplotlib.animation.PillowWriter'>
[[34m2025-04-28 10:55:00[0m] 
 S/D test loss=0.4809 | acc=0.8551
wandb: WARNING The `quiet` argument to `wandb.run.finish()` is deprecated, use `wandb.Settings(quiet=...)` to set this instead.
wandb: uploading history steps 143-144, summary, console lines 216-221
wandb:                                                                                
wandb: 
wandb: Run history:
wandb:           epoch ▁▁▁▂▂▂▂▂▃▃▃▃▃▃▄▄▄▄▄▄▅▅▅▅▅▆▆▆▆▆▆▇▇▇▇▇▇███
wandb:        test/acc ▁
wandb:  test/batch_acc ▁
wandb: test/batch_loss ▁
wandb:       test/loss ▁
wandb:       train/acc ▁▁▂▂▃▃▄▅▆▆▇▇▇▇██████████████████████████
wandb:      train/loss ██▇▇▇▇▆▅▅▅▄▃▃▃▂▂▂▂▁▁▁▁▁▁▁▁▁▁▁▁▁▁▁▁▁▁▁▁▁▁
wandb:         val/acc ▁▁▂▃▂▅▄▄▅▄▆▇▇▇██████████████████████████
wandb:        val/loss █████▇▆▆▅▆▄▄▃▄▃▂▁▂▁▁▁▁▁▁▁▁▁▁▁▁▁▁▁▁▁▁▁▁▁▁
wandb: 
wandb: Run summary:
wandb:           epoch 49
wandb:        test/acc 0.8551
wandb:  test/batch_acc 0.8125
wandb: test/batch_loss 0.52941
wandb:       test/loss 0.48095
wandb:       train/acc 0.9995
wandb:      train/loss 0.00609
wandb:         val/acc 1
wandb:        val/loss 0.00419
wandb: 
wandb: 🚀 View run KTFF_g15_s42 at: https://wandb.ai/elder-veliz-yale-university/kuramoto-relational-model/runs/zpcx74wa
wandb: ⭐️ View project at: https://wandb.ai/elder-veliz-yale-university/kuramoto-relational-model
wandb: Synced 5 W&B file(s), 141 media file(s), 0 artifact file(s) and 0 other file(s)
wandb: Find logs at: ./wandb/run-20250428_104323-zpcx74wa/logs
