Detected kernel version 4.18.0, which is below the recommended minimum of 5.5.0; this can cause the process to hang. It is recommended to upgrade the kernel to the minimum version or higher.
[[34m2025-04-28 10:57:02[0m] Experiment directory created at runs/KTFF_g95_s492
[[34m2025-04-28 10:57:02[0m] Generating training/validation datasets...
[[34m2025-04-28 10:57:02[0m] range(0, 95)
[[34m2025-04-28 10:57:02[0m] Generating test dataset (OOD)...
[[34m2025-04-28 10:57:02[0m] range(95, 100)
wandb: Using wandb-core as the SDK backend.  Please refer to https://wandb.me/wandb-core for more information.
wandb: Currently logged in as: elder-veliz (elder-veliz-yale-university) to https://api.wandb.ai. Use `wandb login --relogin` to force relogin
wandb: Tracking run with wandb version 0.19.9
wandb: Run data is saved locally in /vast/palmer/home.grace/sds685_egv6/SNDS492/FINAL/wandb/run-20250428_105702-thwyh9ja
wandb: Run `wandb offline` to turn off syncing.
wandb: Syncing run KTFF_g95_s492
wandb: ⭐️ View project at https://wandb.ai/elder-veliz-yale-university/kuramoto-relational-model
wandb: 🚀 View run at https://wandb.ai/elder-veliz-yale-university/kuramoto-relational-model/runs/thwyh9ja
[[34m2025-04-28 10:57:03[0m] Initializing model and optimizer...
[[34m2025-04-28 10:57:03[0m] Total trainable parameters: 49297
[[34m2025-04-28 10:57:03[0m] Start training for 50 epochs
[[34m2025-04-28 10:57:06[0m] Animation.save using <class 'matplotlib.animation.PillowWriter'>
[[34m2025-04-28 10:58:00[0m] Animation.save using <class 'matplotlib.animation.PillowWriter'>
[[34m2025-04-28 10:58:28[0m] Animation.save using <class 'matplotlib.animation.PillowWriter'>
[[34m2025-04-28 10:59:24[0m] Animation.save using <class 'matplotlib.animation.PillowWriter'>
[[34m2025-04-28 10:59:58[0m] 
Epoch 1/50 |    5.1s
train loss:0.7155 | acc:0.5025
val   loss:0.6973 | acc:0.5000
[[34m2025-04-28 11:00:05[0m] 
Epoch 2/50 |    4.9s
train loss:0.6911 | acc:0.5282
val   loss:0.6832 | acc:0.6000
[[34m2025-04-28 11:00:10[0m] 
Epoch 3/50 |    4.9s
train loss:0.6620 | acc:0.6230
val   loss:0.6435 | acc:0.6300
[[34m2025-04-28 11:00:15[0m] 
Epoch 4/50 |    4.9s
train loss:0.5365 | acc:0.7420
val   loss:0.5293 | acc:0.7000
[[34m2025-04-28 11:00:20[0m] 
Epoch 5/50 |    4.9s
train loss:0.4473 | acc:0.7910
val   loss:0.4251 | acc:0.7900
[[34m2025-04-28 11:00:25[0m] 
Epoch 6/50 |    4.9s
train loss:0.3910 | acc:0.8280
val   loss:0.3108 | acc:0.8500
[[34m2025-04-28 11:00:32[0m] 
Epoch 7/50 |    4.9s
train loss:0.3014 | acc:0.8820
val   loss:0.2186 | acc:0.9100
[[34m2025-04-28 11:00:37[0m] 
Epoch 8/50 |    4.9s
train loss:0.2274 | acc:0.9160
val   loss:0.1706 | acc:0.9500
[[34m2025-04-28 11:00:42[0m] 
Epoch 9/50 |    4.9s
train loss:0.1917 | acc:0.9280
val   loss:0.1758 | acc:0.9300
[[34m2025-04-28 11:00:47[0m] 
Epoch 10/50 |    4.9s
train loss:0.1663 | acc:0.9380
val   loss:0.1082 | acc:0.9800
[[34m2025-04-28 11:00:52[0m] 
Epoch 11/50 |    4.9s
train loss:0.1421 | acc:0.9487
val   loss:0.1654 | acc:0.9300
[[34m2025-04-28 11:00:59[0m] 
Epoch 12/50 |    5.0s
train loss:0.1163 | acc:0.9593
val   loss:0.1537 | acc:0.9400
[[34m2025-04-28 11:01:04[0m] 
Epoch 13/50 |    5.0s
train loss:0.1123 | acc:0.9600
val   loss:0.0752 | acc:0.9600
[[34m2025-04-28 11:01:09[0m] 
Epoch 14/50 |    4.9s
train loss:0.1013 | acc:0.9633
val   loss:0.1254 | acc:0.9600
[[34m2025-04-28 11:01:14[0m] 
Epoch 15/50 |    4.9s
train loss:0.0970 | acc:0.9653
val   loss:0.1286 | acc:0.9500
[[34m2025-04-28 11:01:19[0m] 
Epoch 16/50 |    4.9s
train loss:0.0883 | acc:0.9692
val   loss:0.0938 | acc:0.9800
[[34m2025-04-28 11:01:26[0m] 
Epoch 17/50 |    4.9s
train loss:0.0783 | acc:0.9740
val   loss:0.1038 | acc:0.9600
[[34m2025-04-28 11:01:31[0m] 
Epoch 18/50 |    4.9s
train loss:0.0632 | acc:0.9808
val   loss:0.1048 | acc:0.9600
[[34m2025-04-28 11:01:36[0m] 
Epoch 19/50 |    4.9s
train loss:0.0774 | acc:0.9738
val   loss:0.0707 | acc:0.9800
[[34m2025-04-28 11:01:41[0m] 
Epoch 20/50 |    4.9s
train loss:0.0708 | acc:0.9768
val   loss:0.1244 | acc:0.9500
[[34m2025-04-28 11:01:46[0m] 
Epoch 21/50 |    4.9s
train loss:0.0793 | acc:0.9712
val   loss:0.1325 | acc:0.9500
[[34m2025-04-28 11:01:52[0m] 
Epoch 22/50 |    4.9s
train loss:0.0593 | acc:0.9820
val   loss:0.1059 | acc:0.9800
[[34m2025-04-28 11:01:58[0m] 
Epoch 23/50 |    4.9s
train loss:0.0548 | acc:0.9820
val   loss:0.1175 | acc:0.9700
[[34m2025-04-28 11:02:03[0m] 
Epoch 24/50 |    4.9s
train loss:0.0459 | acc:0.9865
val   loss:0.0932 | acc:0.9700
[[34m2025-04-28 11:02:08[0m] 
Epoch 25/50 |    4.9s
train loss:0.0477 | acc:0.9848
val   loss:0.0964 | acc:0.9600
[[34m2025-04-28 11:02:13[0m] 
New best model saved at epoch 26 with validation accuracy 0.9700
[[34m2025-04-28 11:02:13[0m] 
Epoch 26/50 |    4.9s
train loss:0.0497 | acc:0.9838
val   loss:0.0571 | acc:0.9700
[[34m2025-04-28 11:02:19[0m] 
Epoch 27/50 |    4.9s
train loss:0.0422 | acc:0.9868
val   loss:0.0830 | acc:0.9700
[[34m2025-04-28 11:02:25[0m] 
Epoch 28/50 |    5.0s
train loss:0.0413 | acc:0.9850
val   loss:0.2003 | acc:0.9600
[[34m2025-04-28 11:02:30[0m] 
Epoch 29/50 |    5.1s
train loss:0.0419 | acc:0.9872
val   loss:0.1190 | acc:0.9700
[[34m2025-04-28 11:02:35[0m] 
Epoch 30/50 |    5.0s
train loss:0.0317 | acc:0.9912
val   loss:0.0771 | acc:0.9600
[[34m2025-04-28 11:02:40[0m] 
New best model saved at epoch 31 with validation accuracy 0.9800
[[34m2025-04-28 11:02:40[0m] 
Epoch 31/50 |    4.9s
train loss:0.0330 | acc:0.9910
val   loss:0.0956 | acc:0.9800
[[34m2025-04-28 11:02:47[0m] 
Epoch 32/50 |    4.9s
train loss:0.0284 | acc:0.9918
val   loss:0.1115 | acc:0.9500
[[34m2025-04-28 11:02:52[0m] 
Epoch 33/50 |    4.9s
train loss:0.0335 | acc:0.9900
val   loss:0.0917 | acc:0.9700
[[34m2025-04-28 11:02:57[0m] 
New best model saved at epoch 34 with validation accuracy 0.9900
[[34m2025-04-28 11:02:57[0m] 
Epoch 34/50 |    4.9s
train loss:0.0276 | acc:0.9935
val   loss:0.0634 | acc:0.9900
[[34m2025-04-28 11:03:02[0m] 
Epoch 35/50 |    4.9s
train loss:0.0312 | acc:0.9910
val   loss:0.0861 | acc:0.9700
[[34m2025-04-28 11:03:07[0m] 
Epoch 36/50 |    4.9s
train loss:0.0330 | acc:0.9902
val   loss:0.0813 | acc:0.9800
[[34m2025-04-28 11:03:14[0m] 
Epoch 37/50 |    4.9s
train loss:0.0302 | acc:0.9915
val   loss:0.0970 | acc:0.9800
[[34m2025-04-28 11:03:19[0m] 
Epoch 38/50 |    4.9s
train loss:0.0215 | acc:0.9945
val   loss:0.0813 | acc:0.9800
[[34m2025-04-28 11:03:24[0m] 
Epoch 39/50 |    4.9s
train loss:0.0285 | acc:0.9918
val   loss:0.0730 | acc:0.9900
[[34m2025-04-28 11:03:29[0m] 
Epoch 40/50 |    4.9s
train loss:0.0232 | acc:0.9922
val   loss:0.0917 | acc:0.9800
[[34m2025-04-28 11:03:34[0m] 
Epoch 41/50 |    5.0s
train loss:0.0234 | acc:0.9930
val   loss:0.0536 | acc:0.9800
[[34m2025-04-28 11:03:41[0m] 
Epoch 42/50 |    4.9s
train loss:0.0255 | acc:0.9912
val   loss:0.0969 | acc:0.9700
[[34m2025-04-28 11:03:46[0m] 
Epoch 43/50 |    4.9s
train loss:0.0248 | acc:0.9935
val   loss:0.0828 | acc:0.9700
[[34m2025-04-28 11:03:51[0m] 
Epoch 44/50 |    4.9s
train loss:0.0196 | acc:0.9945
val   loss:0.1113 | acc:0.9600
[[34m2025-04-28 11:03:56[0m] 
Epoch 45/50 |    4.9s
train loss:0.0178 | acc:0.9958
val   loss:0.0810 | acc:0.9800
[[34m2025-04-28 11:04:01[0m] 
Epoch 46/50 |    4.9s
train loss:0.0194 | acc:0.9950
val   loss:0.0815 | acc:0.9800
[[34m2025-04-28 11:04:07[0m] 
Epoch 47/50 |    5.0s
train loss:0.0257 | acc:0.9925
val   loss:0.0771 | acc:0.9800
[[34m2025-04-28 11:04:13[0m] 
Epoch 48/50 |    5.0s
train loss:0.0223 | acc:0.9938
val   loss:0.1177 | acc:0.9700
[[34m2025-04-28 11:04:18[0m] 
Epoch 49/50 |    5.0s
train loss:0.0161 | acc:0.9960
val   loss:0.0671 | acc:0.9900
[[34m2025-04-28 11:04:23[0m] 
Epoch 50/50 |    4.9s
train loss:0.0189 | acc:0.9940
val   loss:0.0920 | acc:0.9800
[[34m2025-04-28 11:04:25[0m] Animation.save using <class 'matplotlib.animation.PillowWriter'>
[[34m2025-04-28 11:05:37[0m] Animation.save using <class 'matplotlib.animation.PillowWriter'>
[[34m2025-04-28 11:06:08[0m] Animation.save using <class 'matplotlib.animation.PillowWriter'>
[[34m2025-04-28 11:07:10[0m] Animation.save using <class 'matplotlib.animation.PillowWriter'>
[[34m2025-04-28 11:07:41[0m] Animation.save using <class 'matplotlib.animation.PillowWriter'>
[[34m2025-04-28 11:07:51[0m] 
 S/D test loss=0.2121 | acc=0.9362
wandb: WARNING The `quiet` argument to `wandb.run.finish()` is deprecated, use `wandb.Settings(quiet=...)` to set this instead.
wandb:                                                                                
wandb: 
wandb: Run history:
wandb:           epoch ▁▁▁▁▂▂▂▂▂▂▃▃▃▃▃▄▄▄▄▄▄▅▅▅▅▅▆▆▆▆▆▆▇▇▇▇▇▇██
wandb:        test/acc ▁
wandb:  test/batch_acc ▁
wandb: test/batch_loss ▁
wandb:       test/loss ▁
wandb:       train/acc ▁▁▃▄▅▆▇▇▇▇▇█████████████████████████████
wandb:      train/loss ██▇▆▅▄▃▃▂▂▂▂▂▂▂▂▂▁▁▁▁▁▁▁▁▁▁▁▁▁▁▁▁▁▁▁▁▁▁▁
wandb:         val/acc ▁▂▃▄▅▇▇▇▇▇█▇███▇▇███████████████████████
wandb:        val/loss ██▇▆▅▃▂▂▂▂▁▂▁▂▂▂▂▂▂▁▁▁▃▂▁▂▁▁▁▁▁▁▁▁▁▂▁▁▁▁
wandb: 
wandb: Run summary:
wandb:           epoch 49
wandb:        test/acc 0.9362
wandb:  test/batch_acc 0.90625
wandb: test/batch_loss 0.30895
wandb:       test/loss 0.21206
wandb:       train/acc 0.994
wandb:      train/loss 0.01895
wandb:         val/acc 0.98
wandb:        val/loss 0.09198
wandb: 
wandb: 🚀 View run KTFF_g95_s492 at: https://wandb.ai/elder-veliz-yale-university/kuramoto-relational-model/runs/thwyh9ja
wandb: ⭐️ View project at: https://wandb.ai/elder-veliz-yale-university/kuramoto-relational-model
wandb: Synced 5 W&B file(s), 141 media file(s), 0 artifact file(s) and 0 other file(s)
wandb: Find logs at: ./wandb/run-20250428_105702-thwyh9ja/logs
