Detected kernel version 4.18.0, which is below the recommended minimum of 5.5.0; this can cause the process to hang. It is recommended to upgrade the kernel to the minimum version or higher.
[[34m2025-04-28 10:44:28[0m] Experiment directory created at runs/KTFF_g50_s321
[[34m2025-04-28 10:44:28[0m] Generating training/validation datasets...
[[34m2025-04-28 10:44:28[0m] range(0, 50)
[[34m2025-04-28 10:44:28[0m] Generating test dataset (OOD)...
[[34m2025-04-28 10:44:28[0m] range(50, 100)
wandb: Using wandb-core as the SDK backend.  Please refer to https://wandb.me/wandb-core for more information.
wandb: Currently logged in as: elder-veliz (elder-veliz-yale-university) to https://api.wandb.ai. Use `wandb login --relogin` to force relogin
wandb: Tracking run with wandb version 0.19.9
wandb: Run data is saved locally in /vast/palmer/home.grace/sds685_egv6/SNDS492/FINAL/wandb/run-20250428_104429-n502w1k3
wandb: Run `wandb offline` to turn off syncing.
wandb: Syncing run KTFF_g50_s321
wandb: ⭐️ View project at https://wandb.ai/elder-veliz-yale-university/kuramoto-relational-model
wandb: 🚀 View run at https://wandb.ai/elder-veliz-yale-university/kuramoto-relational-model/runs/n502w1k3
[[34m2025-04-28 10:44:29[0m] Initializing model and optimizer...
[[34m2025-04-28 10:44:29[0m] Total trainable parameters: 49297
[[34m2025-04-28 10:44:29[0m] Start training for 50 epochs
[[34m2025-04-28 10:44:32[0m] Animation.save using <class 'matplotlib.animation.PillowWriter'>
[[34m2025-04-28 10:45:24[0m] Animation.save using <class 'matplotlib.animation.PillowWriter'>
[[34m2025-04-28 10:45:54[0m] Animation.save using <class 'matplotlib.animation.PillowWriter'>
[[34m2025-04-28 10:46:47[0m] Animation.save using <class 'matplotlib.animation.PillowWriter'>
[[34m2025-04-28 10:47:20[0m] 
Epoch 1/50 |    2.7s
train loss:0.6968 | acc:0.5080
val   loss:0.6928 | acc:0.5500
[[34m2025-04-28 10:47:24[0m] 
Epoch 2/50 |    2.6s
train loss:0.6906 | acc:0.5375
val   loss:0.7019 | acc:0.4500
[[34m2025-04-28 10:47:27[0m] 
Epoch 3/50 |    2.5s
train loss:0.6878 | acc:0.5410
val   loss:0.6735 | acc:0.6100
[[34m2025-04-28 10:47:29[0m] 
Epoch 4/50 |    2.6s
train loss:0.6705 | acc:0.6025
val   loss:0.6872 | acc:0.5700
[[34m2025-04-28 10:47:32[0m] 
Epoch 5/50 |    2.5s
train loss:0.6545 | acc:0.6220
val   loss:0.6240 | acc:0.6300
[[34m2025-04-28 10:47:35[0m] 
Epoch 6/50 |    2.5s
train loss:0.5947 | acc:0.6950
val   loss:0.6156 | acc:0.6600
[[34m2025-04-28 10:47:39[0m] 
Epoch 7/50 |    2.5s
train loss:0.6031 | acc:0.6805
val   loss:0.5808 | acc:0.7000
[[34m2025-04-28 10:47:41[0m] 
Epoch 8/50 |    2.5s
train loss:0.5982 | acc:0.6715
val   loss:0.5714 | acc:0.7200
[[34m2025-04-28 10:47:44[0m] 
Epoch 9/50 |    2.5s
train loss:0.5428 | acc:0.7380
val   loss:0.6004 | acc:0.6900
[[34m2025-04-28 10:47:47[0m] 
Epoch 10/50 |    2.5s
train loss:0.5239 | acc:0.7310
val   loss:0.5686 | acc:0.6900
[[34m2025-04-28 10:47:49[0m] 
Epoch 11/50 |    2.5s
train loss:0.4963 | acc:0.7595
val   loss:0.5081 | acc:0.7300
[[34m2025-04-28 10:47:53[0m] 
Epoch 12/50 |    2.5s
train loss:0.4204 | acc:0.8115
val   loss:0.4023 | acc:0.8300
[[34m2025-04-28 10:47:56[0m] 
Epoch 13/50 |    2.5s
train loss:0.3944 | acc:0.8295
val   loss:0.3987 | acc:0.8100
[[34m2025-04-28 10:47:59[0m] 
Epoch 14/50 |    2.5s
train loss:0.3605 | acc:0.8505
val   loss:0.3681 | acc:0.8100
[[34m2025-04-28 10:48:01[0m] 
Epoch 15/50 |    2.5s
train loss:0.3212 | acc:0.8635
val   loss:0.2662 | acc:0.8800
[[34m2025-04-28 10:48:04[0m] 
Epoch 16/50 |    2.5s
train loss:0.2868 | acc:0.8835
val   loss:0.2912 | acc:0.8800
[[34m2025-04-28 10:48:08[0m] 
Epoch 17/50 |    2.5s
train loss:0.2594 | acc:0.9045
val   loss:0.2543 | acc:0.8800
[[34m2025-04-28 10:48:11[0m] 
Epoch 18/50 |    2.5s
train loss:0.3269 | acc:0.8545
val   loss:0.3140 | acc:0.8700
[[34m2025-04-28 10:48:14[0m] 
Epoch 19/50 |    2.5s
train loss:0.2418 | acc:0.9080
val   loss:0.2372 | acc:0.9200
[[34m2025-04-28 10:48:16[0m] 
Epoch 20/50 |    2.5s
train loss:0.2037 | acc:0.9265
val   loss:0.2945 | acc:0.8700
[[34m2025-04-28 10:48:19[0m] 
Epoch 21/50 |    2.5s
train loss:0.1933 | acc:0.9290
val   loss:0.2325 | acc:0.9100
[[34m2025-04-28 10:48:23[0m] 
Epoch 22/50 |    2.5s
train loss:0.1932 | acc:0.9330
val   loss:0.2293 | acc:0.9500
[[34m2025-04-28 10:48:26[0m] 
Epoch 23/50 |    2.5s
train loss:0.1842 | acc:0.9340
val   loss:0.1446 | acc:0.9500
[[34m2025-04-28 10:48:28[0m] 
Epoch 24/50 |    2.5s
train loss:0.1533 | acc:0.9455
val   loss:0.2181 | acc:0.9100
[[34m2025-04-28 10:48:31[0m] 
Epoch 25/50 |    2.5s
train loss:0.1379 | acc:0.9520
val   loss:0.1984 | acc:0.9300
[[34m2025-04-28 10:48:34[0m] 
New best model saved at epoch 26 with validation accuracy 0.9300
[[34m2025-04-28 10:48:34[0m] 
Epoch 26/50 |    2.5s
train loss:0.1446 | acc:0.9485
val   loss:0.1713 | acc:0.9300
[[34m2025-04-28 10:48:38[0m] 
New best model saved at epoch 27 with validation accuracy 0.9500
[[34m2025-04-28 10:48:38[0m] 
Epoch 27/50 |    2.5s
train loss:0.1253 | acc:0.9600
val   loss:0.1030 | acc:0.9500
[[34m2025-04-28 10:48:40[0m] 
Epoch 28/50 |    2.5s
train loss:0.1096 | acc:0.9645
val   loss:0.1986 | acc:0.9200
[[34m2025-04-28 10:48:43[0m] 
Epoch 29/50 |    2.5s
train loss:0.1085 | acc:0.9650
val   loss:0.1982 | acc:0.9000
[[34m2025-04-28 10:48:46[0m] 
Epoch 30/50 |    2.5s
train loss:0.1095 | acc:0.9630
val   loss:0.1370 | acc:0.9500
[[34m2025-04-28 10:48:48[0m] 
New best model saved at epoch 31 with validation accuracy 0.9700
[[34m2025-04-28 10:48:48[0m] 
Epoch 31/50 |    2.5s
train loss:0.0954 | acc:0.9705
val   loss:0.1083 | acc:0.9700
[[34m2025-04-28 10:48:53[0m] 
Epoch 32/50 |    2.5s
train loss:0.0886 | acc:0.9710
val   loss:0.1338 | acc:0.9500
[[34m2025-04-28 10:48:55[0m] 
Epoch 33/50 |    2.5s
train loss:0.0801 | acc:0.9745
val   loss:0.1092 | acc:0.9600
[[34m2025-04-28 10:48:58[0m] 
Epoch 34/50 |    2.5s
train loss:0.0808 | acc:0.9725
val   loss:0.1818 | acc:0.9400
[[34m2025-04-28 10:49:01[0m] 
Epoch 35/50 |    2.5s
train loss:0.0809 | acc:0.9755
val   loss:0.1482 | acc:0.9500
[[34m2025-04-28 10:49:03[0m] 
New best model saved at epoch 36 with validation accuracy 0.9800
[[34m2025-04-28 10:49:03[0m] 
Epoch 36/50 |    2.5s
train loss:0.0785 | acc:0.9765
val   loss:0.0792 | acc:0.9800
[[34m2025-04-28 10:49:07[0m] 
Epoch 37/50 |    2.5s
train loss:0.0863 | acc:0.9695
val   loss:0.1190 | acc:0.9600
[[34m2025-04-28 10:49:10[0m] 
Epoch 38/50 |    2.5s
train loss:0.0705 | acc:0.9775
val   loss:0.1284 | acc:0.9700
[[34m2025-04-28 10:49:13[0m] 
Epoch 39/50 |    2.5s
train loss:0.0674 | acc:0.9770
val   loss:0.0815 | acc:0.9800
[[34m2025-04-28 10:49:15[0m] 
New best model saved at epoch 40 with validation accuracy 0.9900
[[34m2025-04-28 10:49:15[0m] 
Epoch 40/50 |    2.5s
train loss:0.0736 | acc:0.9745
val   loss:0.0891 | acc:0.9900
[[34m2025-04-28 10:49:18[0m] 
Epoch 41/50 |    2.5s
train loss:0.0662 | acc:0.9785
val   loss:0.1092 | acc:0.9700
[[34m2025-04-28 10:49:22[0m] 
Epoch 42/50 |    2.5s
train loss:0.0632 | acc:0.9805
val   loss:0.0886 | acc:0.9700
[[34m2025-04-28 10:49:25[0m] 
Epoch 43/50 |    2.5s
train loss:0.0568 | acc:0.9820
val   loss:0.0859 | acc:0.9800
[[34m2025-04-28 10:49:27[0m] 
Epoch 44/50 |    2.5s
train loss:0.0600 | acc:0.9830
val   loss:0.0859 | acc:0.9700
[[34m2025-04-28 10:49:30[0m] 
Epoch 45/50 |    2.5s
train loss:0.0492 | acc:0.9830
val   loss:0.0885 | acc:0.9800
[[34m2025-04-28 10:49:33[0m] 
Epoch 46/50 |    2.5s
train loss:0.0635 | acc:0.9805
val   loss:0.0822 | acc:0.9800
[[34m2025-04-28 10:49:37[0m] 
Epoch 47/50 |    2.5s
train loss:0.0546 | acc:0.9825
val   loss:0.0851 | acc:0.9800
[[34m2025-04-28 10:49:40[0m] 
Epoch 48/50 |    2.5s
train loss:0.0613 | acc:0.9830
val   loss:0.0791 | acc:0.9800
[[34m2025-04-28 10:49:42[0m] 
Epoch 49/50 |    2.5s
train loss:0.0572 | acc:0.9845
val   loss:0.0493 | acc:0.9900
[[34m2025-04-28 10:49:45[0m] 
Epoch 50/50 |    2.5s
train loss:0.0601 | acc:0.9805
val   loss:0.0596 | acc:0.9800
[[34m2025-04-28 10:49:47[0m] Animation.save using <class 'matplotlib.animation.PillowWriter'>
[[34m2025-04-28 10:50:46[0m] Animation.save using <class 'matplotlib.animation.PillowWriter'>
[[34m2025-04-28 10:51:16[0m] Animation.save using <class 'matplotlib.animation.PillowWriter'>
[[34m2025-04-28 10:52:13[0m] Animation.save using <class 'matplotlib.animation.PillowWriter'>
[[34m2025-04-28 10:52:44[0m] Animation.save using <class 'matplotlib.animation.PillowWriter'>
[[34m2025-04-28 10:52:54[0m] 
 S/D test loss=0.2068 | acc=0.9232
wandb: WARNING The `quiet` argument to `wandb.run.finish()` is deprecated, use `wandb.Settings(quiet=...)` to set this instead.
wandb:                                                                                
wandb: 
wandb: Run history:
wandb:           epoch ▁▁▁▁▂▂▂▂▂▂▃▃▃▃▃▄▄▄▄▄▄▅▅▅▅▅▆▆▆▆▆▇▇▇▇▇▇███
wandb:        test/acc ▁
wandb:  test/batch_acc ▁
wandb: test/batch_loss ▁
wandb:       test/loss ▁
wandb:       train/acc ▁▁▁▂▄▃▄▄▅▅▆▆▇▇▆▇▇▇▇▇▇███████████████████
wandb:      train/loss █████▇▇▆▆▆▅▄▄▄▃▃▃▃▃▂▂▂▂▂▂▁▁▁▁▁▁▁▁▁▁▁▁▁▁▁
wandb:         val/acc ▂▁▃▃▃▅▄▄▅▆▆▇▇▇▆▇▇▇▇▇▇▇▇▇██▇▇████████████
wandb:        val/loss ████▇▇▇▇▆▅▄▃▄▃▄▄▃▃▂▃▂▁▃▃▂▂▂▂▂▁▂▁▂▁▁▁▁▁▁▁
wandb: 
wandb: Run summary:
wandb:           epoch 49
wandb:        test/acc 0.9232
wandb:  test/batch_acc 0.90625
wandb: test/batch_loss 0.18245
wandb:       test/loss 0.20675
wandb:       train/acc 0.9805
wandb:      train/loss 0.06006
wandb:         val/acc 0.98
wandb:        val/loss 0.05957
wandb: 
wandb: 🚀 View run KTFF_g50_s321 at: https://wandb.ai/elder-veliz-yale-university/kuramoto-relational-model/runs/n502w1k3
wandb: ⭐️ View project at: https://wandb.ai/elder-veliz-yale-university/kuramoto-relational-model
wandb: Synced 5 W&B file(s), 141 media file(s), 0 artifact file(s) and 0 other file(s)
wandb: Find logs at: ./wandb/run-20250428_104429-n502w1k3/logs
