Detected kernel version 4.18.0, which is below the recommended minimum of 5.5.0; this can cause the process to hang. It is recommended to upgrade the kernel to the minimum version or higher.
[[34m2025-04-28 10:44:36[0m] Experiment directory created at runs/KTFF_g50_s492
[[34m2025-04-28 10:44:36[0m] Generating training/validation datasets...
[[34m2025-04-28 10:44:36[0m] range(0, 50)
[[34m2025-04-28 10:44:36[0m] Generating test dataset (OOD)...
[[34m2025-04-28 10:44:36[0m] range(50, 100)
wandb: Using wandb-core as the SDK backend.  Please refer to https://wandb.me/wandb-core for more information.
wandb: Currently logged in as: elder-veliz (elder-veliz-yale-university) to https://api.wandb.ai. Use `wandb login --relogin` to force relogin
wandb: Tracking run with wandb version 0.19.9
wandb: Run data is saved locally in /vast/palmer/home.grace/sds685_egv6/SNDS492/FINAL/wandb/run-20250428_104436-i2d1jlgt
wandb: Run `wandb offline` to turn off syncing.
wandb: Syncing run KTFF_g50_s492
wandb: ⭐️ View project at https://wandb.ai/elder-veliz-yale-university/kuramoto-relational-model
wandb: 🚀 View run at https://wandb.ai/elder-veliz-yale-university/kuramoto-relational-model/runs/i2d1jlgt
[[34m2025-04-28 10:44:37[0m] Initializing model and optimizer...
[[34m2025-04-28 10:44:37[0m] Total trainable parameters: 49297
[[34m2025-04-28 10:44:37[0m] Start training for 50 epochs
[[34m2025-04-28 10:44:41[0m] Animation.save using <class 'matplotlib.animation.PillowWriter'>
[[34m2025-04-28 10:45:52[0m] Animation.save using <class 'matplotlib.animation.PillowWriter'>
[[34m2025-04-28 10:46:34[0m] Animation.save using <class 'matplotlib.animation.PillowWriter'>
[[34m2025-04-28 10:47:44[0m] Animation.save using <class 'matplotlib.animation.PillowWriter'>
[[34m2025-04-28 10:48:28[0m] 
Epoch 1/50 |    3.3s
train loss:0.7159 | acc:0.5170
val   loss:0.7069 | acc:0.5100
[[34m2025-04-28 10:48:34[0m] 
Epoch 2/50 |    3.2s
train loss:0.6958 | acc:0.4955
val   loss:0.6909 | acc:0.5100
[[34m2025-04-28 10:48:37[0m] 
Epoch 3/50 |    3.2s
train loss:0.6870 | acc:0.5410
val   loss:0.6653 | acc:0.6900
[[34m2025-04-28 10:48:40[0m] 
Epoch 4/50 |    3.2s
train loss:0.6673 | acc:0.6165
val   loss:0.6369 | acc:0.6500
[[34m2025-04-28 10:48:44[0m] 
Epoch 5/50 |    3.2s
train loss:0.6380 | acc:0.6560
val   loss:0.6015 | acc:0.7200
[[34m2025-04-28 10:48:47[0m] 
Epoch 6/50 |    3.2s
train loss:0.5933 | acc:0.7090
val   loss:0.5435 | acc:0.7700
[[34m2025-04-28 10:48:52[0m] 
Epoch 7/50 |    3.2s
train loss:0.5518 | acc:0.7325
val   loss:0.5789 | acc:0.7300
[[34m2025-04-28 10:48:56[0m] 
Epoch 8/50 |    3.1s
train loss:0.4907 | acc:0.7730
val   loss:0.4309 | acc:0.8400
[[34m2025-04-28 10:48:59[0m] 
Epoch 9/50 |    3.2s
train loss:0.4037 | acc:0.8350
val   loss:0.4948 | acc:0.7300
[[34m2025-04-28 10:49:02[0m] 
Epoch 10/50 |    3.2s
train loss:0.4106 | acc:0.8180
val   loss:0.4034 | acc:0.8000
[[34m2025-04-28 10:49:06[0m] 
Epoch 11/50 |    3.2s
train loss:0.3530 | acc:0.8515
val   loss:0.3425 | acc:0.8400
[[34m2025-04-28 10:49:11[0m] 
Epoch 12/50 |    3.2s
train loss:0.3751 | acc:0.8280
val   loss:0.3786 | acc:0.8300
[[34m2025-04-28 10:49:15[0m] 
Epoch 13/50 |    3.2s
train loss:0.3518 | acc:0.8460
val   loss:0.2667 | acc:0.8800
[[34m2025-04-28 10:49:18[0m] 
Epoch 14/50 |    3.2s
train loss:0.3165 | acc:0.8630
val   loss:0.3112 | acc:0.8400
[[34m2025-04-28 10:49:21[0m] 
Epoch 15/50 |    3.2s
train loss:0.2718 | acc:0.8925
val   loss:0.2822 | acc:0.8800
[[34m2025-04-28 10:49:25[0m] 
Epoch 16/50 |    3.2s
train loss:0.2635 | acc:0.8990
val   loss:0.2164 | acc:0.9200
[[34m2025-04-28 10:49:30[0m] 
Epoch 17/50 |    3.2s
train loss:0.2414 | acc:0.9100
val   loss:0.2154 | acc:0.9100
[[34m2025-04-28 10:49:33[0m] 
Epoch 18/50 |    3.2s
train loss:0.2425 | acc:0.9085
val   loss:0.1908 | acc:0.9200
[[34m2025-04-28 10:49:37[0m] 
Epoch 19/50 |    3.2s
train loss:0.2186 | acc:0.9190
val   loss:0.2124 | acc:0.8900
[[34m2025-04-28 10:49:40[0m] 
Epoch 20/50 |    3.2s
train loss:0.2033 | acc:0.9240
val   loss:0.1814 | acc:0.9300
[[34m2025-04-28 10:49:43[0m] 
Epoch 21/50 |    3.2s
train loss:0.2018 | acc:0.9180
val   loss:0.2351 | acc:0.9100
[[34m2025-04-28 10:49:49[0m] 
Epoch 22/50 |    3.2s
train loss:0.1996 | acc:0.9235
val   loss:0.1820 | acc:0.9300
[[34m2025-04-28 10:49:52[0m] 
Epoch 23/50 |    3.2s
train loss:0.1835 | acc:0.9295
val   loss:0.2075 | acc:0.9100
[[34m2025-04-28 10:49:56[0m] 
Epoch 24/50 |    3.2s
train loss:0.1924 | acc:0.9240
val   loss:0.2494 | acc:0.9000
[[34m2025-04-28 10:49:59[0m] 
Epoch 25/50 |    3.2s
train loss:0.1613 | acc:0.9435
val   loss:0.2093 | acc:0.9300
[[34m2025-04-28 10:50:02[0m] 
New best model saved at epoch 26 with validation accuracy 0.8800
[[34m2025-04-28 10:50:02[0m] 
Epoch 26/50 |    3.2s
train loss:0.1719 | acc:0.9365
val   loss:0.2220 | acc:0.8800
[[34m2025-04-28 10:50:07[0m] 
New best model saved at epoch 27 with validation accuracy 0.8900
[[34m2025-04-28 10:50:07[0m] 
Epoch 27/50 |    3.2s
train loss:0.1721 | acc:0.9385
val   loss:0.3752 | acc:0.8900
[[34m2025-04-28 10:50:11[0m] 
Epoch 28/50 |    3.2s
train loss:0.1597 | acc:0.9385
val   loss:0.2651 | acc:0.8800
[[34m2025-04-28 10:50:14[0m] 
New best model saved at epoch 29 with validation accuracy 0.9500
[[34m2025-04-28 10:50:14[0m] 
Epoch 29/50 |    3.2s
train loss:0.1605 | acc:0.9385
val   loss:0.1501 | acc:0.9500
[[34m2025-04-28 10:50:18[0m] 
Epoch 30/50 |    3.2s
train loss:0.1511 | acc:0.9490
val   loss:0.2276 | acc:0.9000
[[34m2025-04-28 10:50:21[0m] 
Epoch 31/50 |    3.2s
train loss:0.1507 | acc:0.9485
val   loss:0.1417 | acc:0.9200
[[34m2025-04-28 10:50:26[0m] 
Epoch 32/50 |    3.2s
train loss:0.1396 | acc:0.9480
val   loss:0.1890 | acc:0.9200
[[34m2025-04-28 10:50:30[0m] 
Epoch 33/50 |    3.2s
train loss:0.1181 | acc:0.9555
val   loss:0.2116 | acc:0.9100
[[34m2025-04-28 10:50:33[0m] 
Epoch 34/50 |    3.2s
train loss:0.1327 | acc:0.9510
val   loss:0.1329 | acc:0.9500
[[34m2025-04-28 10:50:36[0m] 
New best model saved at epoch 35 with validation accuracy 0.9600
[[34m2025-04-28 10:50:36[0m] 
Epoch 35/50 |    3.2s
train loss:0.1095 | acc:0.9605
val   loss:0.0928 | acc:0.9600
[[34m2025-04-28 10:50:40[0m] 
Epoch 36/50 |    3.2s
train loss:0.1368 | acc:0.9500
val   loss:0.1155 | acc:0.9600
[[34m2025-04-28 10:50:45[0m] 
Epoch 37/50 |    3.2s
train loss:0.1127 | acc:0.9615
val   loss:0.2066 | acc:0.9200
[[34m2025-04-28 10:50:48[0m] 
Epoch 38/50 |    3.2s
train loss:0.1330 | acc:0.9525
val   loss:0.1156 | acc:0.9500
[[34m2025-04-28 10:50:52[0m] 
Epoch 39/50 |    3.2s
train loss:0.1212 | acc:0.9580
val   loss:0.1227 | acc:0.9600
[[34m2025-04-28 10:50:55[0m] 
Epoch 40/50 |    3.2s
train loss:0.1075 | acc:0.9645
val   loss:0.1227 | acc:0.9500
[[34m2025-04-28 10:50:59[0m] 
New best model saved at epoch 41 with validation accuracy 0.9700
[[34m2025-04-28 10:50:59[0m] 
Epoch 41/50 |    3.2s
train loss:0.1157 | acc:0.9570
val   loss:0.1230 | acc:0.9700
[[34m2025-04-28 10:51:04[0m] 
Epoch 42/50 |    3.2s
train loss:0.1080 | acc:0.9665
val   loss:0.1258 | acc:0.9500
[[34m2025-04-28 10:51:07[0m] 
New best model saved at epoch 43 with validation accuracy 0.9800
[[34m2025-04-28 10:51:07[0m] 
Epoch 43/50 |    3.2s
train loss:0.1129 | acc:0.9570
val   loss:0.0762 | acc:0.9800
[[34m2025-04-28 10:51:11[0m] 
Epoch 44/50 |    3.2s
train loss:0.1050 | acc:0.9635
val   loss:0.0853 | acc:0.9700
[[34m2025-04-28 10:51:14[0m] 
Epoch 45/50 |    3.2s
train loss:0.1104 | acc:0.9610
val   loss:0.1240 | acc:0.9500
[[34m2025-04-28 10:51:17[0m] 
Epoch 46/50 |    3.2s
train loss:0.1087 | acc:0.9640
val   loss:0.1245 | acc:0.9500
[[34m2025-04-28 10:51:22[0m] 
Epoch 47/50 |    3.2s
train loss:0.1059 | acc:0.9650
val   loss:0.1849 | acc:0.9300
[[34m2025-04-28 10:51:26[0m] 
Epoch 48/50 |    3.2s
train loss:0.1014 | acc:0.9655
val   loss:0.1287 | acc:0.9500
[[34m2025-04-28 10:51:29[0m] 
Epoch 49/50 |    3.2s
train loss:0.1086 | acc:0.9625
val   loss:0.1474 | acc:0.9500
[[34m2025-04-28 10:51:33[0m] 
Epoch 50/50 |    3.2s
train loss:0.1045 | acc:0.9695
val   loss:0.1278 | acc:0.9600
[[34m2025-04-28 10:51:35[0m] Animation.save using <class 'matplotlib.animation.PillowWriter'>
[[34m2025-04-28 10:53:09[0m] Animation.save using <class 'matplotlib.animation.PillowWriter'>
[[34m2025-04-28 10:53:52[0m] Animation.save using <class 'matplotlib.animation.PillowWriter'>
[[34m2025-04-28 10:55:09[0m] Animation.save using <class 'matplotlib.animation.PillowWriter'>
[[34m2025-04-28 10:55:50[0m] Animation.save using <class 'matplotlib.animation.PillowWriter'>
[[34m2025-04-28 10:56:04[0m] 
 S/D test loss=0.3498 | acc=0.8764
wandb: WARNING The `quiet` argument to `wandb.run.finish()` is deprecated, use `wandb.Settings(quiet=...)` to set this instead.
wandb:                                                                                
wandb: 
wandb: Run history:
wandb:           epoch ▁▁▁▁▂▂▂▂▂▂▃▃▃▃▃▄▄▄▄▄▅▅▅▅▅▆▆▆▆▆▆▇▇▇▇▇▇███
wandb:        test/acc ▁
wandb:  test/batch_acc ▁
wandb: test/batch_loss ▁
wandb:       test/loss ▁
wandb:       train/acc ▁▁▂▃▃▅▅▆▆▆▆▆▇▇▇▇▇▇▇▇████████████████████
wandb:      train/loss ███▇▇▆▅▄▅▄▄▃▃▃▃▂▂▂▂▂▂▂▂▂▂▁▁▁▁▁▁▁▁▁▁▁▁▁▁▁
wandb:         val/acc ▁▁▄▄▅▆▄▅▆▆▆▇▇▇▇▇▇▇▇▇▇▇▇█▇▇▇██████████▇██
wandb:        val/loss ███▇▇▇▅▆▅▄▃▄▃▃▃▃▂▂▂▃▃▄▃▂▃▂▃▁▁▂▂▂▂▂▁▂▂▂▂▂
wandb: 
wandb: Run summary:
wandb:           epoch 49
wandb:        test/acc 0.8764
wandb:  test/batch_acc 0.875
wandb: test/batch_loss 0.28718
wandb:       test/loss 0.34977
wandb:       train/acc 0.9695
wandb:      train/loss 0.10454
wandb:         val/acc 0.96
wandb:        val/loss 0.12784
wandb: 
wandb: 🚀 View run KTFF_g50_s492 at: https://wandb.ai/elder-veliz-yale-university/kuramoto-relational-model/runs/i2d1jlgt
wandb: ⭐️ View project at: https://wandb.ai/elder-veliz-yale-university/kuramoto-relational-model
wandb: Synced 5 W&B file(s), 141 media file(s), 0 artifact file(s) and 0 other file(s)
wandb: Find logs at: ./wandb/run-20250428_104436-i2d1jlgt/logs
