Detected kernel version 4.18.0, which is below the recommended minimum of 5.5.0; this can cause the process to hang. It is recommended to upgrade the kernel to the minimum version or higher.
[[34m2025-04-28 10:54:52[0m] Experiment directory created at runs/KTFF_g95_s123
[[34m2025-04-28 10:54:52[0m] Generating training/validation datasets...
[[34m2025-04-28 10:54:52[0m] range(0, 95)
[[34m2025-04-28 10:54:52[0m] Generating test dataset (OOD)...
[[34m2025-04-28 10:54:52[0m] range(95, 100)
wandb: Using wandb-core as the SDK backend.  Please refer to https://wandb.me/wandb-core for more information.
wandb: Currently logged in as: elder-veliz (elder-veliz-yale-university) to https://api.wandb.ai. Use `wandb login --relogin` to force relogin
wandb: Tracking run with wandb version 0.19.9
wandb: Run data is saved locally in /vast/palmer/home.grace/sds685_egv6/SNDS492/FINAL/wandb/run-20250428_105453-x70itoxz
wandb: Run `wandb offline` to turn off syncing.
wandb: Syncing run KTFF_g95_s123
wandb: ⭐️ View project at https://wandb.ai/elder-veliz-yale-university/kuramoto-relational-model
wandb: 🚀 View run at https://wandb.ai/elder-veliz-yale-university/kuramoto-relational-model/runs/x70itoxz
[[34m2025-04-28 10:54:54[0m] Initializing model and optimizer...
[[34m2025-04-28 10:54:54[0m] Total trainable parameters: 49297
[[34m2025-04-28 10:54:54[0m] Start training for 50 epochs
[[34m2025-04-28 10:54:57[0m] Animation.save using <class 'matplotlib.animation.PillowWriter'>
[[34m2025-04-28 10:55:54[0m] Animation.save using <class 'matplotlib.animation.PillowWriter'>
[[34m2025-04-28 10:56:23[0m] Animation.save using <class 'matplotlib.animation.PillowWriter'>
[[34m2025-04-28 10:57:17[0m] Animation.save using <class 'matplotlib.animation.PillowWriter'>
[[34m2025-04-28 10:57:51[0m] 
Epoch 1/50 |    5.1s
train loss:0.6941 | acc:0.5152
val   loss:0.6911 | acc:0.5700
[[34m2025-04-28 10:57:58[0m] 
Epoch 2/50 |    5.0s
train loss:0.6850 | acc:0.5615
val   loss:0.6600 | acc:0.6600
[[34m2025-04-28 10:58:03[0m] 
Epoch 3/50 |    5.0s
train loss:0.6139 | acc:0.6963
val   loss:0.5566 | acc:0.7700
[[34m2025-04-28 10:58:08[0m] 
Epoch 4/50 |    5.0s
train loss:0.5122 | acc:0.7642
val   loss:0.4664 | acc:0.8000
[[34m2025-04-28 10:58:13[0m] 
Epoch 5/50 |    5.0s
train loss:0.4525 | acc:0.7957
val   loss:0.4098 | acc:0.8400
[[34m2025-04-28 10:58:19[0m] 
Epoch 6/50 |    4.9s
train loss:0.4009 | acc:0.8220
val   loss:0.3461 | acc:0.8400
[[34m2025-04-28 10:58:25[0m] 
Epoch 7/50 |    5.0s
train loss:0.3288 | acc:0.8615
val   loss:0.2813 | acc:0.9000
[[34m2025-04-28 10:58:30[0m] 
Epoch 8/50 |    5.0s
train loss:0.2967 | acc:0.8752
val   loss:0.2380 | acc:0.9200
[[34m2025-04-28 10:58:36[0m] 
Epoch 9/50 |    5.0s
train loss:0.2537 | acc:0.9030
val   loss:0.1892 | acc:0.9500
[[34m2025-04-28 10:58:41[0m] 
Epoch 10/50 |    5.0s
train loss:0.2275 | acc:0.9120
val   loss:0.2309 | acc:0.9300
[[34m2025-04-28 10:58:46[0m] 
Epoch 11/50 |    5.0s
train loss:0.2050 | acc:0.9197
val   loss:0.1475 | acc:0.9500
[[34m2025-04-28 10:58:52[0m] 
Epoch 12/50 |    4.9s
train loss:0.1799 | acc:0.9307
val   loss:0.2101 | acc:0.9100
[[34m2025-04-28 10:58:57[0m] 
Epoch 13/50 |    4.9s
train loss:0.1590 | acc:0.9433
val   loss:0.1851 | acc:0.9100
[[34m2025-04-28 10:59:03[0m] 
Epoch 14/50 |    5.2s
train loss:0.1396 | acc:0.9480
val   loss:0.1431 | acc:0.9500
[[34m2025-04-28 10:59:08[0m] 
Epoch 15/50 |    4.9s
train loss:0.1141 | acc:0.9595
val   loss:0.0654 | acc:0.9800
[[34m2025-04-28 10:59:13[0m] 
Epoch 16/50 |    4.9s
train loss:0.1075 | acc:0.9637
val   loss:0.1047 | acc:0.9700
[[34m2025-04-28 10:59:20[0m] 
Epoch 17/50 |    4.9s
train loss:0.1059 | acc:0.9630
val   loss:0.0597 | acc:0.9900
[[34m2025-04-28 10:59:25[0m] 
Epoch 18/50 |    4.9s
train loss:0.0938 | acc:0.9692
val   loss:0.1288 | acc:0.9600
[[34m2025-04-28 10:59:30[0m] 
Epoch 19/50 |    5.0s
train loss:0.0844 | acc:0.9720
val   loss:0.0914 | acc:0.9800
[[34m2025-04-28 10:59:35[0m] 
Epoch 20/50 |    5.0s
train loss:0.0769 | acc:0.9745
val   loss:0.0791 | acc:0.9700
[[34m2025-04-28 10:59:40[0m] 
Epoch 21/50 |    4.9s
train loss:0.0734 | acc:0.9755
val   loss:0.1107 | acc:0.9700
[[34m2025-04-28 10:59:47[0m] 
Epoch 22/50 |    4.9s
train loss:0.0799 | acc:0.9722
val   loss:0.0553 | acc:0.9800
[[34m2025-04-28 10:59:52[0m] 
Epoch 23/50 |    4.9s
train loss:0.0737 | acc:0.9755
val   loss:0.0560 | acc:0.9900
[[34m2025-04-28 10:59:57[0m] 
Epoch 24/50 |    4.9s
train loss:0.0664 | acc:0.9768
val   loss:0.0905 | acc:0.9600
[[34m2025-04-28 11:00:02[0m] 
Epoch 25/50 |    5.0s
train loss:0.0560 | acc:0.9808
val   loss:0.0454 | acc:0.9800
[[34m2025-04-28 11:00:07[0m] 
New best model saved at epoch 26 with validation accuracy 0.9800
[[34m2025-04-28 11:00:07[0m] 
Epoch 26/50 |    5.0s
train loss:0.0584 | acc:0.9802
val   loss:0.0637 | acc:0.9800
[[34m2025-04-28 11:00:14[0m] 
New best model saved at epoch 27 with validation accuracy 0.9900
[[34m2025-04-28 11:00:14[0m] 
Epoch 27/50 |    4.9s
train loss:0.0543 | acc:0.9802
val   loss:0.0554 | acc:0.9900
[[34m2025-04-28 11:00:19[0m] 
Epoch 28/50 |    5.0s
train loss:0.0491 | acc:0.9855
val   loss:0.0456 | acc:0.9900
[[34m2025-04-28 11:00:24[0m] 
Epoch 29/50 |    5.0s
train loss:0.0514 | acc:0.9818
val   loss:0.0593 | acc:0.9800
[[34m2025-04-28 11:00:29[0m] 
Epoch 30/50 |    5.0s
train loss:0.0489 | acc:0.9855
val   loss:0.1031 | acc:0.9700
[[34m2025-04-28 11:00:35[0m] 
Epoch 31/50 |    5.0s
train loss:0.0477 | acc:0.9840
val   loss:0.0343 | acc:0.9900
[[34m2025-04-28 11:00:41[0m] 
Epoch 32/50 |    5.0s
train loss:0.0430 | acc:0.9858
val   loss:0.0342 | acc:0.9900
[[34m2025-04-28 11:00:46[0m] 
Epoch 33/50 |    4.9s
train loss:0.0397 | acc:0.9880
val   loss:0.0675 | acc:0.9800
[[34m2025-04-28 11:00:51[0m] 
Epoch 34/50 |    4.9s
train loss:0.0431 | acc:0.9875
val   loss:0.0534 | acc:0.9800
[[34m2025-04-28 11:00:57[0m] 
Epoch 35/50 |    5.0s
train loss:0.0405 | acc:0.9885
val   loss:0.0322 | acc:0.9900
[[34m2025-04-28 11:01:02[0m] 
Epoch 36/50 |    5.0s
train loss:0.0356 | acc:0.9890
val   loss:0.0532 | acc:0.9800
[[34m2025-04-28 11:01:08[0m] 
Epoch 37/50 |    4.9s
train loss:0.0332 | acc:0.9890
val   loss:0.0203 | acc:0.9900
[[34m2025-04-28 11:01:14[0m] 
Epoch 38/50 |    5.1s
train loss:0.0341 | acc:0.9910
val   loss:0.0502 | acc:0.9800
[[34m2025-04-28 11:01:19[0m] 
Epoch 39/50 |    4.9s
train loss:0.0366 | acc:0.9895
val   loss:0.0710 | acc:0.9800
[[34m2025-04-28 11:01:24[0m] 
Epoch 40/50 |    5.0s
train loss:0.0248 | acc:0.9935
val   loss:0.0389 | acc:0.9800
[[34m2025-04-28 11:01:29[0m] 
Epoch 41/50 |    4.9s
train loss:0.0343 | acc:0.9898
val   loss:0.0249 | acc:0.9900
[[34m2025-04-28 11:01:36[0m] 
New best model saved at epoch 42 with validation accuracy 1.0000
[[34m2025-04-28 11:01:36[0m] 
Epoch 42/50 |    5.0s
train loss:0.0248 | acc:0.9940
val   loss:0.0083 | acc:1.0000
[[34m2025-04-28 11:01:41[0m] 
Epoch 43/50 |    5.0s
train loss:0.0318 | acc:0.9880
val   loss:0.0416 | acc:0.9900
[[34m2025-04-28 11:01:46[0m] 
Epoch 44/50 |    5.0s
train loss:0.0296 | acc:0.9905
val   loss:0.0403 | acc:0.9900
[[34m2025-04-28 11:01:51[0m] 
Epoch 45/50 |    5.0s
train loss:0.0328 | acc:0.9898
val   loss:0.0125 | acc:1.0000
[[34m2025-04-28 11:01:56[0m] 
Epoch 46/50 |    5.0s
train loss:0.0319 | acc:0.9915
val   loss:0.0085 | acc:1.0000
[[34m2025-04-28 11:02:03[0m] 
Epoch 47/50 |    5.1s
train loss:0.0245 | acc:0.9928
val   loss:0.0161 | acc:1.0000
[[34m2025-04-28 11:02:08[0m] 
Epoch 48/50 |    5.0s
train loss:0.0282 | acc:0.9898
val   loss:0.0569 | acc:0.9900
[[34m2025-04-28 11:02:13[0m] 
Epoch 49/50 |    5.0s
train loss:0.0286 | acc:0.9885
val   loss:0.0684 | acc:0.9700
[[34m2025-04-28 11:02:18[0m] 
Epoch 50/50 |    4.9s
train loss:0.0297 | acc:0.9902
val   loss:0.0309 | acc:0.9900
[[34m2025-04-28 11:02:20[0m] Animation.save using <class 'matplotlib.animation.PillowWriter'>
[[34m2025-04-28 11:03:26[0m] Animation.save using <class 'matplotlib.animation.PillowWriter'>
[[34m2025-04-28 11:04:01[0m] Animation.save using <class 'matplotlib.animation.PillowWriter'>
[[34m2025-04-28 11:05:03[0m] Animation.save using <class 'matplotlib.animation.PillowWriter'>
[[34m2025-04-28 11:05:34[0m] Animation.save using <class 'matplotlib.animation.PillowWriter'>
[[34m2025-04-28 11:05:45[0m] 
 S/D test loss=0.2545 | acc=0.9175
wandb: WARNING The `quiet` argument to `wandb.run.finish()` is deprecated, use `wandb.Settings(quiet=...)` to set this instead.
wandb: uploading history steps 141-144, summary, console lines 218-223
wandb:                                                                                
wandb: 
wandb: Run history:
wandb:           epoch ▁▁▁▁▂▂▂▂▂▂▃▃▃▃▃▄▄▄▄▄▄▅▅▅▅▅▆▆▆▆▆▇▇▇▇▇▇███
wandb:        test/acc ▁
wandb:  test/batch_acc ▁
wandb: test/batch_loss ▁
wandb:       test/loss ▁
wandb:       train/acc ▁▂▄▅▅▆▇▇▇▇▇█████████████████████████████
wandb:      train/loss ██▇▆▅▄▃▃▃▃▂▂▂▂▂▂▂▂▂▁▁▁▁▁▁▁▁▁▁▁▁▁▁▁▁▁▁▁▁▁
wandb:         val/acc ▁▂▄▅▅▆▇▇▇▇▇▇███████▇████████████████████
wandb:        val/loss ██▇▆▅▃▃▃▂▃▂▂▂▂▂▂▁▁▂▁▁▁▂▂▁▂▁▁▁▁▂▁▁▁▁▁▁▁▁▁
wandb: 
wandb: Run summary:
wandb:           epoch 49
wandb:        test/acc 0.9175
wandb:  test/batch_acc 0.95312
wandb: test/batch_loss 0.13427
wandb:       test/loss 0.25454
wandb:       train/acc 0.99025
wandb:      train/loss 0.02967
wandb:         val/acc 0.99
wandb:        val/loss 0.03094
wandb: 
wandb: 🚀 View run KTFF_g95_s123 at: https://wandb.ai/elder-veliz-yale-university/kuramoto-relational-model/runs/x70itoxz
wandb: ⭐️ View project at: https://wandb.ai/elder-veliz-yale-university/kuramoto-relational-model
wandb: Synced 5 W&B file(s), 141 media file(s), 0 artifact file(s) and 0 other file(s)
wandb: Find logs at: ./wandb/run-20250428_105453-x70itoxz/logs
