Detected kernel version 4.18.0, which is below the recommended minimum of 5.5.0; this can cause the process to hang. It is recommended to upgrade the kernel to the minimum version or higher.
[[34m2025-04-28 10:42:31[0m] Experiment directory created at runs/KTFF_g15_s123
[[34m2025-04-28 10:42:31[0m] Generating training/validation datasets...
[[34m2025-04-28 10:42:31[0m] range(0, 15)
[[34m2025-04-28 10:42:31[0m] Generating test dataset (OOD)...
[[34m2025-04-28 10:42:31[0m] range(15, 100)
wandb: Using wandb-core as the SDK backend.  Please refer to https://wandb.me/wandb-core for more information.
wandb: Currently logged in as: elder-veliz (elder-veliz-yale-university) to https://api.wandb.ai. Use `wandb login --relogin` to force relogin
wandb: Tracking run with wandb version 0.19.9
wandb: Run data is saved locally in /vast/palmer/home.grace/sds685_egv6/SNDS492/FINAL/wandb/run-20250428_104232-hqftcrch
wandb: Run `wandb offline` to turn off syncing.
wandb: Syncing run KTFF_g15_s123
wandb: ⭐️ View project at https://wandb.ai/elder-veliz-yale-university/kuramoto-relational-model
wandb: 🚀 View run at https://wandb.ai/elder-veliz-yale-university/kuramoto-relational-model/runs/hqftcrch
[[34m2025-04-28 10:42:32[0m] Initializing model and optimizer...
[[34m2025-04-28 10:42:33[0m] Total trainable parameters: 49297
[[34m2025-04-28 10:42:33[0m] Start training for 50 epochs
[[34m2025-04-28 10:42:36[0m] Animation.save using <class 'matplotlib.animation.PillowWriter'>
[[34m2025-04-28 10:43:28[0m] Animation.save using <class 'matplotlib.animation.PillowWriter'>
[[34m2025-04-28 10:43:57[0m] Animation.save using <class 'matplotlib.animation.PillowWriter'>
[[34m2025-04-28 10:44:48[0m] Animation.save using <class 'matplotlib.animation.PillowWriter'>
[[34m2025-04-28 10:45:22[0m] 
Epoch 1/50 |    2.8s
train loss:0.6973 | acc:0.5100
val   loss:0.6881 | acc:0.5600
[[34m2025-04-28 10:45:26[0m] 
Epoch 2/50 |    2.8s
train loss:0.6912 | acc:0.5235
val   loss:0.6841 | acc:0.6100
[[34m2025-04-28 10:45:29[0m] 
Epoch 3/50 |    2.8s
train loss:0.6849 | acc:0.5550
val   loss:0.6884 | acc:0.5100
[[34m2025-04-28 10:45:32[0m] 
Epoch 4/50 |    2.8s
train loss:0.6739 | acc:0.5880
val   loss:0.6598 | acc:0.6500
[[34m2025-04-28 10:45:35[0m] 
Epoch 5/50 |    2.8s
train loss:0.6514 | acc:0.6355
val   loss:0.6864 | acc:0.5800
[[34m2025-04-28 10:45:38[0m] 
Epoch 6/50 |    2.8s
train loss:0.6204 | acc:0.6660
val   loss:0.6012 | acc:0.6900
[[34m2025-04-28 10:45:43[0m] 
Epoch 7/50 |    2.8s
train loss:0.5674 | acc:0.7210
val   loss:0.5290 | acc:0.7600
[[34m2025-04-28 10:45:46[0m] 
Epoch 8/50 |    2.7s
train loss:0.5189 | acc:0.7565
val   loss:0.5196 | acc:0.7400
[[34m2025-04-28 10:45:49[0m] 
Epoch 9/50 |    2.8s
train loss:0.4511 | acc:0.8085
val   loss:0.3395 | acc:0.9000
[[34m2025-04-28 10:45:52[0m] 
Epoch 10/50 |    2.8s
train loss:0.3607 | acc:0.8610
val   loss:0.3212 | acc:0.9200
[[34m2025-04-28 10:45:55[0m] 
Epoch 11/50 |    2.8s
train loss:0.3208 | acc:0.8805
val   loss:0.2173 | acc:0.9400
[[34m2025-04-28 10:45:59[0m] 
Epoch 12/50 |    2.8s
train loss:0.2808 | acc:0.8950
val   loss:0.2962 | acc:0.9100
[[34m2025-04-28 10:46:02[0m] 
Epoch 13/50 |    2.8s
train loss:0.2502 | acc:0.9110
val   loss:0.1882 | acc:0.9400
[[34m2025-04-28 10:46:05[0m] 
Epoch 14/50 |    2.7s
train loss:0.2399 | acc:0.9085
val   loss:0.1961 | acc:0.9200
[[34m2025-04-28 10:46:08[0m] 
Epoch 15/50 |    2.7s
train loss:0.2283 | acc:0.9130
val   loss:0.2279 | acc:0.9100
[[34m2025-04-28 10:46:11[0m] 
Epoch 16/50 |    2.7s
train loss:0.1952 | acc:0.9345
val   loss:0.2084 | acc:0.9400
[[34m2025-04-28 10:46:15[0m] 
Epoch 17/50 |    2.7s
train loss:0.1695 | acc:0.9385
val   loss:0.1997 | acc:0.9200
[[34m2025-04-28 10:46:18[0m] 
Epoch 18/50 |    2.7s
train loss:0.1626 | acc:0.9415
val   loss:0.1148 | acc:0.9700
[[34m2025-04-28 10:46:21[0m] 
Epoch 19/50 |    2.8s
train loss:0.1356 | acc:0.9555
val   loss:0.1106 | acc:0.9700
[[34m2025-04-28 10:46:24[0m] 
Epoch 20/50 |    2.8s
train loss:0.1424 | acc:0.9515
val   loss:0.1026 | acc:0.9800
[[34m2025-04-28 10:46:27[0m] 
Epoch 21/50 |    2.8s
train loss:0.1309 | acc:0.9530
val   loss:0.1492 | acc:0.9600
[[34m2025-04-28 10:46:31[0m] 
Epoch 22/50 |    2.8s
train loss:0.1323 | acc:0.9500
val   loss:0.0929 | acc:0.9800
[[34m2025-04-28 10:46:34[0m] 
Epoch 23/50 |    2.8s
train loss:0.0965 | acc:0.9675
val   loss:0.0915 | acc:0.9800
[[34m2025-04-28 10:46:37[0m] 
Epoch 24/50 |    2.8s
train loss:0.0870 | acc:0.9720
val   loss:0.1411 | acc:0.9500
[[34m2025-04-28 10:46:40[0m] 
Epoch 25/50 |    2.7s
train loss:0.0834 | acc:0.9760
val   loss:0.1065 | acc:0.9600
[[34m2025-04-28 10:46:43[0m] 
New best model saved at epoch 26 with validation accuracy 0.9700
[[34m2025-04-28 10:46:43[0m] 
Epoch 26/50 |    2.7s
train loss:0.0801 | acc:0.9720
val   loss:0.1051 | acc:0.9700
[[34m2025-04-28 10:46:47[0m] 
New best model saved at epoch 27 with validation accuracy 0.9800
[[34m2025-04-28 10:46:47[0m] 
Epoch 27/50 |    2.7s
train loss:0.0579 | acc:0.9855
val   loss:0.0898 | acc:0.9800
[[34m2025-04-28 10:46:50[0m] 
Epoch 28/50 |    2.7s
train loss:0.0576 | acc:0.9810
val   loss:0.0811 | acc:0.9800
[[34m2025-04-28 10:46:53[0m] 
Epoch 29/50 |    2.7s
train loss:0.0586 | acc:0.9830
val   loss:0.0641 | acc:0.9800
[[34m2025-04-28 10:46:56[0m] 
Epoch 30/50 |    2.7s
train loss:0.0474 | acc:0.9855
val   loss:0.0778 | acc:0.9600
[[34m2025-04-28 10:46:59[0m] 
Epoch 31/50 |    2.7s
train loss:0.0439 | acc:0.9860
val   loss:0.0714 | acc:0.9800
[[34m2025-04-28 10:47:03[0m] 
Epoch 32/50 |    2.7s
train loss:0.0447 | acc:0.9865
val   loss:0.1312 | acc:0.9700
[[34m2025-04-28 10:47:06[0m] 
Epoch 33/50 |    2.7s
train loss:0.0414 | acc:0.9880
val   loss:0.0564 | acc:0.9800
[[34m2025-04-28 10:47:09[0m] 
Epoch 34/50 |    2.7s
train loss:0.0418 | acc:0.9860
val   loss:0.0614 | acc:0.9800
[[34m2025-04-28 10:47:12[0m] 
Epoch 35/50 |    2.7s
train loss:0.0354 | acc:0.9875
val   loss:0.0601 | acc:0.9700
[[34m2025-04-28 10:47:15[0m] 
Epoch 36/50 |    2.7s
train loss:0.0381 | acc:0.9880
val   loss:0.0581 | acc:0.9800
[[34m2025-04-28 10:47:19[0m] 
Epoch 37/50 |    2.7s
train loss:0.0286 | acc:0.9915
val   loss:0.0504 | acc:0.9800
[[34m2025-04-28 10:47:22[0m] 
Epoch 38/50 |    2.7s
train loss:0.0348 | acc:0.9915
val   loss:0.0466 | acc:0.9800
[[34m2025-04-28 10:47:25[0m] 
Epoch 39/50 |    2.7s
train loss:0.0303 | acc:0.9915
val   loss:0.0900 | acc:0.9700
[[34m2025-04-28 10:47:28[0m] 
Epoch 40/50 |    2.9s
train loss:0.0296 | acc:0.9915
val   loss:0.1011 | acc:0.9700
[[34m2025-04-28 10:47:31[0m] 
Epoch 41/50 |    2.7s
train loss:0.0293 | acc:0.9895
val   loss:0.0477 | acc:0.9800
[[34m2025-04-28 10:47:35[0m] 
Epoch 42/50 |    2.7s
train loss:0.0262 | acc:0.9905
val   loss:0.0620 | acc:0.9800
[[34m2025-04-28 10:47:38[0m] 
Epoch 43/50 |    2.7s
train loss:0.0250 | acc:0.9920
val   loss:0.0951 | acc:0.9700
[[34m2025-04-28 10:47:40[0m] 
Epoch 44/50 |    2.7s
train loss:0.0209 | acc:0.9945
val   loss:0.0540 | acc:0.9800
[[34m2025-04-28 10:47:43[0m] 
Epoch 45/50 |    2.7s
train loss:0.0206 | acc:0.9940
val   loss:0.0342 | acc:0.9800
[[34m2025-04-28 10:47:46[0m] 
Epoch 46/50 |    2.7s
train loss:0.0221 | acc:0.9930
val   loss:0.0534 | acc:0.9800
[[34m2025-04-28 10:47:50[0m] 
Epoch 47/50 |    2.7s
train loss:0.0246 | acc:0.9940
val   loss:0.0497 | acc:0.9800
[[34m2025-04-28 10:47:53[0m] 
Epoch 48/50 |    2.7s
train loss:0.0220 | acc:0.9950
val   loss:0.0531 | acc:0.9800
[[34m2025-04-28 10:47:56[0m] 
New best model saved at epoch 49 with validation accuracy 0.9900
[[34m2025-04-28 10:47:56[0m] 
Epoch 49/50 |    2.7s
train loss:0.0190 | acc:0.9930
val   loss:0.0331 | acc:0.9900
[[34m2025-04-28 10:47:59[0m] 
Epoch 50/50 |    2.7s
train loss:0.0220 | acc:0.9940
val   loss:0.0390 | acc:0.9800
[[34m2025-04-28 10:48:01[0m] Animation.save using <class 'matplotlib.animation.PillowWriter'>
[[34m2025-04-28 10:48:56[0m] Animation.save using <class 'matplotlib.animation.PillowWriter'>
[[34m2025-04-28 10:49:28[0m] Animation.save using <class 'matplotlib.animation.PillowWriter'>
[[34m2025-04-28 10:50:24[0m] Animation.save using <class 'matplotlib.animation.PillowWriter'>
[[34m2025-04-28 10:50:56[0m] Animation.save using <class 'matplotlib.animation.PillowWriter'>
[[34m2025-04-28 10:51:08[0m] 
 S/D test loss=0.8074 | acc=0.7958
wandb: WARNING The `quiet` argument to `wandb.run.finish()` is deprecated, use `wandb.Settings(quiet=...)` to set this instead.
wandb:                                                                                
wandb: 
wandb: Run history:
wandb:           epoch ▁▁▁▁▂▂▂▂▂▃▃▃▃▃▃▄▄▄▄▄▅▅▅▅▅▆▆▆▆▆▆▇▇▇▇▇▇███
wandb:        test/acc ▁
wandb:  test/batch_acc ▁
wandb: test/batch_loss ▁
wandb:       test/loss ▁
wandb:       train/acc ▁▁▂▂▃▅▅▆▆▇▇▇▇▇▇▇▇███████████████████████
wandb:      train/loss █████▆▅▅▄▄▃▃▃▃▂▂▂▂▂▂▂▁▁▁▁▁▁▁▁▁▁▁▁▁▁▁▁▁▁▁
wandb:         val/acc ▂▂▁▃▂▅▄▇▇▇▇▇▇▇██████████████████████████
wandb:        val/loss █████▆▆▄▄▃▃▃▃▃▃▂▂▂▂▂▂▂▂▂▁▁▂▁▁▁▂▂▁▁▂▁▁▁▁▁
wandb: 
wandb: Run summary:
wandb:           epoch 49
wandb:        test/acc 0.7958
wandb:  test/batch_acc 0.79688
wandb: test/batch_loss 0.9038
wandb:       test/loss 0.80743
wandb:       train/acc 0.994
wandb:      train/loss 0.02196
wandb:         val/acc 0.98
wandb:        val/loss 0.039
wandb: 
wandb: 🚀 View run KTFF_g15_s123 at: https://wandb.ai/elder-veliz-yale-university/kuramoto-relational-model/runs/hqftcrch
wandb: ⭐️ View project at: https://wandb.ai/elder-veliz-yale-university/kuramoto-relational-model
wandb: Synced 5 W&B file(s), 141 media file(s), 0 artifact file(s) and 0 other file(s)
wandb: Find logs at: ./wandb/run-20250428_104232-hqftcrch/logs
