Detected kernel version 4.18.0, which is below the recommended minimum of 5.5.0; this can cause the process to hang. It is recommended to upgrade the kernel to the minimum version or higher.
[[34m2025-04-28 10:43:02[0m] Experiment directory created at runs/KTFF_g15_s492
[[34m2025-04-28 10:43:02[0m] Generating training/validation datasets...
[[34m2025-04-28 10:43:02[0m] range(0, 15)
[[34m2025-04-28 10:43:02[0m] Generating test dataset (OOD)...
[[34m2025-04-28 10:43:02[0m] range(15, 100)
wandb: Using wandb-core as the SDK backend.  Please refer to https://wandb.me/wandb-core for more information.
wandb: Currently logged in as: elder-veliz (elder-veliz-yale-university) to https://api.wandb.ai. Use `wandb login --relogin` to force relogin
wandb: Tracking run with wandb version 0.19.9
wandb: Run data is saved locally in /vast/palmer/home.grace/sds685_egv6/SNDS492/FINAL/wandb/run-20250428_104303-ceu0tep0
wandb: Run `wandb offline` to turn off syncing.
wandb: Syncing run KTFF_g15_s492
wandb: ⭐️ View project at https://wandb.ai/elder-veliz-yale-university/kuramoto-relational-model
wandb: 🚀 View run at https://wandb.ai/elder-veliz-yale-university/kuramoto-relational-model/runs/ceu0tep0
[[34m2025-04-28 10:43:04[0m] Initializing model and optimizer...
[[34m2025-04-28 10:43:04[0m] Total trainable parameters: 49297
[[34m2025-04-28 10:43:04[0m] Start training for 50 epochs
[[34m2025-04-28 10:43:08[0m] Animation.save using <class 'matplotlib.animation.PillowWriter'>
[[34m2025-04-28 10:44:24[0m] Animation.save using <class 'matplotlib.animation.PillowWriter'>
[[34m2025-04-28 10:45:07[0m] Animation.save using <class 'matplotlib.animation.PillowWriter'>
[[34m2025-04-28 10:46:20[0m] Animation.save using <class 'matplotlib.animation.PillowWriter'>
[[34m2025-04-28 10:47:05[0m] 
Epoch 1/50 |    3.5s
train loss:0.7095 | acc:0.5230
val   loss:0.7102 | acc:0.4600
[[34m2025-04-28 10:47:10[0m] 
Epoch 2/50 |    3.3s
train loss:0.6928 | acc:0.5225
val   loss:0.7013 | acc:0.4800
[[34m2025-04-28 10:47:14[0m] 
Epoch 3/50 |    3.3s
train loss:0.6900 | acc:0.5295
val   loss:0.6888 | acc:0.5300
[[34m2025-04-28 10:47:17[0m] 
Epoch 4/50 |    3.3s
train loss:0.6836 | acc:0.5590
val   loss:0.6831 | acc:0.4500
[[34m2025-04-28 10:47:21[0m] 
Epoch 5/50 |    3.3s
train loss:0.6595 | acc:0.5985
val   loss:0.6611 | acc:0.6700
[[34m2025-04-28 10:47:24[0m] 
Epoch 6/50 |    3.3s
train loss:0.6143 | acc:0.6790
val   loss:0.5967 | acc:0.6800
[[34m2025-04-28 10:47:30[0m] 
Epoch 7/50 |    3.3s
train loss:0.5656 | acc:0.7230
val   loss:0.4994 | acc:0.8100
[[34m2025-04-28 10:47:33[0m] 
Epoch 8/50 |    3.3s
train loss:0.4972 | acc:0.7820
val   loss:0.4469 | acc:0.8100
[[34m2025-04-28 10:47:37[0m] 
Epoch 9/50 |    3.3s
train loss:0.4378 | acc:0.8280
val   loss:0.3738 | acc:0.8700
[[34m2025-04-28 10:47:40[0m] 
Epoch 10/50 |    3.3s
train loss:0.3977 | acc:0.8470
val   loss:0.3287 | acc:0.8900
[[34m2025-04-28 10:47:44[0m] 
Epoch 11/50 |    3.3s
train loss:0.3085 | acc:0.8915
val   loss:0.2635 | acc:0.9100
[[34m2025-04-28 10:47:49[0m] 
Epoch 12/50 |    3.3s
train loss:0.2632 | acc:0.9035
val   loss:0.2299 | acc:0.9100
[[34m2025-04-28 10:47:53[0m] 
Epoch 13/50 |    3.3s
train loss:0.2265 | acc:0.9200
val   loss:0.2236 | acc:0.9300
[[34m2025-04-28 10:47:56[0m] 
Epoch 14/50 |    3.3s
train loss:0.2091 | acc:0.9205
val   loss:0.1596 | acc:0.9600
[[34m2025-04-28 10:48:00[0m] 
Epoch 15/50 |    3.3s
train loss:0.1775 | acc:0.9400
val   loss:0.1695 | acc:0.9300
[[34m2025-04-28 10:48:03[0m] 
Epoch 16/50 |    3.3s
train loss:0.1553 | acc:0.9530
val   loss:0.0870 | acc:0.9900
[[34m2025-04-28 10:48:09[0m] 
Epoch 17/50 |    3.3s
train loss:0.1534 | acc:0.9415
val   loss:0.0899 | acc:0.9800
[[34m2025-04-28 10:48:12[0m] 
Epoch 18/50 |    3.3s
train loss:0.1148 | acc:0.9620
val   loss:0.0680 | acc:0.9900
[[34m2025-04-28 10:48:16[0m] 
Epoch 19/50 |    3.3s
train loss:0.0832 | acc:0.9770
val   loss:0.1074 | acc:0.9700
[[34m2025-04-28 10:48:19[0m] 
Epoch 20/50 |    3.3s
train loss:0.0946 | acc:0.9685
val   loss:0.0689 | acc:0.9700
[[34m2025-04-28 10:48:23[0m] 
Epoch 21/50 |    3.3s
train loss:0.0747 | acc:0.9775
val   loss:0.0571 | acc:0.9800
[[34m2025-04-28 10:48:28[0m] 
Epoch 22/50 |    3.3s
train loss:0.0601 | acc:0.9810
val   loss:0.0551 | acc:0.9800
[[34m2025-04-28 10:48:32[0m] 
Epoch 23/50 |    3.3s
train loss:0.0596 | acc:0.9805
val   loss:0.0495 | acc:0.9900
[[34m2025-04-28 10:48:35[0m] 
Epoch 24/50 |    3.3s
train loss:0.0418 | acc:0.9895
val   loss:0.0224 | acc:1.0000
[[34m2025-04-28 10:48:39[0m] 
Epoch 25/50 |    3.3s
train loss:0.0434 | acc:0.9885
val   loss:0.0637 | acc:0.9700
[[34m2025-04-28 10:48:42[0m] 
New best model saved at epoch 26 with validation accuracy 1.0000
[[34m2025-04-28 10:48:42[0m] 
Epoch 26/50 |    3.3s
train loss:0.0387 | acc:0.9875
val   loss:0.0111 | acc:1.0000
[[34m2025-04-28 10:48:48[0m] 
Epoch 27/50 |    3.3s
train loss:0.0252 | acc:0.9940
val   loss:0.0358 | acc:0.9900
[[34m2025-04-28 10:48:51[0m] 
Epoch 28/50 |    3.3s
train loss:0.0274 | acc:0.9935
val   loss:0.0197 | acc:0.9900
[[34m2025-04-28 10:48:55[0m] 
Epoch 29/50 |    3.3s
train loss:0.0207 | acc:0.9950
val   loss:0.0067 | acc:1.0000
[[34m2025-04-28 10:48:58[0m] 
Epoch 30/50 |    3.3s
train loss:0.0231 | acc:0.9935
val   loss:0.0213 | acc:0.9800
[[34m2025-04-28 10:49:02[0m] 
Epoch 31/50 |    3.3s
train loss:0.0194 | acc:0.9940
val   loss:0.0111 | acc:1.0000
[[34m2025-04-28 10:49:07[0m] 
Epoch 32/50 |    3.3s
train loss:0.0203 | acc:0.9960
val   loss:0.0062 | acc:1.0000
[[34m2025-04-28 10:49:10[0m] 
Epoch 33/50 |    3.3s
train loss:0.0196 | acc:0.9935
val   loss:0.0165 | acc:0.9900
[[34m2025-04-28 10:49:14[0m] 
Epoch 34/50 |    3.3s
train loss:0.0157 | acc:0.9960
val   loss:0.0058 | acc:1.0000
[[34m2025-04-28 10:49:17[0m] 
Epoch 35/50 |    3.3s
train loss:0.0102 | acc:0.9985
val   loss:0.0086 | acc:1.0000
[[34m2025-04-28 10:49:21[0m] 
Epoch 36/50 |    3.3s
train loss:0.0174 | acc:0.9945
val   loss:0.0133 | acc:1.0000
[[34m2025-04-28 10:49:26[0m] 
Epoch 37/50 |    3.3s
train loss:0.0112 | acc:0.9985
val   loss:0.0069 | acc:1.0000
[[34m2025-04-28 10:49:30[0m] 
Epoch 38/50 |    3.3s
train loss:0.0112 | acc:0.9980
val   loss:0.0178 | acc:0.9900
[[34m2025-04-28 10:49:33[0m] 
Epoch 39/50 |    3.3s
train loss:0.0098 | acc:0.9990
val   loss:0.0069 | acc:1.0000
[[34m2025-04-28 10:49:37[0m] 
Epoch 40/50 |    3.3s
train loss:0.0109 | acc:0.9955
val   loss:0.0082 | acc:1.0000
[[34m2025-04-28 10:49:40[0m] 
Epoch 41/50 |    3.3s
train loss:0.0114 | acc:0.9970
val   loss:0.0049 | acc:1.0000
[[34m2025-04-28 10:49:46[0m] 
Epoch 42/50 |    3.3s
train loss:0.0107 | acc:0.9985
val   loss:0.0055 | acc:1.0000
[[34m2025-04-28 10:49:49[0m] 
Epoch 43/50 |    3.3s
train loss:0.0087 | acc:0.9975
val   loss:0.0131 | acc:0.9900
[[34m2025-04-28 10:49:53[0m] 
Epoch 44/50 |    3.3s
train loss:0.0088 | acc:0.9980
val   loss:0.0028 | acc:1.0000
[[34m2025-04-28 10:49:56[0m] 
Epoch 45/50 |    3.3s
train loss:0.0119 | acc:0.9970
val   loss:0.0058 | acc:1.0000
[[34m2025-04-28 10:50:00[0m] 
Epoch 46/50 |    3.4s
train loss:0.0078 | acc:0.9990
val   loss:0.0053 | acc:1.0000
[[34m2025-04-28 10:50:05[0m] 
Epoch 47/50 |    3.3s
train loss:0.0056 | acc:0.9990
val   loss:0.0044 | acc:1.0000
[[34m2025-04-28 10:50:09[0m] 
Epoch 48/50 |    3.3s
train loss:0.0053 | acc:1.0000
val   loss:0.0034 | acc:1.0000
[[34m2025-04-28 10:50:12[0m] 
Epoch 49/50 |    3.4s
train loss:0.0113 | acc:0.9945
val   loss:0.0071 | acc:1.0000
[[34m2025-04-28 10:50:16[0m] 
Epoch 50/50 |    3.3s
train loss:0.0104 | acc:0.9975
val   loss:0.0073 | acc:1.0000
[[34m2025-04-28 10:50:18[0m] Animation.save using <class 'matplotlib.animation.PillowWriter'>
[[34m2025-04-28 10:51:43[0m] Animation.save using <class 'matplotlib.animation.PillowWriter'>
[[34m2025-04-28 10:52:24[0m] Animation.save using <class 'matplotlib.animation.PillowWriter'>
[[34m2025-04-28 10:53:43[0m] Animation.save using <class 'matplotlib.animation.PillowWriter'>
[[34m2025-04-28 10:54:26[0m] Animation.save using <class 'matplotlib.animation.PillowWriter'>
[[34m2025-04-28 10:54:41[0m] 
 S/D test loss=0.5277 | acc=0.8547
wandb: WARNING The `quiet` argument to `wandb.run.finish()` is deprecated, use `wandb.Settings(quiet=...)` to set this instead.
wandb: uploading media/videos/osc_diff/epoch_49_overlay_gif_139_b332169d7f1ad50d54fb.gif; uploading output.log; uploading config.yaml
wandb: uploading media/videos/osc_diff/epoch_49_overlay_gif_139_b332169d7f1ad50d54fb.gif
wandb:                                                                                
wandb: 
wandb: Run history:
wandb:           epoch ▁▁▁▁▂▂▂▂▂▂▃▃▃▃▃▄▄▄▄▄▅▅▅▅▅▅▆▆▆▆▆▇▇▇▇▇▇███
wandb:        test/acc ▁
wandb:  test/batch_acc ▁
wandb: test/batch_loss ▁
wandb:       test/loss ▁
wandb:       train/acc ▁▁▁▂▂▄▅▅▆▆▇▇▇▇▇█████████████████████████
wandb:      train/loss █████▇▆▅▅▄▃▃▃▂▂▂▂▂▂▂▁▁▁▁▁▁▁▁▁▁▁▁▁▁▁▁▁▁▁▁
wandb:         val/acc ▁▁▂▁▄▆▆▆▇▇▇▇▇███████████████████████████
wandb:        val/loss █████▆▅▅▄▄▃▃▃▂▂▂▂▂▂▁▂▁▁▁▁▁▁▁▁▁▁▁▁▁▁▁▁▁▁▁
wandb: 
wandb: Run summary:
wandb:           epoch 49
wandb:        test/acc 0.8547
wandb:  test/batch_acc 0.875
wandb: test/batch_loss 0.44577
wandb:       test/loss 0.52766
wandb:       train/acc 0.9975
wandb:      train/loss 0.0104
wandb:         val/acc 1
wandb:        val/loss 0.00735
wandb: 
wandb: 🚀 View run KTFF_g15_s492 at: https://wandb.ai/elder-veliz-yale-university/kuramoto-relational-model/runs/ceu0tep0
wandb: ⭐️ View project at: https://wandb.ai/elder-veliz-yale-university/kuramoto-relational-model
wandb: Synced 5 W&B file(s), 141 media file(s), 0 artifact file(s) and 0 other file(s)
wandb: Find logs at: ./wandb/run-20250428_104303-ceu0tep0/logs
