Detected kernel version 4.18.0, which is below the recommended minimum of 5.5.0; this can cause the process to hang. It is recommended to upgrade the kernel to the minimum version or higher.
[[34m2025-04-28 10:57:20[0m] Experiment directory created at runs/KTFF_g95_s42
[[34m2025-04-28 10:57:20[0m] Generating training/validation datasets...
[[34m2025-04-28 10:57:20[0m] range(0, 95)
[[34m2025-04-28 10:57:20[0m] Generating test dataset (OOD)...
[[34m2025-04-28 10:57:20[0m] range(95, 100)
wandb: Using wandb-core as the SDK backend.  Please refer to https://wandb.me/wandb-core for more information.
wandb: Currently logged in as: elder-veliz (elder-veliz-yale-university) to https://api.wandb.ai. Use `wandb login --relogin` to force relogin
wandb: Tracking run with wandb version 0.19.9
wandb: Run data is saved locally in /vast/palmer/home.grace/sds685_egv6/SNDS492/FINAL/wandb/run-20250428_105720-246jm1fo
wandb: Run `wandb offline` to turn off syncing.
wandb: Syncing run KTFF_g95_s42
wandb: ⭐️ View project at https://wandb.ai/elder-veliz-yale-university/kuramoto-relational-model
wandb: 🚀 View run at https://wandb.ai/elder-veliz-yale-university/kuramoto-relational-model/runs/246jm1fo
[[34m2025-04-28 10:57:21[0m] Initializing model and optimizer...
[[34m2025-04-28 10:57:21[0m] Total trainable parameters: 49297
[[34m2025-04-28 10:57:21[0m] Start training for 50 epochs
[[34m2025-04-28 10:57:24[0m] Animation.save using <class 'matplotlib.animation.PillowWriter'>
[[34m2025-04-28 10:58:24[0m] Animation.save using <class 'matplotlib.animation.PillowWriter'>
[[34m2025-04-28 10:58:56[0m] Animation.save using <class 'matplotlib.animation.PillowWriter'>
[[34m2025-04-28 10:59:48[0m] Animation.save using <class 'matplotlib.animation.PillowWriter'>
[[34m2025-04-28 11:00:25[0m] 
Epoch 1/50 |    5.1s
train loss:0.7297 | acc:0.5175
val   loss:0.6977 | acc:0.5400
[[34m2025-04-28 11:00:32[0m] 
Epoch 2/50 |    5.0s
train loss:0.6910 | acc:0.5347
val   loss:0.6941 | acc:0.4500
[[34m2025-04-28 11:00:37[0m] 
Epoch 3/50 |    4.9s
train loss:0.6917 | acc:0.5135
val   loss:0.6824 | acc:0.5100
[[34m2025-04-28 11:00:42[0m] 
Epoch 4/50 |    4.9s
train loss:0.6208 | acc:0.6663
val   loss:0.5443 | acc:0.7500
[[34m2025-04-28 11:00:47[0m] 
Epoch 5/50 |    4.9s
train loss:0.5223 | acc:0.7435
val   loss:0.4864 | acc:0.7700
[[34m2025-04-28 11:00:52[0m] 
Epoch 6/50 |    4.9s
train loss:0.4526 | acc:0.7895
val   loss:0.3486 | acc:0.8500
[[34m2025-04-28 11:00:59[0m] 
Epoch 7/50 |    5.0s
train loss:0.3406 | acc:0.8562
val   loss:0.3706 | acc:0.8000
[[34m2025-04-28 11:01:04[0m] 
Epoch 8/50 |    4.9s
train loss:0.2824 | acc:0.8912
val   loss:0.3307 | acc:0.8700
[[34m2025-04-28 11:01:09[0m] 
Epoch 9/50 |    4.9s
train loss:0.2321 | acc:0.9103
val   loss:0.2986 | acc:0.9000
[[34m2025-04-28 11:01:14[0m] 
Epoch 10/50 |    5.0s
train loss:0.1898 | acc:0.9313
val   loss:0.3006 | acc:0.8900
[[34m2025-04-28 11:01:19[0m] 
Epoch 11/50 |    4.9s
train loss:0.1793 | acc:0.9305
val   loss:0.2193 | acc:0.9300
[[34m2025-04-28 11:01:26[0m] 
Epoch 12/50 |    4.9s
train loss:0.1567 | acc:0.9425
val   loss:0.2811 | acc:0.9000
[[34m2025-04-28 11:01:31[0m] 
Epoch 13/50 |    5.0s
train loss:0.1411 | acc:0.9487
val   loss:0.1954 | acc:0.9300
[[34m2025-04-28 11:01:36[0m] 
Epoch 14/50 |    5.0s
train loss:0.1243 | acc:0.9565
val   loss:0.1811 | acc:0.9200
[[34m2025-04-28 11:01:41[0m] 
Epoch 15/50 |    5.0s
train loss:0.1105 | acc:0.9587
val   loss:0.1714 | acc:0.9300
[[34m2025-04-28 11:01:46[0m] 
Epoch 16/50 |    4.9s
train loss:0.0884 | acc:0.9688
val   loss:0.2430 | acc:0.9100
[[34m2025-04-28 11:01:53[0m] 
Epoch 17/50 |    4.9s
train loss:0.1008 | acc:0.9645
val   loss:0.1554 | acc:0.9400
[[34m2025-04-28 11:01:58[0m] 
Epoch 18/50 |    5.0s
train loss:0.1026 | acc:0.9667
val   loss:0.2295 | acc:0.9100
[[34m2025-04-28 11:02:03[0m] 
Epoch 19/50 |    5.0s
train loss:0.0824 | acc:0.9732
val   loss:0.0735 | acc:0.9800
[[34m2025-04-28 11:02:08[0m] 
Epoch 20/50 |    5.0s
train loss:0.0715 | acc:0.9768
val   loss:0.1807 | acc:0.9300
[[34m2025-04-28 11:02:13[0m] 
Epoch 21/50 |    5.0s
train loss:0.0670 | acc:0.9770
val   loss:0.1707 | acc:0.9500
[[34m2025-04-28 11:02:20[0m] 
Epoch 22/50 |    5.0s
train loss:0.0736 | acc:0.9730
val   loss:0.1554 | acc:0.9500
[[34m2025-04-28 11:02:25[0m] 
Epoch 23/50 |    5.0s
train loss:0.0595 | acc:0.9785
val   loss:0.0712 | acc:0.9700
[[34m2025-04-28 11:02:30[0m] 
Epoch 24/50 |    4.9s
train loss:0.0600 | acc:0.9790
val   loss:0.1192 | acc:0.9700
[[34m2025-04-28 11:02:35[0m] 
Epoch 25/50 |    5.0s
train loss:0.0621 | acc:0.9792
val   loss:0.1078 | acc:0.9500
[[34m2025-04-28 11:02:41[0m] 
New best model saved at epoch 26 with validation accuracy 0.9800
[[34m2025-04-28 11:02:41[0m] 
Epoch 26/50 |    5.0s
train loss:0.0515 | acc:0.9845
val   loss:0.0339 | acc:0.9800
[[34m2025-04-28 11:02:47[0m] 
Epoch 27/50 |    5.0s
train loss:0.0518 | acc:0.9815
val   loss:0.1246 | acc:0.9500
[[34m2025-04-28 11:02:52[0m] 
Epoch 28/50 |    5.0s
train loss:0.0438 | acc:0.9855
val   loss:0.1051 | acc:0.9400
[[34m2025-04-28 11:02:58[0m] 
Epoch 29/50 |    5.0s
train loss:0.0449 | acc:0.9862
val   loss:0.0940 | acc:0.9600
[[34m2025-04-28 11:03:03[0m] 
Epoch 30/50 |    4.9s
train loss:0.0392 | acc:0.9858
val   loss:0.1330 | acc:0.9600
[[34m2025-04-28 11:03:08[0m] 
Epoch 31/50 |    5.0s
train loss:0.0393 | acc:0.9860
val   loss:0.0619 | acc:0.9800
[[34m2025-04-28 11:03:14[0m] 
Epoch 32/50 |    4.9s
train loss:0.0374 | acc:0.9885
val   loss:0.0567 | acc:0.9800
[[34m2025-04-28 11:03:19[0m] 
Epoch 33/50 |    4.9s
train loss:0.0347 | acc:0.9895
val   loss:0.0621 | acc:0.9700
[[34m2025-04-28 11:03:25[0m] 
Epoch 34/50 |    4.9s
train loss:0.0319 | acc:0.9910
val   loss:0.0944 | acc:0.9600
[[34m2025-04-28 11:03:30[0m] 
Epoch 35/50 |    4.9s
train loss:0.0246 | acc:0.9940
val   loss:0.0992 | acc:0.9800
[[34m2025-04-28 11:03:35[0m] 
Epoch 36/50 |    4.9s
train loss:0.0298 | acc:0.9918
val   loss:0.1031 | acc:0.9700
[[34m2025-04-28 11:03:41[0m] 
Epoch 37/50 |    5.0s
train loss:0.0261 | acc:0.9930
val   loss:0.0727 | acc:0.9700
[[34m2025-04-28 11:03:47[0m] 
Epoch 38/50 |    5.0s
train loss:0.0284 | acc:0.9915
val   loss:0.0429 | acc:0.9800
[[34m2025-04-28 11:03:52[0m] 
Epoch 39/50 |    5.0s
train loss:0.0286 | acc:0.9910
val   loss:0.0677 | acc:0.9800
[[34m2025-04-28 11:03:57[0m] 
Epoch 40/50 |    5.0s
train loss:0.0233 | acc:0.9932
val   loss:0.0601 | acc:0.9800
[[34m2025-04-28 11:04:02[0m] 
New best model saved at epoch 41 with validation accuracy 0.9900
[[34m2025-04-28 11:04:02[0m] 
Epoch 41/50 |    5.0s
train loss:0.0191 | acc:0.9935
val   loss:0.0566 | acc:0.9900
[[34m2025-04-28 11:04:09[0m] 
Epoch 42/50 |    4.9s
train loss:0.0230 | acc:0.9932
val   loss:0.0241 | acc:0.9800
[[34m2025-04-28 11:04:14[0m] 
Epoch 43/50 |    4.9s
train loss:0.0221 | acc:0.9938
val   loss:0.0516 | acc:0.9800
[[34m2025-04-28 11:04:19[0m] 
Epoch 44/50 |    5.1s
train loss:0.0255 | acc:0.9912
val   loss:0.0335 | acc:0.9800
[[34m2025-04-28 11:04:24[0m] 
New best model saved at epoch 45 with validation accuracy 1.0000
[[34m2025-04-28 11:04:24[0m] 
Epoch 45/50 |    4.9s
train loss:0.0205 | acc:0.9940
val   loss:0.0222 | acc:1.0000
[[34m2025-04-28 11:04:29[0m] 
Epoch 46/50 |    4.9s
train loss:0.0180 | acc:0.9942
val   loss:0.0733 | acc:0.9700
[[34m2025-04-28 11:04:35[0m] 
Epoch 47/50 |    4.9s
train loss:0.0214 | acc:0.9942
val   loss:0.0381 | acc:0.9800
[[34m2025-04-28 11:04:40[0m] 
Epoch 48/50 |    4.9s
train loss:0.0219 | acc:0.9940
val   loss:0.0186 | acc:0.9900
[[34m2025-04-28 11:04:45[0m] 
Epoch 49/50 |    4.9s
train loss:0.0227 | acc:0.9942
val   loss:0.0189 | acc:1.0000
[[34m2025-04-28 11:04:51[0m] 
Epoch 50/50 |    5.0s
train loss:0.0239 | acc:0.9932
val   loss:0.0336 | acc:0.9900
[[34m2025-04-28 11:04:53[0m] Animation.save using <class 'matplotlib.animation.PillowWriter'>
[[34m2025-04-28 11:05:54[0m] Animation.save using <class 'matplotlib.animation.PillowWriter'>
[[34m2025-04-28 11:06:24[0m] Animation.save using <class 'matplotlib.animation.PillowWriter'>
[[34m2025-04-28 11:07:24[0m] Animation.save using <class 'matplotlib.animation.PillowWriter'>
[[34m2025-04-28 11:07:57[0m] Animation.save using <class 'matplotlib.animation.PillowWriter'>
[[34m2025-04-28 11:08:08[0m] 
 S/D test loss=0.1042 | acc=0.9603
wandb: WARNING The `quiet` argument to `wandb.run.finish()` is deprecated, use `wandb.Settings(quiet=...)` to set this instead.
wandb:                                                                                
wandb: 
wandb: Run history:
wandb:           epoch ▁▁▁▁▂▂▂▂▂▃▃▃▃▃▃▄▄▄▄▄▅▅▅▅▅▆▆▆▆▆▆▇▇▇▇▇▇███
wandb:        test/acc ▁
wandb:  test/batch_acc ▁
wandb: test/batch_loss ▁
wandb:       test/loss ▁
wandb:       train/acc ▁▁▁▄▅▇▇▇▇▇▇▇████████████████████████████
wandb:      train/loss ███▇▆▄▄▃▃▃▂▂▂▂▂▂▁▂▁▁▁▁▁▁▁▁▁▁▁▁▁▁▁▁▁▁▁▁▁▁
wandb:         val/acc ▂▁▂▅▆▆▇▇▇▇▇▇▇▇█▇▇██▇▇▇▇▇██▇█████████████
wandb:        val/loss ██▆▆▅▄▄▃▄▃▃▃▂▃▂▃▂▂▂▂▂▂▂▂▁▁▂▂▂▂▂▁▁▁▁▁▂▁▁▁
wandb: 
wandb: Run summary:
wandb:           epoch 49
wandb:        test/acc 0.9603
wandb:  test/batch_acc 0.9375
wandb: test/batch_loss 0.14972
wandb:       test/loss 0.10418
wandb:       train/acc 0.99325
wandb:      train/loss 0.02388
wandb:         val/acc 0.99
wandb:        val/loss 0.03358
wandb: 
wandb: 🚀 View run KTFF_g95_s42 at: https://wandb.ai/elder-veliz-yale-university/kuramoto-relational-model/runs/246jm1fo
wandb: ⭐️ View project at: https://wandb.ai/elder-veliz-yale-university/kuramoto-relational-model
wandb: Synced 5 W&B file(s), 141 media file(s), 0 artifact file(s) and 0 other file(s)
wandb: Find logs at: ./wandb/run-20250428_105720-246jm1fo/logs
