Running command: python kuramoto_main.py   --exp_name KTFF_g95_s42   --seed 42   --n_train_glyphs 95   --n_train 4000   --n_test 10000   --epochs 50   --rmts_epochs 50   --model_type kuramoto --use_omega --animate
>>> Hyper‑parameters
exp_name            : KTFF_g95_s42
seed                : 42
checkpoint_every    : 10
load_model          : final
model_type          : kuramoto
animate             : True
epochs              : 50
rmts_epochs         : 50
batch_size          : 64
lr                  : 0.001
finetune            : None
embedding_dim       : 16
oscillator_dim      : 2
num_steps           : 25
step_size           : 0.1
use_omega           : True
omega_kappa         : 2.0
disable_between     : False
symmetric_j         : False
n_train_glyphs      : 95
n_train             : 4000
n_val               : 100
n_test              : 10000
num_workers         : 2
>>> Starting training …
Running on cuda

S/D test loss=0.1042 | acc=0.9603
S/D training complete.

Epoch 1/50 | Train Loss=0.6357, Acc=0.7502 | Val Loss=0.5319, Acc=0.9800
Epoch 2/50 | Train Loss=0.4014, Acc=0.9653 | Val Loss=0.2280, Acc=1.0000
Epoch 3/50 | Train Loss=0.1843, Acc=0.9782 | Val Loss=0.0997, Acc=1.0000
Epoch 4/50 | Train Loss=0.1063, Acc=0.9802 | Val Loss=0.0732, Acc=0.9900
Epoch 5/50 | Train Loss=0.0813, Acc=0.9802 | Val Loss=0.0606, Acc=0.9800
Epoch 6/50 | Train Loss=0.0718, Acc=0.9815 | Val Loss=0.0438, Acc=0.9900
Epoch 7/50 | Train Loss=0.0645, Acc=0.9808 | Val Loss=0.0484, Acc=0.9800
Epoch 8/50 | Train Loss=0.0617, Acc=0.9820 | Val Loss=0.0412, Acc=0.9900
Epoch 9/50 | Train Loss=0.0577, Acc=0.9820 | Val Loss=0.0302, Acc=0.9900
Epoch 10/50 | Train Loss=0.0559, Acc=0.9825 | Val Loss=0.0243, Acc=1.0000
Epoch 11/50 | Train Loss=0.0561, Acc=0.9820 | Val Loss=0.0218, Acc=1.0000
Epoch 12/50 | Train Loss=0.0503, Acc=0.9842 | Val Loss=0.0455, Acc=0.9900
Epoch 13/50 | Train Loss=0.0550, Acc=0.9825 | Val Loss=0.0278, Acc=1.0000
Epoch 14/50 | Train Loss=0.0546, Acc=0.9855 | Val Loss=0.0260, Acc=1.0000
Epoch 15/50 | Train Loss=0.0479, Acc=0.9858 | Val Loss=0.0382, Acc=0.9900
Epoch 16/50 | Train Loss=0.0507, Acc=0.9848 | Val Loss=0.0134, Acc=1.0000
Epoch 17/50 | Train Loss=0.0502, Acc=0.9858 | Val Loss=0.0231, Acc=0.9900
Epoch 18/50 | Train Loss=0.0507, Acc=0.9830 | Val Loss=0.0320, Acc=0.9900
Epoch 19/50 | Train Loss=0.0511, Acc=0.9842 | Val Loss=0.0159, Acc=1.0000
Epoch 20/50 | Train Loss=0.0544, Acc=0.9825 | Val Loss=0.0187, Acc=1.0000
Epoch 21/50 | Train Loss=0.0512, Acc=0.9855 | Val Loss=0.0344, Acc=0.9800
Epoch 22/50 | Train Loss=0.0573, Acc=0.9815 | Val Loss=0.0352, Acc=1.0000
Epoch 23/50 | Train Loss=0.0648, Acc=0.9782 | Val Loss=0.0423, Acc=0.9900
Epoch 24/50 | Train Loss=0.0525, Acc=0.9830 | Val Loss=0.0579, Acc=0.9800
Epoch 25/50 | Train Loss=0.0482, Acc=0.9868 | Val Loss=0.0160, Acc=1.0000
Epoch 26/50 | Train Loss=0.0525, Acc=0.9818 | Val Loss=0.0314, Acc=0.9900
Epoch 27/50 | Train Loss=0.0470, Acc=0.9838 | Val Loss=0.0163, Acc=1.0000
Epoch 28/50 | Train Loss=0.0561, Acc=0.9832 | Val Loss=0.0418, Acc=0.9800
Epoch 29/50 | Train Loss=0.0545, Acc=0.9828 | Val Loss=0.0190, Acc=0.9900
Epoch 30/50 | Train Loss=0.0524, Acc=0.9820 | Val Loss=0.0296, Acc=0.9900
Epoch 31/50 | Train Loss=0.0580, Acc=0.9812 | Val Loss=0.0074, Acc=1.0000
Epoch 32/50 | Train Loss=0.0485, Acc=0.9838 | Val Loss=0.0118, Acc=1.0000
Epoch 33/50 | Train Loss=0.0507, Acc=0.9860 | Val Loss=0.0230, Acc=1.0000
Epoch 34/50 | Train Loss=0.0494, Acc=0.9838 | Val Loss=0.0337, Acc=0.9900
Epoch 35/50 | Train Loss=0.0498, Acc=0.9872 | Val Loss=0.0240, Acc=0.9900
Epoch 36/50 | Train Loss=0.0459, Acc=0.9872 | Val Loss=0.0251, Acc=0.9900
Epoch 37/50 | Train Loss=0.0493, Acc=0.9842 | Val Loss=0.0251, Acc=0.9900
Epoch 38/50 | Train Loss=0.0479, Acc=0.9822 | Val Loss=0.0357, Acc=0.9900
Epoch 39/50 | Train Loss=0.0483, Acc=0.9812 | Val Loss=0.0104, Acc=1.0000
Epoch 40/50 | Train Loss=0.0472, Acc=0.9860 | Val Loss=0.0258, Acc=0.9900
Epoch 41/50 | Train Loss=0.0488, Acc=0.9845 | Val Loss=0.0185, Acc=1.0000
Epoch 42/50 | Train Loss=0.0507, Acc=0.9840 | Val Loss=0.0085, Acc=1.0000
Epoch 43/50 | Train Loss=0.0521, Acc=0.9818 | Val Loss=0.0170, Acc=1.0000
Epoch 44/50 | Train Loss=0.0507, Acc=0.9848 | Val Loss=0.0704, Acc=0.9700
Epoch 45/50 | Train Loss=0.0495, Acc=0.9850 | Val Loss=0.0259, Acc=0.9900
Epoch 46/50 | Train Loss=0.0481, Acc=0.9858 | Val Loss=0.0184, Acc=1.0000
Epoch 47/50 | Train Loss=0.0510, Acc=0.9858 | Val Loss=0.0414, Acc=0.9800
Epoch 48/50 | Train Loss=0.0489, Acc=0.9835 | Val Loss=0.0202, Acc=0.9900
Epoch 49/50 | Train Loss=0.0588, Acc=0.9798 | Val Loss=0.0113, Acc=1.0000
Epoch 50/50 | Train Loss=0.0519, Acc=0.9822 | Val Loss=0.0076, Acc=1.0000

RMTS test loss=0.1272 | acc=0.9525
R-MTS training complete.
