Detected kernel version 4.18.0, which is below the recommended minimum of 5.5.0; this can cause the process to hang. It is recommended to upgrade the kernel to the minimum version or higher.
[[34m2025-04-28 11:46:38[0m] Experiment directory created at runs/KTTF_g15_s42
[[34m2025-04-28 11:46:38[0m] Generating training/validation datasets...
[[34m2025-04-28 11:46:38[0m] range(0, 15)
[[34m2025-04-28 11:46:38[0m] Generating test dataset (OOD)...
[[34m2025-04-28 11:46:38[0m] range(15, 100)
wandb: Using wandb-core as the SDK backend.  Please refer to https://wandb.me/wandb-core for more information.
wandb: Currently logged in as: elder-veliz (elder-veliz-yale-university) to https://api.wandb.ai. Use `wandb login --relogin` to force relogin
wandb: Tracking run with wandb version 0.19.9
wandb: Run data is saved locally in /vast/palmer/home.grace/sds685_egv6/SNDS492/FINAL/wandb/run-20250428_114639-017jljvi
wandb: Run `wandb offline` to turn off syncing.
wandb: Syncing run KTTF_g15_s42
wandb: ⭐️ View project at https://wandb.ai/elder-veliz-yale-university/kuramoto-relational-model
wandb: 🚀 View run at https://wandb.ai/elder-veliz-yale-university/kuramoto-relational-model/runs/017jljvi
[[34m2025-04-28 11:46:40[0m] Initializing model and optimizer...
[[34m2025-04-28 11:46:40[0m] Total trainable parameters: 48273
[[34m2025-04-28 11:46:40[0m] Start training for 50 epochs
[[34m2025-04-28 11:46:43[0m] Animation.save using <class 'matplotlib.animation.PillowWriter'>
[[34m2025-04-28 11:47:57[0m] Animation.save using <class 'matplotlib.animation.PillowWriter'>
[[34m2025-04-28 11:48:37[0m] Animation.save using <class 'matplotlib.animation.PillowWriter'>
[[34m2025-04-28 11:49:54[0m] Animation.save using <class 'matplotlib.animation.PillowWriter'>
[[34m2025-04-28 11:50:36[0m] 
Epoch 1/50 |    2.6s
train loss:0.6963 | acc:0.4935
val   loss:0.6938 | acc:0.4800
[[34m2025-04-28 11:50:40[0m] 
Epoch 2/50 |    2.4s
train loss:0.6919 | acc:0.5180
val   loss:0.6915 | acc:0.5400
[[34m2025-04-28 11:50:43[0m] 
Epoch 3/50 |    2.4s
train loss:0.6898 | acc:0.5355
val   loss:0.6846 | acc:0.5800
[[34m2025-04-28 11:50:46[0m] 
Epoch 4/50 |    2.4s
train loss:0.6777 | acc:0.5865
val   loss:0.6600 | acc:0.6600
[[34m2025-04-28 11:50:48[0m] 
Epoch 5/50 |    2.4s
train loss:0.6496 | acc:0.6500
val   loss:0.6367 | acc:0.7000
[[34m2025-04-28 11:50:51[0m] 
Epoch 6/50 |    2.4s
train loss:0.6137 | acc:0.6810
val   loss:0.5812 | acc:0.7400
[[34m2025-04-28 11:50:55[0m] 
Epoch 7/50 |    2.4s
train loss:0.5691 | acc:0.7180
val   loss:0.5455 | acc:0.7100
[[34m2025-04-28 11:50:58[0m] 
Epoch 8/50 |    2.4s
train loss:0.5367 | acc:0.7330
val   loss:0.5467 | acc:0.6900
[[34m2025-04-28 11:51:00[0m] 
Epoch 9/50 |    2.4s
train loss:0.5101 | acc:0.7490
val   loss:0.4812 | acc:0.7400
[[34m2025-04-28 11:51:03[0m] 
Epoch 10/50 |    2.4s
train loss:0.4770 | acc:0.7730
val   loss:0.4550 | acc:0.8200
[[34m2025-04-28 11:51:05[0m] 
Epoch 11/50 |    2.4s
train loss:0.4691 | acc:0.7730
val   loss:0.4519 | acc:0.7800
[[34m2025-04-28 11:51:10[0m] 
Epoch 12/50 |    2.4s
train loss:0.4525 | acc:0.7920
val   loss:0.4876 | acc:0.7500
[[34m2025-04-28 11:51:13[0m] 
Epoch 13/50 |    2.4s
train loss:0.4643 | acc:0.7765
val   loss:0.4379 | acc:0.7900
[[34m2025-04-28 11:51:15[0m] 
Epoch 14/50 |    2.4s
train loss:0.4385 | acc:0.8015
val   loss:0.4510 | acc:0.7600
[[34m2025-04-28 11:51:18[0m] 
Epoch 15/50 |    2.4s
train loss:0.4336 | acc:0.8040
val   loss:0.3848 | acc:0.8300
[[34m2025-04-28 11:51:20[0m] 
Epoch 16/50 |    2.4s
train loss:0.3874 | acc:0.8260
val   loss:0.4089 | acc:0.8100
[[34m2025-04-28 11:51:25[0m] 
Epoch 17/50 |    2.4s
train loss:0.3789 | acc:0.8400
val   loss:0.3695 | acc:0.8700
[[34m2025-04-28 11:51:27[0m] 
Epoch 18/50 |    2.4s
train loss:0.3758 | acc:0.8450
val   loss:0.3566 | acc:0.8400
[[34m2025-04-28 11:51:30[0m] 
Epoch 19/50 |    2.4s
train loss:0.3589 | acc:0.8540
val   loss:0.3546 | acc:0.8800
[[34m2025-04-28 11:51:33[0m] 
Epoch 20/50 |    2.4s
train loss:0.3356 | acc:0.8690
val   loss:0.3315 | acc:0.8700
[[34m2025-04-28 11:51:35[0m] 
Epoch 21/50 |    2.4s
train loss:0.3260 | acc:0.8710
val   loss:0.2750 | acc:0.9000
[[34m2025-04-28 11:51:40[0m] 
Epoch 22/50 |    2.4s
train loss:0.3112 | acc:0.8720
val   loss:0.2767 | acc:0.9100
[[34m2025-04-28 11:51:42[0m] 
Epoch 23/50 |    2.4s
train loss:0.2936 | acc:0.8940
val   loss:0.2754 | acc:0.9100
[[34m2025-04-28 11:51:45[0m] 
Epoch 24/50 |    2.4s
train loss:0.2716 | acc:0.9050
val   loss:0.2108 | acc:0.9600
[[34m2025-04-28 11:51:48[0m] 
Epoch 25/50 |    2.4s
train loss:0.2523 | acc:0.9070
val   loss:0.1793 | acc:0.9600
[[34m2025-04-28 11:51:50[0m] 
New best model saved at epoch 26 with validation accuracy 0.9300
[[34m2025-04-28 11:51:50[0m] 
Epoch 26/50 |    2.4s
train loss:0.2536 | acc:0.9120
val   loss:0.2168 | acc:0.9300
[[34m2025-04-28 11:51:55[0m] 
Epoch 27/50 |    2.4s
train loss:0.2231 | acc:0.9295
val   loss:0.1999 | acc:0.9300
[[34m2025-04-28 11:51:57[0m] 
New best model saved at epoch 28 with validation accuracy 0.9700
[[34m2025-04-28 11:51:57[0m] 
Epoch 28/50 |    2.4s
train loss:0.2211 | acc:0.9265
val   loss:0.1848 | acc:0.9700
[[34m2025-04-28 11:52:00[0m] 
Epoch 29/50 |    2.4s
train loss:0.2079 | acc:0.9325
val   loss:0.1691 | acc:0.9600
[[34m2025-04-28 11:52:03[0m] 
Epoch 30/50 |    2.4s
train loss:0.2004 | acc:0.9320
val   loss:0.2100 | acc:0.9100
[[34m2025-04-28 11:52:05[0m] 
Epoch 31/50 |    2.4s
train loss:0.1966 | acc:0.9350
val   loss:0.1605 | acc:0.9400
[[34m2025-04-28 11:52:09[0m] 
Epoch 32/50 |    2.4s
train loss:0.1943 | acc:0.9350
val   loss:0.1088 | acc:0.9700
[[34m2025-04-28 11:52:12[0m] 
Epoch 33/50 |    2.4s
train loss:0.1785 | acc:0.9415
val   loss:0.1525 | acc:0.9600
[[34m2025-04-28 11:52:15[0m] 
Epoch 34/50 |    2.4s
train loss:0.1675 | acc:0.9485
val   loss:0.1310 | acc:0.9600
[[34m2025-04-28 11:52:17[0m] 
Epoch 35/50 |    2.4s
train loss:0.1617 | acc:0.9540
val   loss:0.1332 | acc:0.9600
[[34m2025-04-28 11:52:20[0m] 
Epoch 36/50 |    2.4s
train loss:0.1582 | acc:0.9495
val   loss:0.1229 | acc:0.9700
[[34m2025-04-28 11:52:24[0m] 
New best model saved at epoch 37 with validation accuracy 0.9900
[[34m2025-04-28 11:52:24[0m] 
Epoch 37/50 |    2.4s
train loss:0.1502 | acc:0.9545
val   loss:0.0872 | acc:0.9900
[[34m2025-04-28 11:52:27[0m] 
Epoch 38/50 |    2.4s
train loss:0.1538 | acc:0.9535
val   loss:0.1389 | acc:0.9600
[[34m2025-04-28 11:52:30[0m] 
Epoch 39/50 |    2.4s
train loss:0.1431 | acc:0.9615
val   loss:0.0861 | acc:0.9800
[[34m2025-04-28 11:52:32[0m] 
Epoch 40/50 |    2.4s
train loss:0.1373 | acc:0.9580
val   loss:0.0997 | acc:0.9800
[[34m2025-04-28 11:52:35[0m] 
Epoch 41/50 |    2.4s
train loss:0.1361 | acc:0.9570
val   loss:0.1012 | acc:0.9800
[[34m2025-04-28 11:52:39[0m] 
Epoch 42/50 |    2.4s
train loss:0.1291 | acc:0.9640
val   loss:0.1000 | acc:0.9900
[[34m2025-04-28 11:52:42[0m] 
Epoch 43/50 |    2.4s
train loss:0.1354 | acc:0.9560
val   loss:0.0840 | acc:0.9900
[[34m2025-04-28 11:52:44[0m] 
Epoch 44/50 |    2.4s
train loss:0.1346 | acc:0.9625
val   loss:0.1266 | acc:0.9600
[[34m2025-04-28 11:52:47[0m] 
Epoch 45/50 |    2.4s
train loss:0.1305 | acc:0.9640
val   loss:0.0858 | acc:0.9800
[[34m2025-04-28 11:52:50[0m] 
Epoch 46/50 |    2.4s
train loss:0.1271 | acc:0.9640
val   loss:0.1011 | acc:0.9700
[[34m2025-04-28 11:52:54[0m] 
Epoch 47/50 |    2.4s
train loss:0.1297 | acc:0.9605
val   loss:0.1008 | acc:0.9800
[[34m2025-04-28 11:52:57[0m] 
Epoch 48/50 |    2.4s
train loss:0.1273 | acc:0.9625
val   loss:0.1152 | acc:0.9700
[[34m2025-04-28 11:52:59[0m] 
Epoch 49/50 |    2.4s
train loss:0.1299 | acc:0.9620
val   loss:0.0923 | acc:0.9800
[[34m2025-04-28 11:53:02[0m] 
Epoch 50/50 |    2.4s
train loss:0.1265 | acc:0.9635
val   loss:0.1221 | acc:0.9700
[[34m2025-04-28 11:53:04[0m] Animation.save using <class 'matplotlib.animation.PillowWriter'>
[[34m2025-04-28 11:54:26[0m] Animation.save using <class 'matplotlib.animation.PillowWriter'>
[[34m2025-04-28 11:55:06[0m] Animation.save using <class 'matplotlib.animation.PillowWriter'>
[[34m2025-04-28 11:56:20[0m] Animation.save using <class 'matplotlib.animation.PillowWriter'>
[[34m2025-04-28 11:56:58[0m] Animation.save using <class 'matplotlib.animation.PillowWriter'>
[[34m2025-04-28 11:57:10[0m] 
 S/D test loss=0.5887 | acc=0.7745
wandb: WARNING The `quiet` argument to `wandb.run.finish()` is deprecated, use `wandb.Settings(quiet=...)` to set this instead.
wandb: uploading media/videos/osc_diff/epoch_49_overlay_gif_139_8d9dba7de45ef1051c7a.gif; uploading wandb-summary.json
wandb: uploading media/videos/osc_diff/epoch_49_overlay_gif_139_8d9dba7de45ef1051c7a.gif
wandb:                                                                                
wandb: 
wandb: Run history:
wandb:           epoch ▁▁▁▁▂▂▂▂▂▃▃▃▃▃▃▄▄▄▄▄▅▅▅▅▅▆▆▆▆▆▆▇▇▇▇▇▇███
wandb:        test/acc ▁
wandb:  test/batch_acc ▁
wandb: test/batch_loss ▁
wandb:       test/loss ▁
wandb:       train/acc ▁▁▂▂▃▄▅▅▅▅▅▆▆▆▆▆▇▇▇▇▇▇▇█████████████████
wandb:      train/loss ████▇▆▆▆▅▅▅▅▅▄▄▄▄▃▃▃▃▂▂▂▂▂▂▁▁▁▁▁▁▁▁▁▁▁▁▁
wandb:         val/acc ▁▂▂▃▄▄▄▅▆▅▅▅▆▆▆▆▆▇▇▇█▇▇██▇██████████████
wandb:        val/loss ████▇▆▆▆▅▅▅▅▄▅▄▄▄▃▃▃▂▃▂▂▂▂▂▂▂▁▁▁▁▁▁▁▁▁▁▁
wandb: 
wandb: Run summary:
wandb:           epoch 49
wandb:        test/acc 0.7745
wandb:  test/batch_acc 0.73438
wandb: test/batch_loss 0.55691
wandb:       test/loss 0.58872
wandb:       train/acc 0.9635
wandb:      train/loss 0.12652
wandb:         val/acc 0.97
wandb:        val/loss 0.12205
wandb: 
wandb: 🚀 View run KTTF_g15_s42 at: https://wandb.ai/elder-veliz-yale-university/kuramoto-relational-model/runs/017jljvi
wandb: ⭐️ View project at: https://wandb.ai/elder-veliz-yale-university/kuramoto-relational-model
wandb: Synced 5 W&B file(s), 141 media file(s), 0 artifact file(s) and 0 other file(s)
wandb: Find logs at: ./wandb/run-20250428_114639-017jljvi/logs
