Detected kernel version 4.18.0, which is below the recommended minimum of 5.5.0; this can cause the process to hang. It is recommended to upgrade the kernel to the minimum version or higher.
[[34m2025-04-28 11:46:49[0m] Experiment directory created at runs/KTTF_g15_s319
[[34m2025-04-28 11:46:49[0m] Generating training/validation datasets...
[[34m2025-04-28 11:46:49[0m] range(0, 15)
[[34m2025-04-28 11:46:49[0m] Generating test dataset (OOD)...
[[34m2025-04-28 11:46:49[0m] range(15, 100)
wandb: Using wandb-core as the SDK backend.  Please refer to https://wandb.me/wandb-core for more information.
wandb: Currently logged in as: elder-veliz (elder-veliz-yale-university) to https://api.wandb.ai. Use `wandb login --relogin` to force relogin
wandb: Tracking run with wandb version 0.19.9
wandb: Run data is saved locally in /vast/palmer/home.grace/sds685_egv6/SNDS492/FINAL/wandb/run-20250428_114649-ye519ub8
wandb: Run `wandb offline` to turn off syncing.
wandb: Syncing run KTTF_g15_s319
wandb: ⭐️ View project at https://wandb.ai/elder-veliz-yale-university/kuramoto-relational-model
wandb: 🚀 View run at https://wandb.ai/elder-veliz-yale-university/kuramoto-relational-model/runs/ye519ub8
[[34m2025-04-28 11:46:50[0m] Initializing model and optimizer...
[[34m2025-04-28 11:46:50[0m] Total trainable parameters: 48273
[[34m2025-04-28 11:46:50[0m] Start training for 50 epochs
[[34m2025-04-28 11:46:54[0m] Animation.save using <class 'matplotlib.animation.PillowWriter'>
[[34m2025-04-28 11:48:07[0m] Animation.save using <class 'matplotlib.animation.PillowWriter'>
[[34m2025-04-28 11:48:46[0m] Animation.save using <class 'matplotlib.animation.PillowWriter'>
[[34m2025-04-28 11:49:53[0m] Animation.save using <class 'matplotlib.animation.PillowWriter'>
[[34m2025-04-28 11:50:35[0m] 
Epoch 1/50 |    2.6s
train loss:0.6989 | acc:0.5130
val   loss:0.6918 | acc:0.5500
[[34m2025-04-28 11:50:39[0m] 
Epoch 2/50 |    2.4s
train loss:0.6946 | acc:0.5175
val   loss:0.6997 | acc:0.5200
[[34m2025-04-28 11:50:42[0m] 
Epoch 3/50 |    2.4s
train loss:0.6914 | acc:0.5410
val   loss:0.6902 | acc:0.5200
[[34m2025-04-28 11:50:45[0m] 
Epoch 4/50 |    2.4s
train loss:0.6846 | acc:0.5590
val   loss:0.6580 | acc:0.6700
[[34m2025-04-28 11:50:47[0m] 
Epoch 5/50 |    2.4s
train loss:0.6757 | acc:0.5740
val   loss:0.6649 | acc:0.6100
[[34m2025-04-28 11:50:50[0m] 
Epoch 6/50 |    2.4s
train loss:0.6533 | acc:0.6230
val   loss:0.6359 | acc:0.6500
[[34m2025-04-28 11:50:54[0m] 
Epoch 7/50 |    2.4s
train loss:0.6262 | acc:0.6570
val   loss:0.6179 | acc:0.6900
[[34m2025-04-28 11:50:57[0m] 
Epoch 8/50 |    2.4s
train loss:0.6110 | acc:0.6660
val   loss:0.6039 | acc:0.7200
[[34m2025-04-28 11:50:59[0m] 
Epoch 9/50 |    2.4s
train loss:0.5860 | acc:0.6975
val   loss:0.5855 | acc:0.6600
[[34m2025-04-28 11:51:02[0m] 
Epoch 10/50 |    2.4s
train loss:0.5716 | acc:0.6965
val   loss:0.5432 | acc:0.7200
[[34m2025-04-28 11:51:05[0m] 
Epoch 11/50 |    2.4s
train loss:0.5540 | acc:0.7155
val   loss:0.5247 | acc:0.7000
[[34m2025-04-28 11:51:09[0m] 
Epoch 12/50 |    2.4s
train loss:0.5408 | acc:0.7270
val   loss:0.5064 | acc:0.7500
[[34m2025-04-28 11:51:12[0m] 
Epoch 13/50 |    2.4s
train loss:0.5241 | acc:0.7460
val   loss:0.5093 | acc:0.7500
[[34m2025-04-28 11:51:14[0m] 
Epoch 14/50 |    2.4s
train loss:0.5335 | acc:0.7340
val   loss:0.4887 | acc:0.7600
[[34m2025-04-28 11:51:17[0m] 
Epoch 15/50 |    2.4s
train loss:0.5011 | acc:0.7635
val   loss:0.4738 | acc:0.7800
[[34m2025-04-28 11:51:19[0m] 
Epoch 16/50 |    2.4s
train loss:0.4732 | acc:0.7730
val   loss:0.4359 | acc:0.7700
[[34m2025-04-28 11:51:24[0m] 
Epoch 17/50 |    2.4s
train loss:0.4792 | acc:0.7695
val   loss:0.4309 | acc:0.8200
[[34m2025-04-28 11:51:26[0m] 
Epoch 18/50 |    2.4s
train loss:0.4476 | acc:0.7950
val   loss:0.3822 | acc:0.8600
[[34m2025-04-28 11:51:29[0m] 
Epoch 19/50 |    2.4s
train loss:0.4198 | acc:0.8155
val   loss:0.3816 | acc:0.8600
[[34m2025-04-28 11:51:32[0m] 
Epoch 20/50 |    2.4s
train loss:0.3953 | acc:0.8375
val   loss:0.3697 | acc:0.8500
[[34m2025-04-28 11:51:34[0m] 
Epoch 21/50 |    2.4s
train loss:0.3692 | acc:0.8450
val   loss:0.3190 | acc:0.8700
[[34m2025-04-28 11:51:39[0m] 
Epoch 22/50 |    2.4s
train loss:0.3339 | acc:0.8860
val   loss:0.2805 | acc:0.9000
[[34m2025-04-28 11:51:41[0m] 
Epoch 23/50 |    2.4s
train loss:0.3151 | acc:0.8835
val   loss:0.2900 | acc:0.8900
[[34m2025-04-28 11:51:44[0m] 
Epoch 24/50 |    2.4s
train loss:0.3069 | acc:0.8875
val   loss:0.2466 | acc:0.9200
[[34m2025-04-28 11:51:47[0m] 
Epoch 25/50 |    2.4s
train loss:0.2760 | acc:0.9030
val   loss:0.2372 | acc:0.9000
[[34m2025-04-28 11:51:49[0m] 
New best model saved at epoch 26 with validation accuracy 0.9200
[[34m2025-04-28 11:51:49[0m] 
Epoch 26/50 |    2.4s
train loss:0.2633 | acc:0.9050
val   loss:0.2184 | acc:0.9200
[[34m2025-04-28 11:51:54[0m] 
New best model saved at epoch 27 with validation accuracy 0.9400
[[34m2025-04-28 11:51:54[0m] 
Epoch 27/50 |    2.4s
train loss:0.2382 | acc:0.9215
val   loss:0.1836 | acc:0.9400
[[34m2025-04-28 11:51:56[0m] 
New best model saved at epoch 28 with validation accuracy 0.9500
[[34m2025-04-28 11:51:56[0m] 
Epoch 28/50 |    2.4s
train loss:0.2262 | acc:0.9165
val   loss:0.2189 | acc:0.9500
[[34m2025-04-28 11:51:59[0m] 
New best model saved at epoch 29 with validation accuracy 0.9600
[[34m2025-04-28 11:51:59[0m] 
Epoch 29/50 |    2.4s
train loss:0.2117 | acc:0.9295
val   loss:0.1731 | acc:0.9600
[[34m2025-04-28 11:52:02[0m] 
Epoch 30/50 |    2.4s
train loss:0.1984 | acc:0.9355
val   loss:0.1891 | acc:0.9500
[[34m2025-04-28 11:52:04[0m] 
Epoch 31/50 |    2.4s
train loss:0.1922 | acc:0.9340
val   loss:0.2172 | acc:0.9100
[[34m2025-04-28 11:52:09[0m] 
Epoch 32/50 |    2.4s
train loss:0.1835 | acc:0.9370
val   loss:0.1439 | acc:0.9500
[[34m2025-04-28 11:52:11[0m] 
Epoch 33/50 |    2.4s
train loss:0.1691 | acc:0.9470
val   loss:0.2261 | acc:0.9200
[[34m2025-04-28 11:52:14[0m] 
Epoch 34/50 |    2.4s
train loss:0.1523 | acc:0.9535
val   loss:0.1515 | acc:0.9600
[[34m2025-04-28 11:52:17[0m] 
Epoch 35/50 |    2.4s
train loss:0.1569 | acc:0.9500
val   loss:0.1700 | acc:0.9500
[[34m2025-04-28 11:52:19[0m] 
Epoch 36/50 |    2.4s
train loss:0.1553 | acc:0.9510
val   loss:0.1597 | acc:0.9500
[[34m2025-04-28 11:52:23[0m] 
Epoch 37/50 |    2.4s
train loss:0.1407 | acc:0.9585
val   loss:0.1154 | acc:0.9600
[[34m2025-04-28 11:52:26[0m] 
Epoch 38/50 |    2.4s
train loss:0.1384 | acc:0.9565
val   loss:0.1461 | acc:0.9500
[[34m2025-04-28 11:52:29[0m] 
New best model saved at epoch 39 with validation accuracy 0.9900
[[34m2025-04-28 11:52:29[0m] 
Epoch 39/50 |    2.4s
train loss:0.1439 | acc:0.9560
val   loss:0.1000 | acc:0.9900
[[34m2025-04-28 11:52:31[0m] 
Epoch 40/50 |    2.7s
train loss:0.1425 | acc:0.9595
val   loss:0.1281 | acc:0.9600
[[34m2025-04-28 11:52:34[0m] 
Epoch 41/50 |    2.4s
train loss:0.1350 | acc:0.9630
val   loss:0.1374 | acc:0.9600
[[34m2025-04-28 11:52:38[0m] 
Epoch 42/50 |    2.4s
train loss:0.1244 | acc:0.9715
val   loss:0.1291 | acc:0.9700
[[34m2025-04-28 11:52:41[0m] 
Epoch 43/50 |    2.4s
train loss:0.1250 | acc:0.9670
val   loss:0.1087 | acc:0.9800
[[34m2025-04-28 11:52:44[0m] 
Epoch 44/50 |    2.4s
train loss:0.1263 | acc:0.9640
val   loss:0.0969 | acc:0.9900
[[34m2025-04-28 11:52:46[0m] 
Epoch 45/50 |    2.4s
train loss:0.1294 | acc:0.9705
val   loss:0.0917 | acc:0.9800
[[34m2025-04-28 11:52:49[0m] 
Epoch 46/50 |    2.4s
train loss:0.1213 | acc:0.9685
val   loss:0.1039 | acc:0.9700
[[34m2025-04-28 11:52:53[0m] 
Epoch 47/50 |    2.4s
train loss:0.1278 | acc:0.9685
val   loss:0.1067 | acc:0.9800
[[34m2025-04-28 11:52:56[0m] 
New best model saved at epoch 48 with validation accuracy 1.0000
[[34m2025-04-28 11:52:56[0m] 
Epoch 48/50 |    2.4s
train loss:0.1229 | acc:0.9675
val   loss:0.0836 | acc:1.0000
[[34m2025-04-28 11:52:58[0m] 
Epoch 49/50 |    2.4s
train loss:0.1250 | acc:0.9600
val   loss:0.1037 | acc:0.9700
[[34m2025-04-28 11:53:01[0m] 
Epoch 50/50 |    2.4s
train loss:0.1229 | acc:0.9700
val   loss:0.1138 | acc:0.9800
[[34m2025-04-28 11:53:03[0m] Animation.save using <class 'matplotlib.animation.PillowWriter'>
[[34m2025-04-28 11:54:30[0m] Animation.save using <class 'matplotlib.animation.PillowWriter'>
[[34m2025-04-28 11:55:11[0m] Animation.save using <class 'matplotlib.animation.PillowWriter'>
[[34m2025-04-28 11:56:24[0m] Animation.save using <class 'matplotlib.animation.PillowWriter'>
[[34m2025-04-28 11:57:05[0m] Animation.save using <class 'matplotlib.animation.PillowWriter'>
[[34m2025-04-28 11:57:18[0m] 
 S/D test loss=0.6302 | acc=0.7617
wandb: WARNING The `quiet` argument to `wandb.run.finish()` is deprecated, use `wandb.Settings(quiet=...)` to set this instead.
wandb:                                                                                
wandb: 
wandb: Run history:
wandb:           epoch ▁▁▁▂▂▂▂▂▃▃▃▃▃▃▄▄▄▄▄▄▅▅▅▅▅▆▆▆▆▆▆▇▇▇▇▇▇███
wandb:        test/acc ▁
wandb:  test/batch_acc ▁
wandb: test/batch_loss ▁
wandb:       test/loss ▁
wandb:       train/acc ▁▁▁▂▂▃▃▄▄▄▅▄▅▅▅▆▆▆▇▇▇▇▇▇▇▇██████████████
wandb:      train/loss █████▇▇▇▆▆▆▆▆▅▅▅▄▄▄▃▃▃▂▂▂▂▂▂▁▁▁▁▁▁▁▁▁▁▁▁
wandb:         val/acc ▁▁▁▃▂▃▄▃▄▄▄▅▅▆▆▆▇▆▇▇▇▇▇▇▇▇▇▇▇▇█▇▇███████
wandb:        val/loss █████▇▇▆▆▆▅▅▅▄▄▄▃▃▃▃▂▃▂▂▃▃▂▂▂▁▁▂▂▂▁▁▁▁▁▁
wandb: 
wandb: Run summary:
wandb:           epoch 49
wandb:        test/acc 0.7617
wandb:  test/batch_acc 0.65625
wandb: test/batch_loss 0.75163
wandb:       test/loss 0.63025
wandb:       train/acc 0.97
wandb:      train/loss 0.12288
wandb:         val/acc 0.98
wandb:        val/loss 0.11384
wandb: 
wandb: 🚀 View run KTTF_g15_s319 at: https://wandb.ai/elder-veliz-yale-university/kuramoto-relational-model/runs/ye519ub8
wandb: ⭐️ View project at: https://wandb.ai/elder-veliz-yale-university/kuramoto-relational-model
wandb: Synced 5 W&B file(s), 141 media file(s), 0 artifact file(s) and 0 other file(s)
wandb: Find logs at: ./wandb/run-20250428_114649-ye519ub8/logs
