Detected kernel version 4.18.0, which is below the recommended minimum of 5.5.0; this can cause the process to hang. It is recommended to upgrade the kernel to the minimum version or higher.
[[34m2025-04-28 11:53:43[0m] Experiment directory created at runs/KTTF_g50_s42
[[34m2025-04-28 11:53:43[0m] Generating training/validation datasets...
[[34m2025-04-28 11:53:43[0m] range(0, 50)
[[34m2025-04-28 11:53:43[0m] Generating test dataset (OOD)...
[[34m2025-04-28 11:53:43[0m] range(50, 100)
wandb: Using wandb-core as the SDK backend.  Please refer to https://wandb.me/wandb-core for more information.
wandb: Currently logged in as: elder-veliz (elder-veliz-yale-university) to https://api.wandb.ai. Use `wandb login --relogin` to force relogin
wandb: Tracking run with wandb version 0.19.9
wandb: Run data is saved locally in /vast/palmer/home.grace/sds685_egv6/SNDS492/FINAL/wandb/run-20250428_115343-e95rog8u
wandb: Run `wandb offline` to turn off syncing.
wandb: Syncing run KTTF_g50_s42
wandb: ⭐️ View project at https://wandb.ai/elder-veliz-yale-university/kuramoto-relational-model
wandb: 🚀 View run at https://wandb.ai/elder-veliz-yale-university/kuramoto-relational-model/runs/e95rog8u
[[34m2025-04-28 11:53:44[0m] Initializing model and optimizer...
[[34m2025-04-28 11:53:44[0m] Total trainable parameters: 48273
[[34m2025-04-28 11:53:44[0m] Start training for 50 epochs
[[34m2025-04-28 11:53:47[0m] Animation.save using <class 'matplotlib.animation.PillowWriter'>
[[34m2025-04-28 11:54:58[0m] Animation.save using <class 'matplotlib.animation.PillowWriter'>
[[34m2025-04-28 11:55:38[0m] Animation.save using <class 'matplotlib.animation.PillowWriter'>
[[34m2025-04-28 11:56:49[0m] Animation.save using <class 'matplotlib.animation.PillowWriter'>
[[34m2025-04-28 11:57:33[0m] 
Epoch 1/50 |    2.5s
train loss:0.6946 | acc:0.4950
val   loss:0.6891 | acc:0.5300
[[34m2025-04-28 11:57:38[0m] 
Epoch 2/50 |    2.3s
train loss:0.6935 | acc:0.5150
val   loss:0.6956 | acc:0.4800
[[34m2025-04-28 11:57:40[0m] 
Epoch 3/50 |    2.4s
train loss:0.6967 | acc:0.5185
val   loss:0.7017 | acc:0.4500
[[34m2025-04-28 11:57:43[0m] 
Epoch 4/50 |    2.4s
train loss:0.6945 | acc:0.5080
val   loss:0.6888 | acc:0.5700
[[34m2025-04-28 11:57:45[0m] 
Epoch 5/50 |    2.4s
train loss:0.6925 | acc:0.5305
val   loss:0.6984 | acc:0.4300
[[34m2025-04-28 11:57:48[0m] 
Epoch 6/50 |    2.4s
train loss:0.6937 | acc:0.5200
val   loss:0.6930 | acc:0.4800
[[34m2025-04-28 11:57:52[0m] 
Epoch 7/50 |    2.4s
train loss:0.6799 | acc:0.5615
val   loss:0.6598 | acc:0.7000
[[34m2025-04-28 11:57:55[0m] 
Epoch 8/50 |    2.4s
train loss:0.6489 | acc:0.6930
val   loss:0.6159 | acc:0.7100
[[34m2025-04-28 11:57:57[0m] 
Epoch 9/50 |    2.4s
train loss:0.5830 | acc:0.7435
val   loss:0.5779 | acc:0.7300
[[34m2025-04-28 11:58:00[0m] 
Epoch 10/50 |    2.4s
train loss:0.5429 | acc:0.7430
val   loss:0.5422 | acc:0.6900
[[34m2025-04-28 11:58:03[0m] 
Epoch 11/50 |    2.4s
train loss:0.5027 | acc:0.7745
val   loss:0.5151 | acc:0.7500
[[34m2025-04-28 11:58:07[0m] 
Epoch 12/50 |    2.3s
train loss:0.4502 | acc:0.8025
val   loss:0.5238 | acc:0.7200
[[34m2025-04-28 11:58:09[0m] 
Epoch 13/50 |    2.4s
train loss:0.4462 | acc:0.7995
val   loss:0.5227 | acc:0.7200
[[34m2025-04-28 11:58:12[0m] 
Epoch 14/50 |    2.4s
train loss:0.4048 | acc:0.8235
val   loss:0.4279 | acc:0.7700
[[34m2025-04-28 11:58:14[0m] 
Epoch 15/50 |    2.4s
train loss:0.3708 | acc:0.8470
val   loss:0.3959 | acc:0.8300
[[34m2025-04-28 11:58:17[0m] 
Epoch 16/50 |    2.4s
train loss:0.3363 | acc:0.8720
val   loss:0.3920 | acc:0.8100
[[34m2025-04-28 11:58:21[0m] 
Epoch 17/50 |    2.4s
train loss:0.3201 | acc:0.8735
val   loss:0.3275 | acc:0.8800
[[34m2025-04-28 11:58:24[0m] 
Epoch 18/50 |    2.4s
train loss:0.2894 | acc:0.8985
val   loss:0.3785 | acc:0.8500
[[34m2025-04-28 11:58:27[0m] 
Epoch 19/50 |    2.4s
train loss:0.2739 | acc:0.9095
val   loss:0.2690 | acc:0.9000
[[34m2025-04-28 11:58:29[0m] 
Epoch 20/50 |    2.4s
train loss:0.2538 | acc:0.9095
val   loss:0.3015 | acc:0.8900
[[34m2025-04-28 11:58:32[0m] 
Epoch 21/50 |    2.4s
train loss:0.2323 | acc:0.9220
val   loss:0.3108 | acc:0.8700
[[34m2025-04-28 11:58:36[0m] 
Epoch 22/50 |    2.4s
train loss:0.2167 | acc:0.9295
val   loss:0.3202 | acc:0.8500
[[34m2025-04-28 11:58:39[0m] 
Epoch 23/50 |    2.4s
train loss:0.2105 | acc:0.9330
val   loss:0.2600 | acc:0.8900
[[34m2025-04-28 11:58:41[0m] 
Epoch 24/50 |    2.4s
train loss:0.1873 | acc:0.9360
val   loss:0.2765 | acc:0.8900
[[34m2025-04-28 11:58:44[0m] 
Epoch 25/50 |    2.4s
train loss:0.1953 | acc:0.9335
val   loss:0.2678 | acc:0.9000
[[34m2025-04-28 11:58:46[0m] 
New best model saved at epoch 26 with validation accuracy 0.9400
[[34m2025-04-28 11:58:46[0m] 
Epoch 26/50 |    2.4s
train loss:0.1787 | acc:0.9465
val   loss:0.2077 | acc:0.9400
[[34m2025-04-28 11:58:51[0m] 
Epoch 27/50 |    2.4s
train loss:0.1660 | acc:0.9515
val   loss:0.2661 | acc:0.9100
[[34m2025-04-28 11:58:53[0m] 
Epoch 28/50 |    2.4s
train loss:0.1629 | acc:0.9475
val   loss:0.2206 | acc:0.9000
[[34m2025-04-28 11:58:56[0m] 
Epoch 29/50 |    2.4s
train loss:0.1573 | acc:0.9550
val   loss:0.2513 | acc:0.9000
[[34m2025-04-28 11:58:58[0m] 
Epoch 30/50 |    2.4s
train loss:0.1500 | acc:0.9515
val   loss:0.2548 | acc:0.8900
[[34m2025-04-28 11:59:01[0m] 
Epoch 31/50 |    2.6s
train loss:0.1362 | acc:0.9615
val   loss:0.2130 | acc:0.9200
[[34m2025-04-28 11:59:06[0m] 
Epoch 32/50 |    2.5s
train loss:0.1368 | acc:0.9615
val   loss:0.2362 | acc:0.9000
[[34m2025-04-28 11:59:08[0m] 
Epoch 33/50 |    2.4s
train loss:0.1312 | acc:0.9615
val   loss:0.2330 | acc:0.9100
[[34m2025-04-28 11:59:11[0m] 
Epoch 34/50 |    2.4s
train loss:0.1319 | acc:0.9585
val   loss:0.2056 | acc:0.9100
[[34m2025-04-28 11:59:14[0m] 
Epoch 35/50 |    2.4s
train loss:0.1259 | acc:0.9620
val   loss:0.1801 | acc:0.9000
[[34m2025-04-28 11:59:16[0m] 
Epoch 36/50 |    2.4s
train loss:0.1241 | acc:0.9630
val   loss:0.2407 | acc:0.9100
[[34m2025-04-28 11:59:20[0m] 
Epoch 37/50 |    2.4s
train loss:0.1162 | acc:0.9650
val   loss:0.1740 | acc:0.9400
[[34m2025-04-28 11:59:23[0m] 
Epoch 38/50 |    2.4s
train loss:0.1140 | acc:0.9665
val   loss:0.2638 | acc:0.8900
[[34m2025-04-28 11:59:26[0m] 
Epoch 39/50 |    2.7s
train loss:0.1130 | acc:0.9705
val   loss:0.2295 | acc:0.8900
[[34m2025-04-28 11:59:29[0m] 
Epoch 40/50 |    2.9s
train loss:0.1195 | acc:0.9625
val   loss:0.1923 | acc:0.9200
[[34m2025-04-28 11:59:32[0m] 
Epoch 41/50 |    2.8s
train loss:0.1077 | acc:0.9730
val   loss:0.1844 | acc:0.9100
[[34m2025-04-28 11:59:37[0m] 
Epoch 42/50 |    2.8s
train loss:0.1098 | acc:0.9695
val   loss:0.1956 | acc:0.9400
[[34m2025-04-28 11:59:40[0m] 
Epoch 43/50 |    2.8s
train loss:0.1036 | acc:0.9720
val   loss:0.1928 | acc:0.9200
[[34m2025-04-28 11:59:43[0m] 
Epoch 44/50 |    2.7s
train loss:0.1096 | acc:0.9695
val   loss:0.1776 | acc:0.9300
[[34m2025-04-28 11:59:45[0m] 
Epoch 45/50 |    2.4s
train loss:0.1074 | acc:0.9710
val   loss:0.2282 | acc:0.8900
[[34m2025-04-28 11:59:48[0m] 
Epoch 46/50 |    2.4s
train loss:0.1123 | acc:0.9675
val   loss:0.1746 | acc:0.9400
[[34m2025-04-28 11:59:52[0m] 
Epoch 47/50 |    2.4s
train loss:0.0996 | acc:0.9745
val   loss:0.1842 | acc:0.9300
[[34m2025-04-28 11:59:55[0m] 
Epoch 48/50 |    2.4s
train loss:0.1099 | acc:0.9680
val   loss:0.1886 | acc:0.9300
[[34m2025-04-28 11:59:58[0m] 
New best model saved at epoch 49 with validation accuracy 0.9500
[[34m2025-04-28 11:59:58[0m] 
Epoch 49/50 |    2.4s
train loss:0.1121 | acc:0.9685
val   loss:0.1686 | acc:0.9500
[[34m2025-04-28 12:00:00[0m] 
Epoch 50/50 |    2.4s
train loss:0.0954 | acc:0.9775
val   loss:0.1869 | acc:0.9100
[[34m2025-04-28 12:00:03[0m] Animation.save using <class 'matplotlib.animation.PillowWriter'>
[[34m2025-04-28 12:01:29[0m] Animation.save using <class 'matplotlib.animation.PillowWriter'>
[[34m2025-04-28 12:02:09[0m] Animation.save using <class 'matplotlib.animation.PillowWriter'>
[[34m2025-04-28 12:03:26[0m] Animation.save using <class 'matplotlib.animation.PillowWriter'>
[[34m2025-04-28 12:04:05[0m] Animation.save using <class 'matplotlib.animation.PillowWriter'>
[[34m2025-04-28 12:04:18[0m] 
 S/D test loss=0.2198 | acc=0.9098
wandb: WARNING The `quiet` argument to `wandb.run.finish()` is deprecated, use `wandb.Settings(quiet=...)` to set this instead.
wandb:                                                                                
wandb: 
wandb: Run history:
wandb:           epoch ▁▁▁▁▂▂▂▂▂▃▃▃▃▃▃▄▄▄▄▄▅▅▅▅▅▆▆▆▆▆▆▇▇▇▇▇▇███
wandb:        test/acc ▁
wandb:  test/batch_acc ▁
wandb: test/batch_loss ▁
wandb:       test/loss ▁
wandb:       train/acc ▁▁▁▁▂▂▄▅▅▅▅▆▆▇▇▇▇▇▇▇▇███████████████████
wandb:      train/loss ██████▇▇▆▆▅▅▄▄▄▃▃▃▂▂▂▂▂▂▂▁▁▁▁▁▁▁▁▁▁▁▁▁▁▁
wandb:         val/acc ▂▂▁▃▁▅▅▅▅▅▅▆▆▆▇▇▇▇▇▇▇█▇▇▇▇██▇█▇▇███▇████
wandb:        val/loss █████▇▇▆▆▆▆▄▄▄▃▂▃▃▃▂▂▁▂▂▂▂▂▂▁▁▁▂▂▁▁▂▁▁▁▁
wandb: 
wandb: Run summary:
wandb:           epoch 49
wandb:        test/acc 0.9098
wandb:  test/batch_acc 0.85938
wandb: test/batch_loss 0.30737
wandb:       test/loss 0.21981
wandb:       train/acc 0.9775
wandb:      train/loss 0.09544
wandb:         val/acc 0.91
wandb:        val/loss 0.18692
wandb: 
wandb: 🚀 View run KTTF_g50_s42 at: https://wandb.ai/elder-veliz-yale-university/kuramoto-relational-model/runs/e95rog8u
wandb: ⭐️ View project at: https://wandb.ai/elder-veliz-yale-university/kuramoto-relational-model
wandb: Synced 5 W&B file(s), 141 media file(s), 0 artifact file(s) and 0 other file(s)
wandb: Find logs at: ./wandb/run-20250428_115343-e95rog8u/logs
