Detected kernel version 4.18.0, which is below the recommended minimum of 5.5.0; this can cause the process to hang. It is recommended to upgrade the kernel to the minimum version or higher.
[[34m2025-04-28 11:50:14[0m] Experiment directory created at runs/KTTF_g50_s123
[[34m2025-04-28 11:50:14[0m] Generating training/validation datasets...
[[34m2025-04-28 11:50:14[0m] range(0, 50)
[[34m2025-04-28 11:50:14[0m] Generating test dataset (OOD)...
[[34m2025-04-28 11:50:14[0m] range(50, 100)
wandb: Using wandb-core as the SDK backend.  Please refer to https://wandb.me/wandb-core for more information.
wandb: Currently logged in as: elder-veliz (elder-veliz-yale-university) to https://api.wandb.ai. Use `wandb login --relogin` to force relogin
wandb: Tracking run with wandb version 0.19.9
wandb: Run data is saved locally in /vast/palmer/home.grace/sds685_egv6/SNDS492/FINAL/wandb/run-20250428_115015-wkirgzv3
wandb: Run `wandb offline` to turn off syncing.
wandb: Syncing run KTTF_g50_s123
wandb: ⭐️ View project at https://wandb.ai/elder-veliz-yale-university/kuramoto-relational-model
wandb: 🚀 View run at https://wandb.ai/elder-veliz-yale-university/kuramoto-relational-model/runs/wkirgzv3
[[34m2025-04-28 11:50:15[0m] Initializing model and optimizer...
[[34m2025-04-28 11:50:16[0m] Total trainable parameters: 48273
[[34m2025-04-28 11:50:16[0m] Start training for 50 epochs
[[34m2025-04-28 11:50:19[0m] Animation.save using <class 'matplotlib.animation.PillowWriter'>
[[34m2025-04-28 11:51:12[0m] Animation.save using <class 'matplotlib.animation.PillowWriter'>
[[34m2025-04-28 11:51:43[0m] Animation.save using <class 'matplotlib.animation.PillowWriter'>
[[34m2025-04-28 11:52:38[0m] Animation.save using <class 'matplotlib.animation.PillowWriter'>
[[34m2025-04-28 11:53:08[0m] 
Epoch 1/50 |    2.0s
train loss:0.6994 | acc:0.5035
val   loss:0.6993 | acc:0.5000
[[34m2025-04-28 11:53:12[0m] 
Epoch 2/50 |    1.8s
train loss:0.6935 | acc:0.5265
val   loss:0.6922 | acc:0.5900
[[34m2025-04-28 11:53:14[0m] 
Epoch 3/50 |    1.8s
train loss:0.6848 | acc:0.5660
val   loss:0.6657 | acc:0.6200
[[34m2025-04-28 11:53:16[0m] 
Epoch 4/50 |    1.9s
train loss:0.6672 | acc:0.6145
val   loss:0.6527 | acc:0.6000
[[34m2025-04-28 11:53:18[0m] 
Epoch 5/50 |    1.8s
train loss:0.6327 | acc:0.6695
val   loss:0.5958 | acc:0.6800
[[34m2025-04-28 11:53:20[0m] 
Epoch 6/50 |    1.8s
train loss:0.6213 | acc:0.6630
val   loss:0.6572 | acc:0.5900
[[34m2025-04-28 11:53:23[0m] 
Epoch 7/50 |    1.9s
train loss:0.6149 | acc:0.6650
val   loss:0.6323 | acc:0.5800
[[34m2025-04-28 11:53:25[0m] 
Epoch 8/50 |    1.8s
train loss:0.5830 | acc:0.6940
val   loss:0.6092 | acc:0.6300
[[34m2025-04-28 11:53:27[0m] 
Epoch 9/50 |    1.8s
train loss:0.5868 | acc:0.6880
val   loss:0.5920 | acc:0.6800
[[34m2025-04-28 11:53:29[0m] 
Epoch 10/50 |    1.8s
train loss:0.5730 | acc:0.7005
val   loss:0.5813 | acc:0.6700
[[34m2025-04-28 11:53:31[0m] 
Epoch 11/50 |    1.8s
train loss:0.5459 | acc:0.7255
val   loss:0.5878 | acc:0.6600
[[34m2025-04-28 11:53:34[0m] 
Epoch 12/50 |    1.8s
train loss:0.5241 | acc:0.7340
val   loss:0.5228 | acc:0.7500
[[34m2025-04-28 11:53:36[0m] 
Epoch 13/50 |    1.8s
train loss:0.5042 | acc:0.7540
val   loss:0.5702 | acc:0.7000
[[34m2025-04-28 11:53:38[0m] 
Epoch 14/50 |    1.8s
train loss:0.5096 | acc:0.7475
val   loss:0.5313 | acc:0.7200
[[34m2025-04-28 11:53:40[0m] 
Epoch 15/50 |    1.8s
train loss:0.4899 | acc:0.7615
val   loss:0.4726 | acc:0.7700
[[34m2025-04-28 11:53:42[0m] 
Epoch 16/50 |    1.8s
train loss:0.4661 | acc:0.7795
val   loss:0.5054 | acc:0.7700
[[34m2025-04-28 11:53:46[0m] 
Epoch 17/50 |    1.8s
train loss:0.4360 | acc:0.7950
val   loss:0.3926 | acc:0.8300
[[34m2025-04-28 11:53:48[0m] 
Epoch 18/50 |    1.8s
train loss:0.4049 | acc:0.8230
val   loss:0.3735 | acc:0.8500
[[34m2025-04-28 11:53:50[0m] 
Epoch 19/50 |    1.8s
train loss:0.3968 | acc:0.8315
val   loss:0.3977 | acc:0.8400
[[34m2025-04-28 11:53:52[0m] 
Epoch 20/50 |    1.8s
train loss:0.3947 | acc:0.8365
val   loss:0.4059 | acc:0.8200
[[34m2025-04-28 11:53:54[0m] 
Epoch 21/50 |    1.8s
train loss:0.3623 | acc:0.8480
val   loss:0.3420 | acc:0.8900
[[34m2025-04-28 11:53:57[0m] 
Epoch 22/50 |    1.8s
train loss:0.3471 | acc:0.8655
val   loss:0.3158 | acc:0.8500
[[34m2025-04-28 11:53:59[0m] 
Epoch 23/50 |    1.8s
train loss:0.3252 | acc:0.8705
val   loss:0.3011 | acc:0.8700
[[34m2025-04-28 11:54:01[0m] 
Epoch 24/50 |    1.8s
train loss:0.3421 | acc:0.8615
val   loss:0.2574 | acc:0.9100
[[34m2025-04-28 11:54:03[0m] 
Epoch 25/50 |    1.8s
train loss:0.3110 | acc:0.8810
val   loss:0.3024 | acc:0.8900
[[34m2025-04-28 11:54:05[0m] 
New best model saved at epoch 26 with validation accuracy 0.8800
[[34m2025-04-28 11:54:05[0m] 
Epoch 26/50 |    1.8s
train loss:0.2953 | acc:0.8890
val   loss:0.3033 | acc:0.8800
[[34m2025-04-28 11:54:08[0m] 
New best model saved at epoch 27 with validation accuracy 0.9100
[[34m2025-04-28 11:54:08[0m] 
Epoch 27/50 |    1.8s
train loss:0.2804 | acc:0.8945
val   loss:0.2590 | acc:0.9100
[[34m2025-04-28 11:54:10[0m] 
Epoch 28/50 |    1.8s
train loss:0.2660 | acc:0.9045
val   loss:0.2796 | acc:0.9100
[[34m2025-04-28 11:54:12[0m] 
New best model saved at epoch 29 with validation accuracy 0.9200
[[34m2025-04-28 11:54:12[0m] 
Epoch 29/50 |    1.8s
train loss:0.2591 | acc:0.9045
val   loss:0.2406 | acc:0.9200
[[34m2025-04-28 11:54:14[0m] 
Epoch 30/50 |    1.8s
train loss:0.2538 | acc:0.9050
val   loss:0.3082 | acc:0.8700
[[34m2025-04-28 11:54:16[0m] 
Epoch 31/50 |    1.8s
train loss:0.2514 | acc:0.9090
val   loss:0.2433 | acc:0.8800
[[34m2025-04-28 11:54:20[0m] 
Epoch 32/50 |    1.8s
train loss:0.2420 | acc:0.9105
val   loss:0.2470 | acc:0.8800
[[34m2025-04-28 11:54:22[0m] 
Epoch 33/50 |    1.8s
train loss:0.2260 | acc:0.9240
val   loss:0.2300 | acc:0.8900
[[34m2025-04-28 11:54:24[0m] 
Epoch 34/50 |    1.8s
train loss:0.2218 | acc:0.9195
val   loss:0.2055 | acc:0.9100
[[34m2025-04-28 11:54:26[0m] 
Epoch 35/50 |    1.8s
train loss:0.2201 | acc:0.9225
val   loss:0.2066 | acc:0.9100
[[34m2025-04-28 11:54:28[0m] 
New best model saved at epoch 36 with validation accuracy 0.9300
[[34m2025-04-28 11:54:28[0m] 
Epoch 36/50 |    1.8s
train loss:0.2177 | acc:0.9190
val   loss:0.2278 | acc:0.9300
[[34m2025-04-28 11:54:31[0m] 
New best model saved at epoch 37 with validation accuracy 0.9400
[[34m2025-04-28 11:54:31[0m] 
Epoch 37/50 |    1.8s
train loss:0.2105 | acc:0.9255
val   loss:0.2023 | acc:0.9400
[[34m2025-04-28 11:54:33[0m] 
Epoch 38/50 |    1.8s
train loss:0.2083 | acc:0.9195
val   loss:0.2030 | acc:0.9400
[[34m2025-04-28 11:54:35[0m] 
Epoch 39/50 |    1.8s
train loss:0.2116 | acc:0.9310
val   loss:0.2025 | acc:0.9300
[[34m2025-04-28 11:54:37[0m] 
Epoch 40/50 |    1.8s
train loss:0.2000 | acc:0.9350
val   loss:0.2173 | acc:0.9300
[[34m2025-04-28 11:54:39[0m] 
Epoch 41/50 |    1.8s
train loss:0.2113 | acc:0.9260
val   loss:0.2034 | acc:0.9300
[[34m2025-04-28 11:54:42[0m] 
Epoch 42/50 |    1.8s
train loss:0.2069 | acc:0.9240
val   loss:0.2186 | acc:0.9000
[[34m2025-04-28 11:54:44[0m] 
Epoch 43/50 |    1.8s
train loss:0.2051 | acc:0.9275
val   loss:0.2149 | acc:0.9300
[[34m2025-04-28 11:54:46[0m] 
Epoch 44/50 |    1.8s
train loss:0.1973 | acc:0.9315
val   loss:0.1985 | acc:0.9000
[[34m2025-04-28 11:54:49[0m] 
Epoch 45/50 |    1.8s
train loss:0.1929 | acc:0.9375
val   loss:0.1924 | acc:0.9400
[[34m2025-04-28 11:54:51[0m] 
Epoch 46/50 |    1.8s
train loss:0.2017 | acc:0.9310
val   loss:0.2069 | acc:0.9200
[[34m2025-04-28 11:54:54[0m] 
Epoch 47/50 |    1.8s
train loss:0.2033 | acc:0.9290
val   loss:0.2089 | acc:0.9200
[[34m2025-04-28 11:54:56[0m] 
Epoch 48/50 |    1.8s
train loss:0.1916 | acc:0.9350
val   loss:0.2397 | acc:0.9200
[[34m2025-04-28 11:54:58[0m] 
Epoch 49/50 |    1.8s
train loss:0.2025 | acc:0.9305
val   loss:0.1859 | acc:0.9400
[[34m2025-04-28 11:55:00[0m] 
Epoch 50/50 |    1.8s
train loss:0.1976 | acc:0.9320
val   loss:0.2221 | acc:0.9400
[[34m2025-04-28 11:55:02[0m] Animation.save using <class 'matplotlib.animation.PillowWriter'>
[[34m2025-04-28 11:56:02[0m] Animation.save using <class 'matplotlib.animation.PillowWriter'>
[[34m2025-04-28 11:56:31[0m] Animation.save using <class 'matplotlib.animation.PillowWriter'>
[[34m2025-04-28 11:57:31[0m] Animation.save using <class 'matplotlib.animation.PillowWriter'>
[[34m2025-04-28 11:58:01[0m] Animation.save using <class 'matplotlib.animation.PillowWriter'>
[[34m2025-04-28 11:58:11[0m] 
 S/D test loss=0.3351 | acc=0.8654
wandb: WARNING The `quiet` argument to `wandb.run.finish()` is deprecated, use `wandb.Settings(quiet=...)` to set this instead.
wandb:                                                                                
wandb: 
wandb: Run history:
wandb:           epoch ▁▁▁▁▂▂▂▂▂▂▃▃▃▃▃▄▄▄▄▄▅▅▅▅▅▅▆▆▆▆▆▆▇▇▇▇▇███
wandb:        test/acc ▁
wandb:  test/batch_acc ▁
wandb: test/batch_loss ▁
wandb:       test/loss ▁
wandb:       train/acc ▁▁▂▃▄▄▄▄▅▅▅▅▅▆▆▆▇▇▇▇▇▇▇▇▇███████████████
wandb:      train/loss ███▇▇▆▇▆▆▆▅▅▅▄▄▄▃▃▃▃▂▂▂▂▂▁▁▁▁▁▁▁▁▁▁▁▁▁▁▁
wandb:         val/acc ▁▂▃▃▄▂▃▄▄▄▄▅▅▅▆▆▆▇▇▇▇███▇▇▇███████▇▇████
wandb:        val/loss ███▇▇▇▇▆▆▆▆▅▅▄▄▄▃▃▃▂▃▂▂▂▃▂▂▁▁▁▁▁▁▁▁▁▁▁▂▁
wandb: 
wandb: Run summary:
wandb:           epoch 49
wandb:        test/acc 0.8654
wandb:  test/batch_acc 0.84375
wandb: test/batch_loss 0.38732
wandb:       test/loss 0.33509
wandb:       train/acc 0.932
wandb:      train/loss 0.19758
wandb:         val/acc 0.94
wandb:        val/loss 0.22209
wandb: 
wandb: 🚀 View run KTTF_g50_s123 at: https://wandb.ai/elder-veliz-yale-university/kuramoto-relational-model/runs/wkirgzv3
wandb: ⭐️ View project at: https://wandb.ai/elder-veliz-yale-university/kuramoto-relational-model
wandb: Synced 5 W&B file(s), 141 media file(s), 0 artifact file(s) and 0 other file(s)
wandb: Find logs at: ./wandb/run-20250428_115015-wkirgzv3/logs
